Compiling the C compiler identification source file "CMakeCCompilerId.c" failed.
Compiler: /opt/local/bin/x86_64-w64-mingw32-gcc 
Build flags: 
Id flags:  

The output was:
4
dyld[1723]: Library not loaded: /opt/local/lib/libisl.22.dylib
  Referenced from: <757400F4-3CC8-3ABF-94AE-AF3BF3A0DAE7> /opt/local/libexec/gcc/x86_64-w64-mingw32/9.3.0/cc1
  Reason: tried: '/opt/local/lib/libisl.22.dylib' (no such file), '/System/Volumes/Preboot/Cryptexes/OS/opt/local/lib/libisl.22.dylib' (no such file), '/opt/local/lib/libisl.22.dylib' (no such file), '/usr/local/lib/libisl.22.dylib' (no such file), '/usr/lib/libisl.22.dylib' (no such file, not in dyld cache)
x86_64-w64-mingw32-gcc: internal compiler error: Abort trap: 6 signal terminated program cc1
Please submit a full bug report,
with preprocessed source if appropriate.
See <https://gcc.gnu.org/bugs/> for instructions.


Compiling the C compiler identification source file "CMakeCCompilerId.c" failed.
Compiler: /opt/local/bin/x86_64-w64-mingw32-gcc 
Build flags: 
Id flags: -c 

The output was:
4
dyld[1725]: Library not loaded: /opt/local/lib/libisl.22.dylib
  Referenced from: <757400F4-3CC8-3ABF-94AE-AF3BF3A0DAE7> /opt/local/libexec/gcc/x86_64-w64-mingw32/9.3.0/cc1
  Reason: tried: '/opt/local/lib/libisl.22.dylib' (no such file), '/System/Volumes/Preboot/Cryptexes/OS/opt/local/lib/libisl.22.dylib' (no such file), '/opt/local/lib/libisl.22.dylib' (no such file), '/usr/local/lib/libisl.22.dylib' (no such file), '/usr/lib/libisl.22.dylib' (no such file, not in dyld cache)
x86_64-w64-mingw32-gcc: internal compiler error: Abort trap: 6 signal terminated program cc1
Please submit a full bug report,
with preprocessed source if appropriate.
See <https://gcc.gnu.org/bugs/> for instructions.


Compiling the C compiler identification source file "CMakeCCompilerId.c" failed.
Compiler: /opt/local/bin/x86_64-w64-mingw32-gcc 
Build flags: 
Id flags: -Aa 

The output was:
4
dyld[1727]: Library not loaded: /opt/local/lib/libisl.22.dylib
  Referenced from: <757400F4-3CC8-3ABF-94AE-AF3BF3A0DAE7> /opt/local/libexec/gcc/x86_64-w64-mingw32/9.3.0/cc1
  Reason: tried: '/opt/local/lib/libisl.22.dylib' (no such file), '/System/Volumes/Preboot/Cryptexes/OS/opt/local/lib/libisl.22.dylib' (no such file), '/opt/local/lib/libisl.22.dylib' (no such file), '/usr/local/lib/libisl.22.dylib' (no such file), '/usr/lib/libisl.22.dylib' (no such file, not in dyld cache)
x86_64-w64-mingw32-gcc: internal compiler error: Abort trap: 6 signal terminated program cc1
Please submit a full bug report,
with preprocessed source if appropriate.
See <https://gcc.gnu.org/bugs/> for instructions.


Compiling the C compiler identification source file "CMakeCCompilerId.c" failed.
Compiler: /opt/local/bin/x86_64-w64-mingw32-gcc 
Build flags: 
Id flags: -D__CLASSIC_C__ 

The output was:
4
dyld[1729]: Library not loaded: /opt/local/lib/libisl.22.dylib
  Referenced from: <757400F4-3CC8-3ABF-94AE-AF3BF3A0DAE7> /opt/local/libexec/gcc/x86_64-w64-mingw32/9.3.0/cc1
  Reason: tried: '/opt/local/lib/libisl.22.dylib' (no such file), '/System/Volumes/Preboot/Cryptexes/OS/opt/local/lib/libisl.22.dylib' (no such file), '/opt/local/lib/libisl.22.dylib' (no such file), '/usr/local/lib/libisl.22.dylib' (no such file), '/usr/lib/libisl.22.dylib' (no such file, not in dyld cache)
x86_64-w64-mingw32-gcc: internal compiler error: Abort trap: 6 signal terminated program cc1
Please submit a full bug report,
with preprocessed source if appropriate.
See <https://gcc.gnu.org/bugs/> for instructions.


Compiling the C compiler identification source file "CMakeCCompilerId.c" failed.
Compiler: /opt/local/bin/x86_64-w64-mingw32-gcc 
Build flags: 
Id flags: --target=arm-arm-none-eabi;-mcpu=cortex-m3 

The output was:
1
x86_64-w64-mingw32-gcc: warning: ‘-mcpu=’ is deprecated; use ‘-mtune=’ or ‘-march=’ instead
x86_64-w64-mingw32-gcc: error: unrecognized command line option ‘--target=arm-arm-none-eabi’


Compiling the C compiler identification source file "CMakeCCompilerId.c" failed.
Compiler: /opt/local/bin/x86_64-w64-mingw32-gcc 
Build flags: 
Id flags:  

The output was:
4
dyld[1733]: Library not loaded: /opt/local/lib/libisl.22.dylib
  Referenced from: <757400F4-3CC8-3ABF-94AE-AF3BF3A0DAE7> /opt/local/libexec/gcc/x86_64-w64-mingw32/9.3.0/cc1
  Reason: tried: '/opt/local/lib/libisl.22.dylib' (no such file), '/System/Volumes/Preboot/Cryptexes/OS/opt/local/lib/libisl.22.dylib' (no such file), '/opt/local/lib/libisl.22.dylib' (no such file), '/usr/local/lib/libisl.22.dylib' (no such file), '/usr/lib/libisl.22.dylib' (no such file, not in dyld cache)
x86_64-w64-mingw32-gcc: internal compiler error: Abort trap: 6 signal terminated program cc1
Please submit a full bug report,
with preprocessed source if appropriate.
See <https://gcc.gnu.org/bugs/> for instructions.


Compiling the C compiler identification source file "CMakeCCompilerId.c" failed.
Compiler: /opt/local/bin/x86_64-w64-mingw32-gcc 
Build flags: 
Id flags: -c 

The output was:
4
dyld[1735]: Library not loaded: /opt/local/lib/libisl.22.dylib
  Referenced from: <757400F4-3CC8-3ABF-94AE-AF3BF3A0DAE7> /opt/local/libexec/gcc/x86_64-w64-mingw32/9.3.0/cc1
  Reason: tried: '/opt/local/lib/libisl.22.dylib' (no such file), '/System/Volumes/Preboot/Cryptexes/OS/opt/local/lib/libisl.22.dylib' (no such file), '/opt/local/lib/libisl.22.dylib' (no such file), '/usr/local/lib/libisl.22.dylib' (no such file), '/usr/lib/libisl.22.dylib' (no such file, not in dyld cache)
x86_64-w64-mingw32-gcc: internal compiler error: Abort trap: 6 signal terminated program cc1
Please submit a full bug report,
with preprocessed source if appropriate.
See <https://gcc.gnu.org/bugs/> for instructions.


Compiling the C compiler identification source file "CMakeCCompilerId.c" failed.
Compiler: /opt/local/bin/x86_64-w64-mingw32-gcc 
Build flags: 
Id flags: -Aa 

The output was:
4
dyld[1737]: Library not loaded: /opt/local/lib/libisl.22.dylib
  Referenced from: <757400F4-3CC8-3ABF-94AE-AF3BF3A0DAE7> /opt/local/libexec/gcc/x86_64-w64-mingw32/9.3.0/cc1
  Reason: tried: '/opt/local/lib/libisl.22.dylib' (no such file), '/System/Volumes/Preboot/Cryptexes/OS/opt/local/lib/libisl.22.dylib' (no such file), '/opt/local/lib/libisl.22.dylib' (no such file), '/usr/local/lib/libisl.22.dylib' (no such file), '/usr/lib/libisl.22.dylib' (no such file, not in dyld cache)
x86_64-w64-mingw32-gcc: internal compiler error: Abort trap: 6 signal terminated program cc1
Please submit a full bug report,
with preprocessed source if appropriate.
See <https://gcc.gnu.org/bugs/> for instructions.


Compiling the C compiler identification source file "CMakeCCompilerId.c" failed.
Compiler: /opt/local/bin/x86_64-w64-mingw32-gcc 
Build flags: 
Id flags: -D__CLASSIC_C__ 

The output was:
4
dyld[1739]: Library not loaded: /opt/local/lib/libisl.22.dylib
  Referenced from: <757400F4-3CC8-3ABF-94AE-AF3BF3A0DAE7> /opt/local/libexec/gcc/x86_64-w64-mingw32/9.3.0/cc1
  Reason: tried: '/opt/local/lib/libisl.22.dylib' (no such file), '/System/Volumes/Preboot/Cryptexes/OS/opt/local/lib/libisl.22.dylib' (no such file), '/opt/local/lib/libisl.22.dylib' (no such file), '/usr/local/lib/libisl.22.dylib' (no such file), '/usr/lib/libisl.22.dylib' (no such file, not in dyld cache)
x86_64-w64-mingw32-gcc: internal compiler error: Abort trap: 6 signal terminated program cc1
Please submit a full bug report,
with preprocessed source if appropriate.
See <https://gcc.gnu.org/bugs/> for instructions.


Compiling the C compiler identification source file "CMakeCCompilerId.c" failed.
Compiler: /opt/local/bin/x86_64-w64-mingw32-gcc 
Build flags: 
Id flags: --target=arm-arm-none-eabi;-mcpu=cortex-m3 

The output was:
1
x86_64-w64-mingw32-gcc: warning: ‘-mcpu=’ is deprecated; use ‘-mtune=’ or ‘-march=’ instead
x86_64-w64-mingw32-gcc: error: unrecognized command line option ‘--target=arm-arm-none-eabi’


Checking whether the C compiler is IAR using "" did not match "IAR .+ Compiler":
x86_64-w64-mingw32-gcc: fatal error: no input files
compilation terminated.
Checking whether the C compiler is IAR using "" did not match "IAR .+ Compiler":
x86_64-w64-mingw32-gcc: fatal error: no input files
compilation terminated.
Determining if the C compiler works failed with the following output:
Change Dir: /Volumes/EXPORT/local/works/doublegsoft.net/gim/03.Development/gim/cmake-build-debug/CMakeFiles/CMakeTmp

Run Build Command(s):/usr/bin/make cmTC_ab9e0/fast && /Applications/Xcode.app/Contents/Developer/usr/bin/make -f CMakeFiles/cmTC_ab9e0.dir/build.make CMakeFiles/cmTC_ab9e0.dir/build
Building C object CMakeFiles/cmTC_ab9e0.dir/testCCompiler.c.o
/opt/local/bin/x86_64-w64-mingw32-gcc    -o CMakeFiles/cmTC_ab9e0.dir/testCCompiler.c.o   -c /Volumes/EXPORT/local/works/doublegsoft.net/gim/03.Development/gim/cmake-build-debug/CMakeFiles/CMakeTmp/testCCompiler.c
dyld[1758]: Library not loaded: /opt/local/lib/libisl.22.dylib
  Referenced from: <757400F4-3CC8-3ABF-94AE-AF3BF3A0DAE7> /opt/local/libexec/gcc/x86_64-w64-mingw32/9.3.0/cc1
  Reason: tried: '/opt/local/lib/libisl.22.dylib' (no such file), '/System/Volumes/Preboot/Cryptexes/OS/opt/local/lib/libisl.22.dylib' (no such file), '/opt/local/lib/libisl.22.dylib' (no such file), '/usr/local/lib/libisl.22.dylib' (no such file), '/usr/lib/libisl.22.dylib' (no such file, not in dyld cache)
x86_64-w64-mingw32-gcc: internal compiler error: Abort trap: 6 signal terminated program cc1
Please submit a full bug report,
with preprocessed source if appropriate.
See <https://gcc.gnu.org/bugs/> for instructions.
make[1]: *** [CMakeFiles/cmTC_ab9e0.dir/testCCompiler.c.o] Error 4
make: *** [cmTC_ab9e0/fast] Error 2



Detecting C compiler ABI info failed to compile with the following output:
Change Dir: /Volumes/EXPORT/local/works/doublegsoft.net/gim/03.Development/gim/cmake-build-debug/CMakeFiles/CMakeTmp

Run Build Command(s):/usr/bin/make cmTC_5ff1c/fast && /Applications/Xcode.app/Contents/Developer/usr/bin/make -f CMakeFiles/cmTC_5ff1c.dir/build.make CMakeFiles/cmTC_5ff1c.dir/build
Building C object CMakeFiles/cmTC_5ff1c.dir/CMakeCCompilerABI.c.o
/opt/local/bin/x86_64-w64-mingw32-gcc   -v -Wl,-v -o CMakeFiles/cmTC_5ff1c.dir/CMakeCCompilerABI.c.o   -c /Applications/CLion.app/Contents/bin/cmake/mac/share/cmake-3.16/Modules/CMakeCCompilerABI.c
Using built-in specs.
COLLECT_GCC=/opt/local/bin/x86_64-w64-mingw32-gcc
Target: x86_64-w64-mingw32
Configured with: /opt/local/var/macports/build/_opt_bblocal_var_buildworker_ports_build_ports_cross_x86_64-w64-mingw32-gcc/x86_64-w64-mingw32-gcc/work/gcc-9.3.0/configure --prefix=/opt/local --target=x86_64-w64-mingw32 --infodir=/opt/local/share/info --mandir=/opt/local/share/man --datarootdir=/opt/local/share/x86_64-w64-mingw32-gcc --with-system-zlib --with-gmp=/opt/local --with-mpfr=/opt/local --with-mpc=/opt/local --enable-stage1-checking --disable-multilib --disable-libcc1 --enable-shared --with-dwarf --enable-fully-dynamic-string --enable-libssp --enable-lto --enable-threads=posix --enable-libgomp --enable-languages='c c++ fortran objc obj-c++'
Thread model: posix
gcc version 9.3.0 (GCC) 
COLLECT_GCC_OPTIONS='-v' '-o' 'CMakeFiles/cmTC_5ff1c.dir/CMakeCCompilerABI.c.o' '-c' '-mtune=generic' '-march=x86-64'
 /opt/local/libexec/gcc/x86_64-w64-mingw32/9.3.0/cc1 -quiet -v -D_REENTRANT /Applications/CLion.app/Contents/bin/cmake/mac/share/cmake-3.16/Modules/CMakeCCompilerABI.c -quiet -dumpbase CMakeCCompilerABI.c -mtune=generic -march=x86-64 -auxbase-strip CMakeFiles/cmTC_5ff1c.dir/CMakeCCompilerABI.c.o -version -o /var/folders/ct/_z37zh5d5tndh_njq8rq2bpm0000gn/T//ccV2zhwT.s
GNU C17 (GCC) version 9.3.0 (x86_64-w64-mingw32)
	compiled by GNU C version 4.2.1 Compatible Apple LLVM 11.0.3 (clang-1103.0.32.59), GMP version 6.2.0, MPFR version 4.0.2, MPC version 1.1.0, isl version isl-0.24-GMP

warning: GMP header version 6.2.0 differs from library version 6.2.1.
warning: MPFR header version 4.0.2 differs from library version 4.2.0.
warning: MPC header version 1.1.0 differs from library version 1.3.1.
GGC heuristics: --param ggc-min-expand=100 --param ggc-min-heapsize=131072
ignoring nonexistent directory "/opt/local/lib/gcc/x86_64-w64-mingw32/9.3.0/../../../../x86_64-w64-mingw32/sys-include"
#include "..." search starts here:
#include <...> search starts here:
 /opt/local/lib/gcc/x86_64-w64-mingw32/9.3.0/include
 /opt/local/lib/gcc/x86_64-w64-mingw32/9.3.0/include-fixed
 /opt/local/lib/gcc/x86_64-w64-mingw32/9.3.0/../../../../x86_64-w64-mingw32/include
End of search list.
GNU C17 (GCC) version 9.3.0 (x86_64-w64-mingw32)
	compiled by GNU C version 4.2.1 Compatible Apple LLVM 11.0.3 (clang-1103.0.32.59), GMP version 6.2.0, MPFR version 4.0.2, MPC version 1.1.0, isl version isl-0.24-GMP

warning: GMP header version 6.2.0 differs from library version 6.2.1.
warning: MPFR header version 4.0.2 differs from library version 4.2.0.
warning: MPC header version 1.1.0 differs from library version 1.3.1.
GGC heuristics: --param ggc-min-expand=100 --param ggc-min-heapsize=131072
Compiler executable checksum: af3a6d6a9a987824151c52b0360c45fa
COLLECT_GCC_OPTIONS='-v' '-o' 'CMakeFiles/cmTC_5ff1c.dir/CMakeCCompilerABI.c.o' '-c' '-mtune=generic' '-march=x86-64'
 /opt/local/lib/gcc/x86_64-w64-mingw32/9.3.0/../../../../x86_64-w64-mingw32/bin/as -v -o CMakeFiles/cmTC_5ff1c.dir/CMakeCCompilerABI.c.o /var/folders/ct/_z37zh5d5tndh_njq8rq2bpm0000gn/T//ccV2zhwT.s
GNU assembler version 2.34 (x86_64-w64-mingw32) using BFD version (GNU Binutils) 2.34
COMPILER_PATH=/opt/local/libexec/gcc/x86_64-w64-mingw32/9.3.0/:/opt/local/libexec/gcc/x86_64-w64-mingw32/9.3.0/:/opt/local/libexec/gcc/x86_64-w64-mingw32/:/opt/local/lib/gcc/x86_64-w64-mingw32/9.3.0/:/opt/local/lib/gcc/x86_64-w64-mingw32/:/opt/local/lib/gcc/x86_64-w64-mingw32/9.3.0/../../../../x86_64-w64-mingw32/bin/
LIBRARY_PATH=/opt/local/lib/gcc/x86_64-w64-mingw32/9.3.0/:/opt/local/lib/gcc/x86_64-w64-mingw32/9.3.0/../../../../x86_64-w64-mingw32/lib/../lib/:/opt/local/lib/gcc/x86_64-w64-mingw32/9.3.0/../../../../x86_64-w64-mingw32/lib/
COLLECT_GCC_OPTIONS='-v' '-o' 'CMakeFiles/cmTC_5ff1c.dir/CMakeCCompilerABI.c.o' '-c' '-mtune=generic' '-march=x86-64'
Linking C executable cmTC_5ff1c
/Applications/CLion.app/Contents/bin/cmake/mac/bin/cmake -E cmake_link_script CMakeFiles/cmTC_5ff1c.dir/link.txt --verbose=1
/opt/local/bin/x86_64-w64-mingw32-gcc   -Wl,-search_paths_first -Wl,-headerpad_max_install_names  -v -Wl,-v CMakeFiles/cmTC_5ff1c.dir/CMakeCCompilerABI.c.o  -o cmTC_5ff1c 
Using built-in specs.
COLLECT_GCC=/opt/local/bin/x86_64-w64-mingw32-gcc
COLLECT_LTO_WRAPPER=/opt/local/libexec/gcc/x86_64-w64-mingw32/9.3.0/lto-wrapper
Target: x86_64-w64-mingw32
Configured with: /opt/local/var/macports/build/_opt_bblocal_var_buildworker_ports_build_ports_cross_x86_64-w64-mingw32-gcc/x86_64-w64-mingw32-gcc/work/gcc-9.3.0/configure --prefix=/opt/local --target=x86_64-w64-mingw32 --infodir=/opt/local/share/info --mandir=/opt/local/share/man --datarootdir=/opt/local/share/x86_64-w64-mingw32-gcc --with-system-zlib --with-gmp=/opt/local --with-mpfr=/opt/local --with-mpc=/opt/local --enable-stage1-checking --disable-multilib --disable-libcc1 --enable-shared --with-dwarf --enable-fully-dynamic-string --enable-libssp --enable-lto --enable-threads=posix --enable-libgomp --enable-languages='c c++ fortran objc obj-c++'
Thread model: posix
gcc version 9.3.0 (GCC) 
COMPILER_PATH=/opt/local/libexec/gcc/x86_64-w64-mingw32/9.3.0/:/opt/local/libexec/gcc/x86_64-w64-mingw32/9.3.0/:/opt/local/libexec/gcc/x86_64-w64-mingw32/:/opt/local/lib/gcc/x86_64-w64-mingw32/9.3.0/:/opt/local/lib/gcc/x86_64-w64-mingw32/:/opt/local/lib/gcc/x86_64-w64-mingw32/9.3.0/../../../../x86_64-w64-mingw32/bin/
LIBRARY_PATH=/opt/local/lib/gcc/x86_64-w64-mingw32/9.3.0/:/opt/local/lib/gcc/x86_64-w64-mingw32/9.3.0/../../../../x86_64-w64-mingw32/lib/../lib/:/opt/local/lib/gcc/x86_64-w64-mingw32/9.3.0/../../../../x86_64-w64-mingw32/lib/
COLLECT_GCC_OPTIONS='-v' '-o' 'cmTC_5ff1c.exe' '-mtune=generic' '-march=x86-64'
 /opt/local/libexec/gcc/x86_64-w64-mingw32/9.3.0/collect2 -plugin /opt/local/libexec/gcc/x86_64-w64-mingw32/9.3.0/liblto_plugin.so -plugin-opt=/opt/local/libexec/gcc/x86_64-w64-mingw32/9.3.0/lto-wrapper -plugin-opt=-fresolution=/var/folders/ct/_z37zh5d5tndh_njq8rq2bpm0000gn/T//cc91ymOQ.res -plugin-opt=-pass-through=-lmingw32 -plugin-opt=-pass-through=-lgcc -plugin-opt=-pass-through=-lgcc_eh -plugin-opt=-pass-through=-lmoldname -plugin-opt=-pass-through=-lmingwex -plugin-opt=-pass-through=-lmsvcrt -plugin-opt=-pass-through=-lpthread -plugin-opt=-pass-through=-ladvapi32 -plugin-opt=-pass-through=-lshell32 -plugin-opt=-pass-through=-luser32 -plugin-opt=-pass-through=-lkernel32 -plugin-opt=-pass-through=-lmingw32 -plugin-opt=-pass-through=-lgcc -plugin-opt=-pass-through=-lgcc_eh -plugin-opt=-pass-through=-lmoldname -plugin-opt=-pass-through=-lmingwex -plugin-opt=-pass-through=-lmsvcrt -m i386pep -Bdynamic -o cmTC_5ff1c.exe /opt/local/lib/gcc/x86_64-w64-mingw32/9.3.0/../../../../x86_64-w64-mingw32/lib/../lib/crt2.o /opt/local/lib/gcc/x86_64-w64-mingw32/9.3.0/crtbegin.o -L/opt/local/lib/gcc/x86_64-w64-mingw32/9.3.0 -L/opt/local/lib/gcc/x86_64-w64-mingw32/9.3.0/../../../../x86_64-w64-mingw32/lib/../lib -L/opt/local/lib/gcc/x86_64-w64-mingw32/9.3.0/../../../../x86_64-w64-mingw32/lib -search_paths_first -headerpad_max_install_names -v CMakeFiles/cmTC_5ff1c.dir/CMakeCCompilerABI.c.o -lmingw32 -lgcc -lgcc_eh -lmoldname -lmingwex -lmsvcrt -lpthread -ladvapi32 -lshell32 -luser32 -lkernel32 -lmingw32 -lgcc -lgcc_eh -lmoldname -lmingwex -lmsvcrt /opt/local/lib/gcc/x86_64-w64-mingw32/9.3.0/crtend.o
collect2 version 9.3.0
/opt/local/lib/gcc/x86_64-w64-mingw32/9.3.0/../../../../x86_64-w64-mingw32/bin/ld -plugin /opt/local/libexec/gcc/x86_64-w64-mingw32/9.3.0/liblto_plugin.so -plugin-opt=/opt/local/libexec/gcc/x86_64-w64-mingw32/9.3.0/lto-wrapper -plugin-opt=-fresolution=/var/folders/ct/_z37zh5d5tndh_njq8rq2bpm0000gn/T//cc91ymOQ.res -plugin-opt=-pass-through=-lmingw32 -plugin-opt=-pass-through=-lgcc -plugin-opt=-pass-through=-lgcc_eh -plugin-opt=-pass-through=-lmoldname -plugin-opt=-pass-through=-lmingwex -plugin-opt=-pass-through=-lmsvcrt -plugin-opt=-pass-through=-lpthread -plugin-opt=-pass-through=-ladvapi32 -plugin-opt=-pass-through=-lshell32 -plugin-opt=-pass-through=-luser32 -plugin-opt=-pass-through=-lkernel32 -plugin-opt=-pass-through=-lmingw32 -plugin-opt=-pass-through=-lgcc -plugin-opt=-pass-through=-lgcc_eh -plugin-opt=-pass-through=-lmoldname -plugin-opt=-pass-through=-lmingwex -plugin-opt=-pass-through=-lmsvcrt -m i386pep -Bdynamic -o cmTC_5ff1c.exe /opt/local/lib/gcc/x86_64-w64-mingw32/9.3.0/../../../../x86_64-w64-mingw32/lib/../lib/crt2.o /opt/local/lib/gcc/x86_64-w64-mingw32/9.3.0/crtbegin.o -L/opt/local/lib/gcc/x86_64-w64-mingw32/9.3.0 -L/opt/local/lib/gcc/x86_64-w64-mingw32/9.3.0/../../../../x86_64-w64-mingw32/lib/../lib -L/opt/local/lib/gcc/x86_64-w64-mingw32/9.3.0/../../../../x86_64-w64-mingw32/lib -search_paths_first -headerpad_max_install_names -v CMakeFiles/cmTC_5ff1c.dir/CMakeCCompilerABI.c.o -lmingw32 -lgcc -lgcc_eh -lmoldname -lmingwex -lmsvcrt -lpthread -ladvapi32 -lshell32 -luser32 -lkernel32 -lmingw32 -lgcc -lgcc_eh -lmoldname -lmingwex -lmsvcrt /opt/local/lib/gcc/x86_64-w64-mingw32/9.3.0/crtend.o
GNU ld (GNU Binutils) 2.34/opt/local/lib/gcc/x86_64-w64-mingw32/9.3.0/../../../../x86_64-w64-mingw32/bin/ld: warning: cannot find entry symbol arch_paths_first; defaulting to 0000000000401000

COLLECT_GCC_OPTIONS='-v' '-o' 'cmTC_5ff1c.exe' '-mtune=generic' '-march=x86-64'


Cannot copy output executable
  ''
to destination specified by COPY_FILE:
  '/Volumes/EXPORT/local/works/doublegsoft.net/gim/03.Development/gim/cmake-build-debug/CMakeFiles/3.16.5/CMakeDetermineCompilerABI_C.bin'
Unable to find the executable at any of:
  /Volumes/EXPORT/local/works/doublegsoft.net/gim/03.Development/gim/cmake-build-debug/CMakeFiles/CMakeTmp/cmTC_5ff1c
  /Volumes/EXPORT/local/works/doublegsoft.net/gim/03.Development/gim/cmake-build-debug/CMakeFiles/CMakeTmp/Debug/cmTC_5ff1c
  /Volumes/EXPORT/local/works/doublegsoft.net/gim/03.Development/gim/cmake-build-debug/CMakeFiles/CMakeTmp/Debug/cmTC_5ff1c.app/cmTC_5ff1c
  /Volumes/EXPORT/local/works/doublegsoft.net/gim/03.Development/gim/cmake-build-debug/CMakeFiles/CMakeTmp/cmTC_5ff1c.app/cmTC_5ff1c
  /Volumes/EXPORT/local/works/doublegsoft.net/gim/03.Development/gim/cmake-build-debug/CMakeFiles/CMakeTmp/Development/cmTC_5ff1c


Determining if the include file sys/resource.h exists failed with the following output:
Change Dir: /Volumes/EXPORT/local/works/doublegsoft.net/gim/03.Development/gim/cmake-build-debug/CMakeFiles/CMakeTmp

Run Build Command(s):/usr/bin/make cmTC_4c760/fast && /Applications/Xcode.app/Contents/Developer/usr/bin/make -f CMakeFiles/cmTC_4c760.dir/build.make CMakeFiles/cmTC_4c760.dir/build
Building C object CMakeFiles/cmTC_4c760.dir/CheckIncludeFile.c.o
/opt/local/bin/x86_64-w64-mingw32-gcc    -o CMakeFiles/cmTC_4c760.dir/CheckIncludeFile.c.o   -c /Volumes/EXPORT/local/works/doublegsoft.net/gim/03.Development/gim/cmake-build-debug/CMakeFiles/CMakeTmp/CheckIncludeFile.c
/Volumes/EXPORT/local/works/doublegsoft.net/gim/03.Development/gim/cmake-build-debug/CMakeFiles/CMakeTmp/CheckIncludeFile.c:1:10: fatal error: sys/resource.h: No such file or directory
    1 | #include <sys/resource.h>
      |          ^~~~~~~~~~~~~~~~
compilation terminated.
make[1]: *** [CMakeFiles/cmTC_4c760.dir/CheckIncludeFile.c.o] Error 1
make: *** [cmTC_4c760/fast] Error 2



Determining if the include file syslog.h exists failed with the following output:
Change Dir: /Volumes/EXPORT/local/works/doublegsoft.net/gim/03.Development/gim/cmake-build-debug/CMakeFiles/CMakeTmp

Run Build Command(s):/usr/bin/make cmTC_20e7f/fast && /Applications/Xcode.app/Contents/Developer/usr/bin/make -f CMakeFiles/cmTC_20e7f.dir/build.make CMakeFiles/cmTC_20e7f.dir/build
Building C object CMakeFiles/cmTC_20e7f.dir/CheckIncludeFile.c.o
/opt/local/bin/x86_64-w64-mingw32-gcc -D_GNU_SOURCE  -fPIE   -o CMakeFiles/cmTC_20e7f.dir/CheckIncludeFile.c.o   -c /Volumes/EXPORT/local/works/doublegsoft.net/gim/03.Development/gim/cmake-build-debug/CMakeFiles/CMakeTmp/CheckIncludeFile.c
/Volumes/EXPORT/local/works/doublegsoft.net/gim/03.Development/gim/cmake-build-debug/CMakeFiles/CMakeTmp/CheckIncludeFile.c:1:10: fatal error: syslog.h: No such file or directory
    1 | #include <syslog.h>
      |          ^~~~~~~~~~
compilation terminated.
make[1]: *** [CMakeFiles/cmTC_20e7f.dir/CheckIncludeFile.c.o] Error 1
make: *** [cmTC_20e7f/fast] Error 2



Determining if the include file dlfcn.h exists failed with the following output:
Change Dir: /Volumes/EXPORT/local/works/doublegsoft.net/gim/03.Development/gim/cmake-build-debug/CMakeFiles/CMakeTmp

Run Build Command(s):/usr/bin/make cmTC_6cd25/fast && /Applications/Xcode.app/Contents/Developer/usr/bin/make -f CMakeFiles/cmTC_6cd25.dir/build.make CMakeFiles/cmTC_6cd25.dir/build
Building C object CMakeFiles/cmTC_6cd25.dir/CheckIncludeFile.c.o
/opt/local/bin/x86_64-w64-mingw32-gcc -D_GNU_SOURCE  -fPIE   -o CMakeFiles/cmTC_6cd25.dir/CheckIncludeFile.c.o   -c /Volumes/EXPORT/local/works/doublegsoft.net/gim/03.Development/gim/cmake-build-debug/CMakeFiles/CMakeTmp/CheckIncludeFile.c
/Volumes/EXPORT/local/works/doublegsoft.net/gim/03.Development/gim/cmake-build-debug/CMakeFiles/CMakeTmp/CheckIncludeFile.c:1:10: fatal error: dlfcn.h: No such file or directory
    1 | #include <dlfcn.h>
      |          ^~~~~~~~~
compilation terminated.
make[1]: *** [CMakeFiles/cmTC_6cd25.dir/CheckIncludeFile.c.o] Error 1
make: *** [cmTC_6cd25/fast] Error 2



Determining if the include file endian.h exists failed with the following output:
Change Dir: /Volumes/EXPORT/local/works/doublegsoft.net/gim/03.Development/gim/cmake-build-debug/CMakeFiles/CMakeTmp

Run Build Command(s):/usr/bin/make cmTC_4c0ed/fast && /Applications/Xcode.app/Contents/Developer/usr/bin/make -f CMakeFiles/cmTC_4c0ed.dir/build.make CMakeFiles/cmTC_4c0ed.dir/build
Building C object CMakeFiles/cmTC_4c0ed.dir/CheckIncludeFile.c.o
/opt/local/bin/x86_64-w64-mingw32-gcc -D_GNU_SOURCE  -fPIE   -o CMakeFiles/cmTC_4c0ed.dir/CheckIncludeFile.c.o   -c /Volumes/EXPORT/local/works/doublegsoft.net/gim/03.Development/gim/cmake-build-debug/CMakeFiles/CMakeTmp/CheckIncludeFile.c
/Volumes/EXPORT/local/works/doublegsoft.net/gim/03.Development/gim/cmake-build-debug/CMakeFiles/CMakeTmp/CheckIncludeFile.c:1:10: fatal error: endian.h: No such file or directory
    1 | #include <endian.h>
      |          ^~~~~~~~~~
compilation terminated.
make[1]: *** [CMakeFiles/cmTC_4c0ed.dir/CheckIncludeFile.c.o] Error 1
make: *** [cmTC_4c0ed/fast] Error 2



Determining if the include file sys/random.h exists failed with the following output:
Change Dir: /Volumes/EXPORT/local/works/doublegsoft.net/gim/03.Development/gim/cmake-build-debug/CMakeFiles/CMakeTmp

Run Build Command(s):/usr/bin/make cmTC_8270b/fast && /Applications/Xcode.app/Contents/Developer/usr/bin/make -f CMakeFiles/cmTC_8270b.dir/build.make CMakeFiles/cmTC_8270b.dir/build
Building C object CMakeFiles/cmTC_8270b.dir/CheckIncludeFile.c.o
/opt/local/bin/x86_64-w64-mingw32-gcc -D_GNU_SOURCE  -fPIE   -o CMakeFiles/cmTC_8270b.dir/CheckIncludeFile.c.o   -c /Volumes/EXPORT/local/works/doublegsoft.net/gim/03.Development/gim/cmake-build-debug/CMakeFiles/CMakeTmp/CheckIncludeFile.c
/Volumes/EXPORT/local/works/doublegsoft.net/gim/03.Development/gim/cmake-build-debug/CMakeFiles/CMakeTmp/CheckIncludeFile.c:1:10: fatal error: sys/random.h: No such file or directory
    1 | #include <sys/random.h>
      |          ^~~~~~~~~~~~~~
compilation terminated.
make[1]: *** [CMakeFiles/cmTC_8270b.dir/CheckIncludeFile.c.o] Error 1
make: *** [cmTC_8270b/fast] Error 2



Determining if the include file xlocale.h exists failed with the following output:
Change Dir: /Volumes/EXPORT/local/works/doublegsoft.net/gim/03.Development/gim/cmake-build-debug/CMakeFiles/CMakeTmp

Run Build Command(s):/usr/bin/make cmTC_387e6/fast && /Applications/Xcode.app/Contents/Developer/usr/bin/make -f CMakeFiles/cmTC_387e6.dir/build.make CMakeFiles/cmTC_387e6.dir/build
Building C object CMakeFiles/cmTC_387e6.dir/CheckIncludeFile.c.o
/opt/local/bin/x86_64-w64-mingw32-gcc -D_GNU_SOURCE  -fPIE   -o CMakeFiles/cmTC_387e6.dir/CheckIncludeFile.c.o   -c /Volumes/EXPORT/local/works/doublegsoft.net/gim/03.Development/gim/cmake-build-debug/CMakeFiles/CMakeTmp/CheckIncludeFile.c
/Volumes/EXPORT/local/works/doublegsoft.net/gim/03.Development/gim/cmake-build-debug/CMakeFiles/CMakeTmp/CheckIncludeFile.c:1:10: fatal error: xlocale.h: No such file or directory
    1 | #include <xlocale.h>
      |          ^~~~~~~~~~~
compilation terminated.
make[1]: *** [CMakeFiles/cmTC_387e6.dir/CheckIncludeFile.c.o] Error 1
make: *** [cmTC_387e6/fast] Error 2



Determining if the _doprnt exist failed with the following output:
Change Dir: /Volumes/EXPORT/local/works/doublegsoft.net/gim/03.Development/gim/cmake-build-debug/CMakeFiles/CMakeTmp

Run Build Command(s):/usr/bin/make cmTC_a727b/fast && /Applications/Xcode.app/Contents/Developer/usr/bin/make -f CMakeFiles/cmTC_a727b.dir/build.make CMakeFiles/cmTC_a727b.dir/build
Building C object CMakeFiles/cmTC_a727b.dir/CheckSymbolExists.c.o
/opt/local/bin/x86_64-w64-mingw32-gcc -D_GNU_SOURCE  -fPIE   -o CMakeFiles/cmTC_a727b.dir/CheckSymbolExists.c.o   -c /Volumes/EXPORT/local/works/doublegsoft.net/gim/03.Development/gim/cmake-build-debug/CMakeFiles/CMakeTmp/CheckSymbolExists.c
/Volumes/EXPORT/local/works/doublegsoft.net/gim/03.Development/gim/cmake-build-debug/CMakeFiles/CMakeTmp/CheckSymbolExists.c: In function ‘main’:
/Volumes/EXPORT/local/works/doublegsoft.net/gim/03.Development/gim/cmake-build-debug/CMakeFiles/CMakeTmp/CheckSymbolExists.c:8:19: error: ‘_doprnt’ undeclared (first use in this function)
    8 |   return ((int*)(&_doprnt))[argc];
      |                   ^~~~~~~
/Volumes/EXPORT/local/works/doublegsoft.net/gim/03.Development/gim/cmake-build-debug/CMakeFiles/CMakeTmp/CheckSymbolExists.c:8:19: note: each undeclared identifier is reported only once for each function it appears in
make[1]: *** [CMakeFiles/cmTC_a727b.dir/CheckSymbolExists.c.o] Error 1
make: *** [cmTC_a727b/fast] Error 2


File /Volumes/EXPORT/local/works/doublegsoft.net/gim/03.Development/gim/cmake-build-debug/CMakeFiles/CMakeTmp/CheckSymbolExists.c:
/* */
#include <stdio.h>

int main(int argc, char** argv)
{
  (void)argv;
#ifndef _doprnt
  return ((int*)(&_doprnt))[argc];
#else
  (void)argc;
  return 0;
#endif
}
Determining if the arc4random exist failed with the following output:
Change Dir: /Volumes/EXPORT/local/works/doublegsoft.net/gim/03.Development/gim/cmake-build-debug/CMakeFiles/CMakeTmp

Run Build Command(s):/usr/bin/make cmTC_af820/fast && /Applications/Xcode.app/Contents/Developer/usr/bin/make -f CMakeFiles/cmTC_af820.dir/build.make CMakeFiles/cmTC_af820.dir/build
Building C object CMakeFiles/cmTC_af820.dir/CheckSymbolExists.c.o
/opt/local/bin/x86_64-w64-mingw32-gcc -D_GNU_SOURCE  -fPIE   -o CMakeFiles/cmTC_af820.dir/CheckSymbolExists.c.o   -c /Volumes/EXPORT/local/works/doublegsoft.net/gim/03.Development/gim/cmake-build-debug/CMakeFiles/CMakeTmp/CheckSymbolExists.c
/Volumes/EXPORT/local/works/doublegsoft.net/gim/03.Development/gim/cmake-build-debug/CMakeFiles/CMakeTmp/CheckSymbolExists.c: In function ‘main’:
/Volumes/EXPORT/local/works/doublegsoft.net/gim/03.Development/gim/cmake-build-debug/CMakeFiles/CMakeTmp/CheckSymbolExists.c:8:19: error: ‘arc4random’ undeclared (first use in this function)
    8 |   return ((int*)(&arc4random))[argc];
      |                   ^~~~~~~~~~
/Volumes/EXPORT/local/works/doublegsoft.net/gim/03.Development/gim/cmake-build-debug/CMakeFiles/CMakeTmp/CheckSymbolExists.c:8:19: note: each undeclared identifier is reported only once for each function it appears in
make[1]: *** [CMakeFiles/cmTC_af820.dir/CheckSymbolExists.c.o] Error 1
make: *** [cmTC_af820/fast] Error 2


File /Volumes/EXPORT/local/works/doublegsoft.net/gim/03.Development/gim/cmake-build-debug/CMakeFiles/CMakeTmp/CheckSymbolExists.c:
/* */
#include <stdlib.h>

int main(int argc, char** argv)
{
  (void)argv;
#ifndef arc4random
  return ((int*)(&arc4random))[argc];
#else
  (void)argc;
  return 0;
#endif
}
Determining if the include file bsd/stdlib.h exists failed with the following output:
Change Dir: /Volumes/EXPORT/local/works/doublegsoft.net/gim/03.Development/gim/cmake-build-debug/CMakeFiles/CMakeTmp

Run Build Command(s):/usr/bin/make cmTC_13094/fast && /Applications/Xcode.app/Contents/Developer/usr/bin/make -f CMakeFiles/cmTC_13094.dir/build.make CMakeFiles/cmTC_13094.dir/build
Building C object CMakeFiles/cmTC_13094.dir/CheckIncludeFile.c.o
/opt/local/bin/x86_64-w64-mingw32-gcc -D_GNU_SOURCE  -fPIE   -o CMakeFiles/cmTC_13094.dir/CheckIncludeFile.c.o   -c /Volumes/EXPORT/local/works/doublegsoft.net/gim/03.Development/gim/cmake-build-debug/CMakeFiles/CMakeTmp/CheckIncludeFile.c
/Volumes/EXPORT/local/works/doublegsoft.net/gim/03.Development/gim/cmake-build-debug/CMakeFiles/CMakeTmp/CheckIncludeFile.c:1:10: fatal error: bsd/stdlib.h: No such file or directory
    1 | #include <bsd/stdlib.h>
      |          ^~~~~~~~~~~~~~
compilation terminated.
make[1]: *** [CMakeFiles/cmTC_13094.dir/CheckIncludeFile.c.o] Error 1
make: *** [cmTC_13094/fast] Error 2



Determining if the uselocale exist failed with the following output:
Change Dir: /Volumes/EXPORT/local/works/doublegsoft.net/gim/03.Development/gim/cmake-build-debug/CMakeFiles/CMakeTmp

Run Build Command(s):/usr/bin/make cmTC_4f3ae/fast && /Applications/Xcode.app/Contents/Developer/usr/bin/make -f CMakeFiles/cmTC_4f3ae.dir/build.make CMakeFiles/cmTC_4f3ae.dir/build
Building C object CMakeFiles/cmTC_4f3ae.dir/CheckSymbolExists.c.o
/opt/local/bin/x86_64-w64-mingw32-gcc -D_GNU_SOURCE  -fPIE   -o CMakeFiles/cmTC_4f3ae.dir/CheckSymbolExists.c.o   -c /Volumes/EXPORT/local/works/doublegsoft.net/gim/03.Development/gim/cmake-build-debug/CMakeFiles/CMakeTmp/CheckSymbolExists.c
/Volumes/EXPORT/local/works/doublegsoft.net/gim/03.Development/gim/cmake-build-debug/CMakeFiles/CMakeTmp/CheckSymbolExists.c: In function ‘main’:
/Volumes/EXPORT/local/works/doublegsoft.net/gim/03.Development/gim/cmake-build-debug/CMakeFiles/CMakeTmp/CheckSymbolExists.c:8:19: error: ‘uselocale’ undeclared (first use in this function); did you mean ‘setlocale’?
    8 |   return ((int*)(&uselocale))[argc];
      |                   ^~~~~~~~~
      |                   setlocale
/Volumes/EXPORT/local/works/doublegsoft.net/gim/03.Development/gim/cmake-build-debug/CMakeFiles/CMakeTmp/CheckSymbolExists.c:8:19: note: each undeclared identifier is reported only once for each function it appears in
make[1]: *** [CMakeFiles/cmTC_4f3ae.dir/CheckSymbolExists.c.o] Error 1
make: *** [cmTC_4f3ae/fast] Error 2


File /Volumes/EXPORT/local/works/doublegsoft.net/gim/03.Development/gim/cmake-build-debug/CMakeFiles/CMakeTmp/CheckSymbolExists.c:
/* */
#include <locale.h>

int main(int argc, char** argv)
{
  (void)argv;
#ifndef uselocale
  return ((int*)(&uselocale))[argc];
#else
  (void)argc;
  return 0;
#endif
}
Performing C SOURCE FILE Test HAS_GNU_WARNING_LONG failed with the following output:
Change Dir: /Volumes/EXPORT/local/works/doublegsoft.net/gim/03.Development/gim/cmake-build-debug/CMakeFiles/CMakeTmp

Run Build Command(s):/usr/bin/make cmTC_9d226/fast && /Applications/Xcode.app/Contents/Developer/usr/bin/make -f CMakeFiles/cmTC_9d226.dir/build.make CMakeFiles/cmTC_9d226.dir/build
Building C object CMakeFiles/cmTC_9d226.dir/src.c.o
/opt/local/bin/x86_64-w64-mingw32-gcc -D_GNU_SOURCE  -DHAS_GNU_WARNING_LONG -fPIE   -o CMakeFiles/cmTC_9d226.dir/src.c.o   -c /Volumes/EXPORT/local/works/doublegsoft.net/gim/03.Development/gim/cmake-build-debug/CMakeFiles/CMakeTmp/src.c
/Volumes/EXPORT/local/works/doublegsoft.net/gim/03.Development/gim/cmake-build-debug/CMakeFiles/CMakeTmp/src.c:3:9: warning: missing terminating " character
    3 | __asm__(".section .gnu.json_object_get
      |         ^
/Volumes/EXPORT/local/works/doublegsoft.net/gim/03.Development/gim/cmake-build-debug/CMakeFiles/CMakeTmp/src.c:3:9: error: missing terminating " character
    3 | __asm__(".section .gnu.json_object_get
      |         ^~~~~~~~~~~~~~~~~~~~~~~~~~~~~~
/Volumes/EXPORT/local/works/doublegsoft.net/gim/03.Development/gim/cmake-build-debug/CMakeFiles/CMakeTmp/src.c:4:2: error: expected string literal before ‘.’ token
    4 |  .ascii "Please link against libjson-c instead of libjson"
      |  ^
/Volumes/EXPORT/local/works/doublegsoft.net/gim/03.Development/gim/cmake-build-debug/CMakeFiles/CMakeTmp/src.c:5:7: warning: missing terminating " character
    5 |  .text");
      |       ^
/Volumes/EXPORT/local/works/doublegsoft.net/gim/03.Development/gim/cmake-build-debug/CMakeFiles/CMakeTmp/src.c:5:7: error: missing terminating " character
    5 |  .text");
      |       ^~~
make[1]: *** [CMakeFiles/cmTC_9d226.dir/src.c.o] Error 1
make: *** [cmTC_9d226/fast] Error 2


Source file was:

extern void json_object_get();
__asm__(".section .gnu.json_object_get
	.ascii "Please link against libjson-c instead of libjson"
	.text");
int main(int c, char *v) { return 0;}

Performing C SOURCE FILE Test LWS_HAVE_MALLOC_TRIM failed with the following output:
Change Dir: /Volumes/EXPORT/local/works/doublegsoft.net/gim/03.Development/gim/cmake-build-debug/CMakeFiles/CMakeTmp

Run Build Command(s):/usr/bin/make cmTC_9db7e/fast && /Applications/Xcode.app/Contents/Developer/usr/bin/make -f CMakeFiles/cmTC_9db7e.dir/build.make CMakeFiles/cmTC_9db7e.dir/build
Building C object CMakeFiles/cmTC_9db7e.dir/src.c.o
/opt/local/bin/x86_64-w64-mingw32-gcc -DKEYWORD=__inline  -DLWS_HAVE_MALLOC_TRIM   -o CMakeFiles/cmTC_9db7e.dir/src.c.o   -c /Volumes/EXPORT/local/works/doublegsoft.net/gim/03.Development/gim/cmake-build-debug/CMakeFiles/CMakeTmp/src.c
/Volumes/EXPORT/local/works/doublegsoft.net/gim/03.Development/gim/cmake-build-debug/CMakeFiles/CMakeTmp/src.c: In function ‘main’:
/Volumes/EXPORT/local/works/doublegsoft.net/gim/03.Development/gim/cmake-build-debug/CMakeFiles/CMakeTmp/src.c:2:43: warning: implicit declaration of function ‘malloc_trim’ [-Wimplicit-function-declaration]
    2 |  int main(int argc, char **argv) { return malloc_trim(0); }
      |                                           ^~~~~~~~~~~
Linking C executable cmTC_9db7e
/Applications/CLion.app/Contents/bin/cmake/mac/bin/cmake -E cmake_link_script CMakeFiles/cmTC_9db7e.dir/link.txt --verbose=1
/opt/local/bin/x86_64-w64-mingw32-gcc  -DLWS_HAVE_MALLOC_TRIM -Wl,-search_paths_first -Wl,-headerpad_max_install_names   CMakeFiles/cmTC_9db7e.dir/src.c.o  -o cmTC_9db7e 
/opt/local/lib/gcc/x86_64-w64-mingw32/9.3.0/../../../../x86_64-w64-mingw32/bin/ld: warning: cannot find entry symbol arch_paths_first; defaulting to 0000000000401000
/opt/local/lib/gcc/x86_64-w64-mingw32/9.3.0/../../../../x86_64-w64-mingw32/bin/ld: CMakeFiles/cmTC_9db7e.dir/src.c.o:src.c:(.text+0x1a): undefined reference to `malloc_trim'
collect2: error: ld returned 1 exit status
make[1]: *** [cmTC_9db7e] Error 1
make: *** [cmTC_9db7e/fast] Error 2


Source file was:
#include <malloc.h>
	int main(int argc, char **argv) { return malloc_trim(0); }
	
Performing C SOURCE FILE Test LWS_HAVE_MALLOC_USABLE_SIZE failed with the following output:
Change Dir: /Volumes/EXPORT/local/works/doublegsoft.net/gim/03.Development/gim/cmake-build-debug/CMakeFiles/CMakeTmp

Run Build Command(s):/usr/bin/make cmTC_18939/fast && /Applications/Xcode.app/Contents/Developer/usr/bin/make -f CMakeFiles/cmTC_18939.dir/build.make CMakeFiles/cmTC_18939.dir/build
Building C object CMakeFiles/cmTC_18939.dir/src.c.o
/opt/local/bin/x86_64-w64-mingw32-gcc -DKEYWORD=__inline  -DLWS_HAVE_MALLOC_USABLE_SIZE   -o CMakeFiles/cmTC_18939.dir/src.c.o   -c /Volumes/EXPORT/local/works/doublegsoft.net/gim/03.Development/gim/cmake-build-debug/CMakeFiles/CMakeTmp/src.c
/Volumes/EXPORT/local/works/doublegsoft.net/gim/03.Development/gim/cmake-build-debug/CMakeFiles/CMakeTmp/src.c: In function ‘main’:
/Volumes/EXPORT/local/works/doublegsoft.net/gim/03.Development/gim/cmake-build-debug/CMakeFiles/CMakeTmp/src.c:2:48: warning: implicit declaration of function ‘malloc_usable_size’ [-Wimplicit-function-declaration]
    2 |  int main(int argc, char **argv) { return (int)malloc_usable_size((void *)0); }
      |                                                ^~~~~~~~~~~~~~~~~~
Linking C executable cmTC_18939
/Applications/CLion.app/Contents/bin/cmake/mac/bin/cmake -E cmake_link_script CMakeFiles/cmTC_18939.dir/link.txt --verbose=1
/opt/local/bin/x86_64-w64-mingw32-gcc  -DLWS_HAVE_MALLOC_USABLE_SIZE -Wl,-search_paths_first -Wl,-headerpad_max_install_names   CMakeFiles/cmTC_18939.dir/src.c.o  -o cmTC_18939 
/opt/local/lib/gcc/x86_64-w64-mingw32/9.3.0/../../../../x86_64-w64-mingw32/bin/ld: warning: cannot find entry symbol arch_paths_first; defaulting to 0000000000401000
/opt/local/lib/gcc/x86_64-w64-mingw32/9.3.0/../../../../x86_64-w64-mingw32/bin/ld: CMakeFiles/cmTC_18939.dir/src.c.o:src.c:(.text+0x1a): undefined reference to `malloc_usable_size'
collect2: error: ld returned 1 exit status
make[1]: *** [cmTC_18939] Error 1
make: *** [cmTC_18939/fast] Error 2


Source file was:
#include <malloc.h>
	int main(int argc, char **argv) { return (int)malloc_usable_size((void *)0); }
	
Determining if the function fork exists failed with the following output:
Change Dir: /Volumes/EXPORT/local/works/doublegsoft.net/gim/03.Development/gim/cmake-build-debug/CMakeFiles/CMakeTmp

Run Build Command(s):/usr/bin/make cmTC_45b5d/fast && /Applications/Xcode.app/Contents/Developer/usr/bin/make -f CMakeFiles/cmTC_45b5d.dir/build.make CMakeFiles/cmTC_45b5d.dir/build
Building C object CMakeFiles/cmTC_45b5d.dir/CheckFunctionExists.c.o
/opt/local/bin/x86_64-w64-mingw32-gcc -DKEYWORD=__inline  -DCHECK_FUNCTION_EXISTS=fork   -o CMakeFiles/cmTC_45b5d.dir/CheckFunctionExists.c.o   -c /Applications/CLion.app/Contents/bin/cmake/mac/share/cmake-3.16/Modules/CheckFunctionExists.c
<command-line>: warning: conflicting types for built-in function ‘fork’; expected ‘int(void)’ [-Wbuiltin-declaration-mismatch]
/Applications/CLion.app/Contents/bin/cmake/mac/share/cmake-3.16/Modules/CheckFunctionExists.c:7:3: note: in expansion of macro ‘CHECK_FUNCTION_EXISTS’
    7 |   CHECK_FUNCTION_EXISTS(void);
      |   ^~~~~~~~~~~~~~~~~~~~~
Linking C executable cmTC_45b5d
/Applications/CLion.app/Contents/bin/cmake/mac/bin/cmake -E cmake_link_script CMakeFiles/cmTC_45b5d.dir/link.txt --verbose=1
/opt/local/bin/x86_64-w64-mingw32-gcc  -DCHECK_FUNCTION_EXISTS=fork -Wl,-search_paths_first -Wl,-headerpad_max_install_names   CMakeFiles/cmTC_45b5d.dir/CheckFunctionExists.c.o  -o cmTC_45b5d 
/opt/local/lib/gcc/x86_64-w64-mingw32/9.3.0/../../../../x86_64-w64-mingw32/bin/ld: warning: cannot find entry symbol arch_paths_first; defaulting to 0000000000401000
/opt/local/lib/gcc/x86_64-w64-mingw32/9.3.0/../../../../x86_64-w64-mingw32/bin/ld: CMakeFiles/cmTC_45b5d.dir/CheckFunctionExists.c.o:CheckFunctionExists.c:(.text+0x15): undefined reference to `fork'
collect2: error: ld returned 1 exit status
make[1]: *** [cmTC_45b5d] Error 1
make: *** [cmTC_45b5d/fast] Error 2



Determining if the function socket exists failed with the following output:
Change Dir: /Volumes/EXPORT/local/works/doublegsoft.net/gim/03.Development/gim/cmake-build-debug/CMakeFiles/CMakeTmp

Run Build Command(s):/usr/bin/make cmTC_78292/fast && /Applications/Xcode.app/Contents/Developer/usr/bin/make -f CMakeFiles/cmTC_78292.dir/build.make CMakeFiles/cmTC_78292.dir/build
Building C object CMakeFiles/cmTC_78292.dir/CheckFunctionExists.c.o
/opt/local/bin/x86_64-w64-mingw32-gcc -DKEYWORD=__inline  -DCHECK_FUNCTION_EXISTS=socket   -o CMakeFiles/cmTC_78292.dir/CheckFunctionExists.c.o   -c /Applications/CLion.app/Contents/bin/cmake/mac/share/cmake-3.16/Modules/CheckFunctionExists.c
Linking C executable cmTC_78292
/Applications/CLion.app/Contents/bin/cmake/mac/bin/cmake -E cmake_link_script CMakeFiles/cmTC_78292.dir/link.txt --verbose=1
/opt/local/bin/x86_64-w64-mingw32-gcc  -DCHECK_FUNCTION_EXISTS=socket -Wl,-search_paths_first -Wl,-headerpad_max_install_names   CMakeFiles/cmTC_78292.dir/CheckFunctionExists.c.o  -o cmTC_78292 
/opt/local/lib/gcc/x86_64-w64-mingw32/9.3.0/../../../../x86_64-w64-mingw32/bin/ld: warning: cannot find entry symbol arch_paths_first; defaulting to 0000000000401000
/opt/local/lib/gcc/x86_64-w64-mingw32/9.3.0/../../../../x86_64-w64-mingw32/bin/ld: CMakeFiles/cmTC_78292.dir/CheckFunctionExists.c.o:CheckFunctionExists.c:(.text+0x15): undefined reference to `socket'
collect2: error: ld returned 1 exit status
make[1]: *** [cmTC_78292] Error 1
make: *** [cmTC_78292/fast] Error 2



Determining if the function vfork exists failed with the following output:
Change Dir: /Volumes/EXPORT/local/works/doublegsoft.net/gim/03.Development/gim/cmake-build-debug/CMakeFiles/CMakeTmp

Run Build Command(s):/usr/bin/make cmTC_0111f/fast && /Applications/Xcode.app/Contents/Developer/usr/bin/make -f CMakeFiles/cmTC_0111f.dir/build.make CMakeFiles/cmTC_0111f.dir/build
Building C object CMakeFiles/cmTC_0111f.dir/CheckFunctionExists.c.o
/opt/local/bin/x86_64-w64-mingw32-gcc -DKEYWORD=__inline  -DCHECK_FUNCTION_EXISTS=vfork   -o CMakeFiles/cmTC_0111f.dir/CheckFunctionExists.c.o   -c /Applications/CLion.app/Contents/bin/cmake/mac/share/cmake-3.16/Modules/CheckFunctionExists.c
Linking C executable cmTC_0111f
/Applications/CLion.app/Contents/bin/cmake/mac/bin/cmake -E cmake_link_script CMakeFiles/cmTC_0111f.dir/link.txt --verbose=1
/opt/local/bin/x86_64-w64-mingw32-gcc  -DCHECK_FUNCTION_EXISTS=vfork -Wl,-search_paths_first -Wl,-headerpad_max_install_names   CMakeFiles/cmTC_0111f.dir/CheckFunctionExists.c.o  -o cmTC_0111f 
/opt/local/lib/gcc/x86_64-w64-mingw32/9.3.0/../../../../x86_64-w64-mingw32/bin/ld: warning: cannot find entry symbol arch_paths_first; defaulting to 0000000000401000
/opt/local/lib/gcc/x86_64-w64-mingw32/9.3.0/../../../../x86_64-w64-mingw32/bin/ld: CMakeFiles/cmTC_0111f.dir/CheckFunctionExists.c.o:CheckFunctionExists.c:(.text+0x15): undefined reference to `vfork'
collect2: error: ld returned 1 exit status
make[1]: *** [cmTC_0111f] Error 1
make: *** [cmTC_0111f/fast] Error 2



Determining if the function getifaddrs exists failed with the following output:
Change Dir: /Volumes/EXPORT/local/works/doublegsoft.net/gim/03.Development/gim/cmake-build-debug/CMakeFiles/CMakeTmp

Run Build Command(s):/usr/bin/make cmTC_26f45/fast && /Applications/Xcode.app/Contents/Developer/usr/bin/make -f CMakeFiles/cmTC_26f45.dir/build.make CMakeFiles/cmTC_26f45.dir/build
Building C object CMakeFiles/cmTC_26f45.dir/CheckFunctionExists.c.o
/opt/local/bin/x86_64-w64-mingw32-gcc -DKEYWORD=__inline  -DCHECK_FUNCTION_EXISTS=getifaddrs   -o CMakeFiles/cmTC_26f45.dir/CheckFunctionExists.c.o   -c /Applications/CLion.app/Contents/bin/cmake/mac/share/cmake-3.16/Modules/CheckFunctionExists.c
Linking C executable cmTC_26f45
/Applications/CLion.app/Contents/bin/cmake/mac/bin/cmake -E cmake_link_script CMakeFiles/cmTC_26f45.dir/link.txt --verbose=1
/opt/local/bin/x86_64-w64-mingw32-gcc  -DCHECK_FUNCTION_EXISTS=getifaddrs -Wl,-search_paths_first -Wl,-headerpad_max_install_names   CMakeFiles/cmTC_26f45.dir/CheckFunctionExists.c.o  -o cmTC_26f45 
/opt/local/lib/gcc/x86_64-w64-mingw32/9.3.0/../../../../x86_64-w64-mingw32/bin/ld: warning: cannot find entry symbol arch_paths_first; defaulting to 0000000000401000
/opt/local/lib/gcc/x86_64-w64-mingw32/9.3.0/../../../../x86_64-w64-mingw32/bin/ld: CMakeFiles/cmTC_26f45.dir/CheckFunctionExists.c.o:CheckFunctionExists.c:(.text+0x15): undefined reference to `getifaddrs'
collect2: error: ld returned 1 exit status
make[1]: *** [cmTC_26f45] Error 1
make: *** [cmTC_26f45/fast] Error 2



Determining if the function getloadavg exists failed with the following output:
Change Dir: /Volumes/EXPORT/local/works/doublegsoft.net/gim/03.Development/gim/cmake-build-debug/CMakeFiles/CMakeTmp

Run Build Command(s):/usr/bin/make cmTC_1035a/fast && /Applications/Xcode.app/Contents/Developer/usr/bin/make -f CMakeFiles/cmTC_1035a.dir/build.make CMakeFiles/cmTC_1035a.dir/build
Building C object CMakeFiles/cmTC_1035a.dir/CheckFunctionExists.c.o
/opt/local/bin/x86_64-w64-mingw32-gcc -DKEYWORD=__inline  -DCHECK_FUNCTION_EXISTS=getloadavg   -o CMakeFiles/cmTC_1035a.dir/CheckFunctionExists.c.o   -c /Applications/CLion.app/Contents/bin/cmake/mac/share/cmake-3.16/Modules/CheckFunctionExists.c
Linking C executable cmTC_1035a
/Applications/CLion.app/Contents/bin/cmake/mac/bin/cmake -E cmake_link_script CMakeFiles/cmTC_1035a.dir/link.txt --verbose=1
/opt/local/bin/x86_64-w64-mingw32-gcc  -DCHECK_FUNCTION_EXISTS=getloadavg -Wl,-search_paths_first -Wl,-headerpad_max_install_names   CMakeFiles/cmTC_1035a.dir/CheckFunctionExists.c.o  -o cmTC_1035a 
/opt/local/lib/gcc/x86_64-w64-mingw32/9.3.0/../../../../x86_64-w64-mingw32/bin/ld: warning: cannot find entry symbol arch_paths_first; defaulting to 0000000000401000
/opt/local/lib/gcc/x86_64-w64-mingw32/9.3.0/../../../../x86_64-w64-mingw32/bin/ld: CMakeFiles/cmTC_1035a.dir/CheckFunctionExists.c.o:CheckFunctionExists.c:(.text+0x15): undefined reference to `getloadavg'
collect2: error: ld returned 1 exit status
make[1]: *** [cmTC_1035a] Error 1
make: *** [cmTC_1035a/fast] Error 2



Determining if the function _stat32i64 exists failed with the following output:
Change Dir: /Volumes/EXPORT/local/works/doublegsoft.net/gim/03.Development/gim/cmake-build-debug/CMakeFiles/CMakeTmp

Run Build Command(s):/usr/bin/make cmTC_53818/fast && /Applications/Xcode.app/Contents/Developer/usr/bin/make -f CMakeFiles/cmTC_53818.dir/build.make CMakeFiles/cmTC_53818.dir/build
Building C object CMakeFiles/cmTC_53818.dir/CheckFunctionExists.c.o
/opt/local/bin/x86_64-w64-mingw32-gcc -DKEYWORD=__inline  -DCHECK_FUNCTION_EXISTS=_stat32i64   -o CMakeFiles/cmTC_53818.dir/CheckFunctionExists.c.o   -c /Applications/CLion.app/Contents/bin/cmake/mac/share/cmake-3.16/Modules/CheckFunctionExists.c
Linking C executable cmTC_53818
/Applications/CLion.app/Contents/bin/cmake/mac/bin/cmake -E cmake_link_script CMakeFiles/cmTC_53818.dir/link.txt --verbose=1
/opt/local/bin/x86_64-w64-mingw32-gcc  -DCHECK_FUNCTION_EXISTS=_stat32i64 -Wl,-search_paths_first -Wl,-headerpad_max_install_names   CMakeFiles/cmTC_53818.dir/CheckFunctionExists.c.o  -o cmTC_53818 
/opt/local/lib/gcc/x86_64-w64-mingw32/9.3.0/../../../../x86_64-w64-mingw32/bin/ld: warning: cannot find entry symbol arch_paths_first; defaulting to 0000000000401000
/opt/local/lib/gcc/x86_64-w64-mingw32/9.3.0/../../../../x86_64-w64-mingw32/bin/ld: CMakeFiles/cmTC_53818.dir/CheckFunctionExists.c.o:CheckFunctionExists.c:(.text+0x15): undefined reference to `_stat32i64'
collect2: error: ld returned 1 exit status
make[1]: *** [cmTC_53818] Error 1
make: *** [cmTC_53818/fast] Error 2



Determining if the function localtime_r exists failed with the following output:
Change Dir: /Volumes/EXPORT/local/works/doublegsoft.net/gim/03.Development/gim/cmake-build-debug/CMakeFiles/CMakeTmp

Run Build Command(s):/usr/bin/make cmTC_9398a/fast && /Applications/Xcode.app/Contents/Developer/usr/bin/make -f CMakeFiles/cmTC_9398a.dir/build.make CMakeFiles/cmTC_9398a.dir/build
Building C object CMakeFiles/cmTC_9398a.dir/CheckFunctionExists.c.o
/opt/local/bin/x86_64-w64-mingw32-gcc -DKEYWORD=__inline  -DCHECK_FUNCTION_EXISTS=localtime_r   -o CMakeFiles/cmTC_9398a.dir/CheckFunctionExists.c.o   -c /Applications/CLion.app/Contents/bin/cmake/mac/share/cmake-3.16/Modules/CheckFunctionExists.c
Linking C executable cmTC_9398a
/Applications/CLion.app/Contents/bin/cmake/mac/bin/cmake -E cmake_link_script CMakeFiles/cmTC_9398a.dir/link.txt --verbose=1
/opt/local/bin/x86_64-w64-mingw32-gcc  -DCHECK_FUNCTION_EXISTS=localtime_r -Wl,-search_paths_first -Wl,-headerpad_max_install_names   CMakeFiles/cmTC_9398a.dir/CheckFunctionExists.c.o  -o cmTC_9398a 
/opt/local/lib/gcc/x86_64-w64-mingw32/9.3.0/../../../../x86_64-w64-mingw32/bin/ld: warning: cannot find entry symbol arch_paths_first; defaulting to 0000000000401000
/opt/local/lib/gcc/x86_64-w64-mingw32/9.3.0/../../../../x86_64-w64-mingw32/bin/ld: CMakeFiles/cmTC_9398a.dir/CheckFunctionExists.c.o:CheckFunctionExists.c:(.text+0x15): undefined reference to `localtime_r'
collect2: error: ld returned 1 exit status
make[1]: *** [cmTC_9398a] Error 1
make: *** [cmTC_9398a/fast] Error 2



Determining if the function gmtime_r exists failed with the following output:
Change Dir: /Volumes/EXPORT/local/works/doublegsoft.net/gim/03.Development/gim/cmake-build-debug/CMakeFiles/CMakeTmp

Run Build Command(s):/usr/bin/make cmTC_4f1e6/fast && /Applications/Xcode.app/Contents/Developer/usr/bin/make -f CMakeFiles/cmTC_4f1e6.dir/build.make CMakeFiles/cmTC_4f1e6.dir/build
Building C object CMakeFiles/cmTC_4f1e6.dir/CheckFunctionExists.c.o
/opt/local/bin/x86_64-w64-mingw32-gcc -DKEYWORD=__inline  -DCHECK_FUNCTION_EXISTS=gmtime_r   -o CMakeFiles/cmTC_4f1e6.dir/CheckFunctionExists.c.o   -c /Applications/CLion.app/Contents/bin/cmake/mac/share/cmake-3.16/Modules/CheckFunctionExists.c
Linking C executable cmTC_4f1e6
/Applications/CLion.app/Contents/bin/cmake/mac/bin/cmake -E cmake_link_script CMakeFiles/cmTC_4f1e6.dir/link.txt --verbose=1
/opt/local/bin/x86_64-w64-mingw32-gcc  -DCHECK_FUNCTION_EXISTS=gmtime_r -Wl,-search_paths_first -Wl,-headerpad_max_install_names   CMakeFiles/cmTC_4f1e6.dir/CheckFunctionExists.c.o  -o cmTC_4f1e6 
/opt/local/lib/gcc/x86_64-w64-mingw32/9.3.0/../../../../x86_64-w64-mingw32/bin/ld: warning: cannot find entry symbol arch_paths_first; defaulting to 0000000000401000
/opt/local/lib/gcc/x86_64-w64-mingw32/9.3.0/../../../../x86_64-w64-mingw32/bin/ld: CMakeFiles/cmTC_4f1e6.dir/CheckFunctionExists.c.o:CheckFunctionExists.c:(.text+0x15): undefined reference to `gmtime_r'
collect2: error: ld returned 1 exit status
make[1]: *** [cmTC_4f1e6] Error 1
make: *** [cmTC_4f1e6/fast] Error 2



Determining if the function ctime_r exists failed with the following output:
Change Dir: /Volumes/EXPORT/local/works/doublegsoft.net/gim/03.Development/gim/cmake-build-debug/CMakeFiles/CMakeTmp

Run Build Command(s):/usr/bin/make cmTC_5a6ca/fast && /Applications/Xcode.app/Contents/Developer/usr/bin/make -f CMakeFiles/cmTC_5a6ca.dir/build.make CMakeFiles/cmTC_5a6ca.dir/build
Building C object CMakeFiles/cmTC_5a6ca.dir/CheckFunctionExists.c.o
/opt/local/bin/x86_64-w64-mingw32-gcc -DKEYWORD=__inline  -DCHECK_FUNCTION_EXISTS=ctime_r   -o CMakeFiles/cmTC_5a6ca.dir/CheckFunctionExists.c.o   -c /Applications/CLion.app/Contents/bin/cmake/mac/share/cmake-3.16/Modules/CheckFunctionExists.c
Linking C executable cmTC_5a6ca
/Applications/CLion.app/Contents/bin/cmake/mac/bin/cmake -E cmake_link_script CMakeFiles/cmTC_5a6ca.dir/link.txt --verbose=1
/opt/local/bin/x86_64-w64-mingw32-gcc  -DCHECK_FUNCTION_EXISTS=ctime_r -Wl,-search_paths_first -Wl,-headerpad_max_install_names   CMakeFiles/cmTC_5a6ca.dir/CheckFunctionExists.c.o  -o cmTC_5a6ca 
/opt/local/lib/gcc/x86_64-w64-mingw32/9.3.0/../../../../x86_64-w64-mingw32/bin/ld: warning: cannot find entry symbol arch_paths_first; defaulting to 0000000000401000
/opt/local/lib/gcc/x86_64-w64-mingw32/9.3.0/../../../../x86_64-w64-mingw32/bin/ld: CMakeFiles/cmTC_5a6ca.dir/CheckFunctionExists.c.o:CheckFunctionExists.c:(.text+0x15): undefined reference to `ctime_r'
collect2: error: ld returned 1 exit status
make[1]: *** [cmTC_5a6ca] Error 1
make: *** [cmTC_5a6ca/fast] Error 2



Determining if the function getgrgid_r exists failed with the following output:
Change Dir: /Volumes/EXPORT/local/works/doublegsoft.net/gim/03.Development/gim/cmake-build-debug/CMakeFiles/CMakeTmp

Run Build Command(s):/usr/bin/make cmTC_b4c3b/fast && /Applications/Xcode.app/Contents/Developer/usr/bin/make -f CMakeFiles/cmTC_b4c3b.dir/build.make CMakeFiles/cmTC_b4c3b.dir/build
Building C object CMakeFiles/cmTC_b4c3b.dir/CheckFunctionExists.c.o
/opt/local/bin/x86_64-w64-mingw32-gcc -DKEYWORD=__inline  -DCHECK_FUNCTION_EXISTS=getgrgid_r   -o CMakeFiles/cmTC_b4c3b.dir/CheckFunctionExists.c.o   -c /Applications/CLion.app/Contents/bin/cmake/mac/share/cmake-3.16/Modules/CheckFunctionExists.c
Linking C executable cmTC_b4c3b
/Applications/CLion.app/Contents/bin/cmake/mac/bin/cmake -E cmake_link_script CMakeFiles/cmTC_b4c3b.dir/link.txt --verbose=1
/opt/local/bin/x86_64-w64-mingw32-gcc  -DCHECK_FUNCTION_EXISTS=getgrgid_r -Wl,-search_paths_first -Wl,-headerpad_max_install_names   CMakeFiles/cmTC_b4c3b.dir/CheckFunctionExists.c.o  -o cmTC_b4c3b 
/opt/local/lib/gcc/x86_64-w64-mingw32/9.3.0/../../../../x86_64-w64-mingw32/bin/ld: warning: cannot find entry symbol arch_paths_first; defaulting to 0000000000401000
/opt/local/lib/gcc/x86_64-w64-mingw32/9.3.0/../../../../x86_64-w64-mingw32/bin/ld: CMakeFiles/cmTC_b4c3b.dir/CheckFunctionExists.c.o:CheckFunctionExists.c:(.text+0x15): undefined reference to `getgrgid_r'
collect2: error: ld returned 1 exit status
make[1]: *** [cmTC_b4c3b] Error 1
make: *** [cmTC_b4c3b/fast] Error 2



Determining if the function getgrnam_r exists failed with the following output:
Change Dir: /Volumes/EXPORT/local/works/doublegsoft.net/gim/03.Development/gim/cmake-build-debug/CMakeFiles/CMakeTmp

Run Build Command(s):/usr/bin/make cmTC_e8056/fast && /Applications/Xcode.app/Contents/Developer/usr/bin/make -f CMakeFiles/cmTC_e8056.dir/build.make CMakeFiles/cmTC_e8056.dir/build
Building C object CMakeFiles/cmTC_e8056.dir/CheckFunctionExists.c.o
/opt/local/bin/x86_64-w64-mingw32-gcc -DKEYWORD=__inline  -DCHECK_FUNCTION_EXISTS=getgrnam_r   -o CMakeFiles/cmTC_e8056.dir/CheckFunctionExists.c.o   -c /Applications/CLion.app/Contents/bin/cmake/mac/share/cmake-3.16/Modules/CheckFunctionExists.c
Linking C executable cmTC_e8056
/Applications/CLion.app/Contents/bin/cmake/mac/bin/cmake -E cmake_link_script CMakeFiles/cmTC_e8056.dir/link.txt --verbose=1
/opt/local/bin/x86_64-w64-mingw32-gcc  -DCHECK_FUNCTION_EXISTS=getgrnam_r -Wl,-search_paths_first -Wl,-headerpad_max_install_names   CMakeFiles/cmTC_e8056.dir/CheckFunctionExists.c.o  -o cmTC_e8056 
/opt/local/lib/gcc/x86_64-w64-mingw32/9.3.0/../../../../x86_64-w64-mingw32/bin/ld: warning: cannot find entry symbol arch_paths_first; defaulting to 0000000000401000
/opt/local/lib/gcc/x86_64-w64-mingw32/9.3.0/../../../../x86_64-w64-mingw32/bin/ld: CMakeFiles/cmTC_e8056.dir/CheckFunctionExists.c.o:CheckFunctionExists.c:(.text+0x15): undefined reference to `getgrnam_r'
collect2: error: ld returned 1 exit status
make[1]: *** [cmTC_e8056] Error 1
make: *** [cmTC_e8056/fast] Error 2



Determining if the function getpwuid_r exists failed with the following output:
Change Dir: /Volumes/EXPORT/local/works/doublegsoft.net/gim/03.Development/gim/cmake-build-debug/CMakeFiles/CMakeTmp

Run Build Command(s):/usr/bin/make cmTC_bc04a/fast && /Applications/Xcode.app/Contents/Developer/usr/bin/make -f CMakeFiles/cmTC_bc04a.dir/build.make CMakeFiles/cmTC_bc04a.dir/build
Building C object CMakeFiles/cmTC_bc04a.dir/CheckFunctionExists.c.o
/opt/local/bin/x86_64-w64-mingw32-gcc -DKEYWORD=__inline  -DCHECK_FUNCTION_EXISTS=getpwuid_r   -o CMakeFiles/cmTC_bc04a.dir/CheckFunctionExists.c.o   -c /Applications/CLion.app/Contents/bin/cmake/mac/share/cmake-3.16/Modules/CheckFunctionExists.c
Linking C executable cmTC_bc04a
/Applications/CLion.app/Contents/bin/cmake/mac/bin/cmake -E cmake_link_script CMakeFiles/cmTC_bc04a.dir/link.txt --verbose=1
/opt/local/bin/x86_64-w64-mingw32-gcc  -DCHECK_FUNCTION_EXISTS=getpwuid_r -Wl,-search_paths_first -Wl,-headerpad_max_install_names   CMakeFiles/cmTC_bc04a.dir/CheckFunctionExists.c.o  -o cmTC_bc04a 
/opt/local/lib/gcc/x86_64-w64-mingw32/9.3.0/../../../../x86_64-w64-mingw32/bin/ld: warning: cannot find entry symbol arch_paths_first; defaulting to 0000000000401000
/opt/local/lib/gcc/x86_64-w64-mingw32/9.3.0/../../../../x86_64-w64-mingw32/bin/ld: CMakeFiles/cmTC_bc04a.dir/CheckFunctionExists.c.o:CheckFunctionExists.c:(.text+0x15): undefined reference to `getpwuid_r'
collect2: error: ld returned 1 exit status
make[1]: *** [cmTC_bc04a] Error 1
make: *** [cmTC_bc04a/fast] Error 2



Determining if the function getpwnam_r exists failed with the following output:
Change Dir: /Volumes/EXPORT/local/works/doublegsoft.net/gim/03.Development/gim/cmake-build-debug/CMakeFiles/CMakeTmp

Run Build Command(s):/usr/bin/make cmTC_c4162/fast && /Applications/Xcode.app/Contents/Developer/usr/bin/make -f CMakeFiles/cmTC_c4162.dir/build.make CMakeFiles/cmTC_c4162.dir/build
Building C object CMakeFiles/cmTC_c4162.dir/CheckFunctionExists.c.o
/opt/local/bin/x86_64-w64-mingw32-gcc -DKEYWORD=__inline  -DCHECK_FUNCTION_EXISTS=getpwnam_r   -o CMakeFiles/cmTC_c4162.dir/CheckFunctionExists.c.o   -c /Applications/CLion.app/Contents/bin/cmake/mac/share/cmake-3.16/Modules/CheckFunctionExists.c
Linking C executable cmTC_c4162
/Applications/CLion.app/Contents/bin/cmake/mac/bin/cmake -E cmake_link_script CMakeFiles/cmTC_c4162.dir/link.txt --verbose=1
/opt/local/bin/x86_64-w64-mingw32-gcc  -DCHECK_FUNCTION_EXISTS=getpwnam_r -Wl,-search_paths_first -Wl,-headerpad_max_install_names   CMakeFiles/cmTC_c4162.dir/CheckFunctionExists.c.o  -o cmTC_c4162 
/opt/local/lib/gcc/x86_64-w64-mingw32/9.3.0/../../../../x86_64-w64-mingw32/bin/ld: warning: cannot find entry symbol arch_paths_first; defaulting to 0000000000401000
/opt/local/lib/gcc/x86_64-w64-mingw32/9.3.0/../../../../x86_64-w64-mingw32/bin/ld: CMakeFiles/cmTC_c4162.dir/CheckFunctionExists.c.o:CheckFunctionExists.c:(.text+0x15): undefined reference to `getpwnam_r'
collect2: error: ld returned 1 exit status
make[1]: *** [cmTC_c4162] Error 1
make: *** [cmTC_c4162/fast] Error 2



Determining if the function timegm exists failed with the following output:
Change Dir: /Volumes/EXPORT/local/works/doublegsoft.net/gim/03.Development/gim/cmake-build-debug/CMakeFiles/CMakeTmp

Run Build Command(s):/usr/bin/make cmTC_17bdc/fast && /Applications/Xcode.app/Contents/Developer/usr/bin/make -f CMakeFiles/cmTC_17bdc.dir/build.make CMakeFiles/cmTC_17bdc.dir/build
Building C object CMakeFiles/cmTC_17bdc.dir/CheckFunctionExists.c.o
/opt/local/bin/x86_64-w64-mingw32-gcc -DKEYWORD=__inline  -DCHECK_FUNCTION_EXISTS=timegm   -o CMakeFiles/cmTC_17bdc.dir/CheckFunctionExists.c.o   -c /Applications/CLion.app/Contents/bin/cmake/mac/share/cmake-3.16/Modules/CheckFunctionExists.c
Linking C executable cmTC_17bdc
/Applications/CLion.app/Contents/bin/cmake/mac/bin/cmake -E cmake_link_script CMakeFiles/cmTC_17bdc.dir/link.txt --verbose=1
/opt/local/bin/x86_64-w64-mingw32-gcc  -DCHECK_FUNCTION_EXISTS=timegm -Wl,-search_paths_first -Wl,-headerpad_max_install_names   CMakeFiles/cmTC_17bdc.dir/CheckFunctionExists.c.o  -o cmTC_17bdc 
/opt/local/lib/gcc/x86_64-w64-mingw32/9.3.0/../../../../x86_64-w64-mingw32/bin/ld: warning: cannot find entry symbol arch_paths_first; defaulting to 0000000000401000
/opt/local/lib/gcc/x86_64-w64-mingw32/9.3.0/../../../../x86_64-w64-mingw32/bin/ld: CMakeFiles/cmTC_17bdc.dir/CheckFunctionExists.c.o:CheckFunctionExists.c:(.text+0x15): undefined reference to `timegm'
collect2: error: ld returned 1 exit status
make[1]: *** [cmTC_17bdc] Error 1
make: *** [cmTC_17bdc/fast] Error 2



Determining if the include file netinet/in.h exists failed with the following output:
Change Dir: /Volumes/EXPORT/local/works/doublegsoft.net/gim/03.Development/gim/cmake-build-debug/CMakeFiles/CMakeTmp

Run Build Command(s):/usr/bin/make cmTC_ee359/fast && /Applications/Xcode.app/Contents/Developer/usr/bin/make -f CMakeFiles/cmTC_ee359.dir/build.make CMakeFiles/cmTC_ee359.dir/build
Building C object CMakeFiles/cmTC_ee359.dir/CheckIncludeFile.c.o
/opt/local/bin/x86_64-w64-mingw32-gcc -DKEYWORD=__inline   -o CMakeFiles/cmTC_ee359.dir/CheckIncludeFile.c.o   -c /Volumes/EXPORT/local/works/doublegsoft.net/gim/03.Development/gim/cmake-build-debug/CMakeFiles/CMakeTmp/CheckIncludeFile.c
/Volumes/EXPORT/local/works/doublegsoft.net/gim/03.Development/gim/cmake-build-debug/CMakeFiles/CMakeTmp/CheckIncludeFile.c:1:10: fatal error: netinet/in.h: No such file or directory
    1 | #include <netinet/in.h>
      |          ^~~~~~~~~~~~~~
compilation terminated.
make[1]: *** [CMakeFiles/cmTC_ee359.dir/CheckIncludeFile.c.o] Error 1
make: *** [cmTC_ee359/fast] Error 2



Determining if the include file sys/prctl.h exists failed with the following output:
Change Dir: /Volumes/EXPORT/local/works/doublegsoft.net/gim/03.Development/gim/cmake-build-debug/CMakeFiles/CMakeTmp

Run Build Command(s):/usr/bin/make cmTC_b7770/fast && /Applications/Xcode.app/Contents/Developer/usr/bin/make -f CMakeFiles/cmTC_b7770.dir/build.make CMakeFiles/cmTC_b7770.dir/build
Building C object CMakeFiles/cmTC_b7770.dir/CheckIncludeFile.c.o
/opt/local/bin/x86_64-w64-mingw32-gcc -DKEYWORD=__inline   -o CMakeFiles/cmTC_b7770.dir/CheckIncludeFile.c.o   -c /Volumes/EXPORT/local/works/doublegsoft.net/gim/03.Development/gim/cmake-build-debug/CMakeFiles/CMakeTmp/CheckIncludeFile.c
/Volumes/EXPORT/local/works/doublegsoft.net/gim/03.Development/gim/cmake-build-debug/CMakeFiles/CMakeTmp/CheckIncludeFile.c:1:10: fatal error: sys/prctl.h: No such file or directory
    1 | #include <sys/prctl.h>
      |          ^~~~~~~~~~~~~
compilation terminated.
make[1]: *** [CMakeFiles/cmTC_b7770.dir/CheckIncludeFile.c.o] Error 1
make: *** [cmTC_b7770/fast] Error 2



Determining if the include file sys/socket.h exists failed with the following output:
Change Dir: /Volumes/EXPORT/local/works/doublegsoft.net/gim/03.Development/gim/cmake-build-debug/CMakeFiles/CMakeTmp

Run Build Command(s):/usr/bin/make cmTC_51bdd/fast && /Applications/Xcode.app/Contents/Developer/usr/bin/make -f CMakeFiles/cmTC_51bdd.dir/build.make CMakeFiles/cmTC_51bdd.dir/build
Building C object CMakeFiles/cmTC_51bdd.dir/CheckIncludeFile.c.o
/opt/local/bin/x86_64-w64-mingw32-gcc -DKEYWORD=__inline   -o CMakeFiles/cmTC_51bdd.dir/CheckIncludeFile.c.o   -c /Volumes/EXPORT/local/works/doublegsoft.net/gim/03.Development/gim/cmake-build-debug/CMakeFiles/CMakeTmp/CheckIncludeFile.c
/Volumes/EXPORT/local/works/doublegsoft.net/gim/03.Development/gim/cmake-build-debug/CMakeFiles/CMakeTmp/CheckIncludeFile.c:1:10: fatal error: sys/socket.h: No such file or directory
    1 | #include <sys/socket.h>
      |          ^~~~~~~~~~~~~~
compilation terminated.
make[1]: *** [CMakeFiles/cmTC_51bdd.dir/CheckIncludeFile.c.o] Error 1
make: *** [cmTC_51bdd/fast] Error 2



Determining if the include file sys/sockio.h exists failed with the following output:
Change Dir: /Volumes/EXPORT/local/works/doublegsoft.net/gim/03.Development/gim/cmake-build-debug/CMakeFiles/CMakeTmp

Run Build Command(s):/usr/bin/make cmTC_6ea9c/fast && /Applications/Xcode.app/Contents/Developer/usr/bin/make -f CMakeFiles/cmTC_6ea9c.dir/build.make CMakeFiles/cmTC_6ea9c.dir/build
Building C object CMakeFiles/cmTC_6ea9c.dir/CheckIncludeFile.c.o
/opt/local/bin/x86_64-w64-mingw32-gcc -DKEYWORD=__inline   -o CMakeFiles/cmTC_6ea9c.dir/CheckIncludeFile.c.o   -c /Volumes/EXPORT/local/works/doublegsoft.net/gim/03.Development/gim/cmake-build-debug/CMakeFiles/CMakeTmp/CheckIncludeFile.c
/Volumes/EXPORT/local/works/doublegsoft.net/gim/03.Development/gim/cmake-build-debug/CMakeFiles/CMakeTmp/CheckIncludeFile.c:1:10: fatal error: sys/sockio.h: No such file or directory
    1 | #include <sys/sockio.h>
      |          ^~~~~~~~~~~~~~
compilation terminated.
make[1]: *** [CMakeFiles/cmTC_6ea9c.dir/CheckIncludeFile.c.o] Error 1
make: *** [cmTC_6ea9c/fast] Error 2



Determining if the include file vfork.h exists failed with the following output:
Change Dir: /Volumes/EXPORT/local/works/doublegsoft.net/gim/03.Development/gim/cmake-build-debug/CMakeFiles/CMakeTmp

Run Build Command(s):/usr/bin/make cmTC_320a8/fast && /Applications/Xcode.app/Contents/Developer/usr/bin/make -f CMakeFiles/cmTC_320a8.dir/build.make CMakeFiles/cmTC_320a8.dir/build
Building C object CMakeFiles/cmTC_320a8.dir/CheckIncludeFile.c.o
/opt/local/bin/x86_64-w64-mingw32-gcc -DKEYWORD=__inline   -o CMakeFiles/cmTC_320a8.dir/CheckIncludeFile.c.o   -c /Volumes/EXPORT/local/works/doublegsoft.net/gim/03.Development/gim/cmake-build-debug/CMakeFiles/CMakeTmp/CheckIncludeFile.c
/Volumes/EXPORT/local/works/doublegsoft.net/gim/03.Development/gim/cmake-build-debug/CMakeFiles/CMakeTmp/CheckIncludeFile.c:1:10: fatal error: vfork.h: No such file or directory
    1 | #include <vfork.h>
      |          ^~~~~~~~~
compilation terminated.
make[1]: *** [CMakeFiles/cmTC_320a8.dir/CheckIncludeFile.c.o] Error 1
make: *** [cmTC_320a8/fast] Error 2



Determining if the include file sys/capability.h exists failed with the following output:
Change Dir: /Volumes/EXPORT/local/works/doublegsoft.net/gim/03.Development/gim/cmake-build-debug/CMakeFiles/CMakeTmp

Run Build Command(s):/usr/bin/make cmTC_c709b/fast && /Applications/Xcode.app/Contents/Developer/usr/bin/make -f CMakeFiles/cmTC_c709b.dir/build.make CMakeFiles/cmTC_c709b.dir/build
Building C object CMakeFiles/cmTC_c709b.dir/CheckIncludeFile.c.o
/opt/local/bin/x86_64-w64-mingw32-gcc -DKEYWORD=__inline   -o CMakeFiles/cmTC_c709b.dir/CheckIncludeFile.c.o   -c /Volumes/EXPORT/local/works/doublegsoft.net/gim/03.Development/gim/cmake-build-debug/CMakeFiles/CMakeTmp/CheckIncludeFile.c
/Volumes/EXPORT/local/works/doublegsoft.net/gim/03.Development/gim/cmake-build-debug/CMakeFiles/CMakeTmp/CheckIncludeFile.c:1:10: fatal error: sys/capability.h: No such file or directory
    1 | #include <sys/capability.h>
      |          ^~~~~~~~~~~~~~~~~~
compilation terminated.
make[1]: *** [CMakeFiles/cmTC_c709b.dir/CheckIncludeFile.c.o] Error 1
make: *** [cmTC_c709b/fast] Error 2



Determining if the include file sys/resource.h exists failed with the following output:
Change Dir: /Volumes/EXPORT/local/works/doublegsoft.net/gim/03.Development/gim/cmake-build-debug/CMakeFiles/CMakeTmp

Run Build Command(s):/usr/bin/make cmTC_61e89/fast && /Applications/Xcode.app/Contents/Developer/usr/bin/make -f CMakeFiles/cmTC_61e89.dir/build.make CMakeFiles/cmTC_61e89.dir/build
Building C object CMakeFiles/cmTC_61e89.dir/CheckIncludeFile.c.o
/opt/local/bin/x86_64-w64-mingw32-gcc -DKEYWORD=__inline   -o CMakeFiles/cmTC_61e89.dir/CheckIncludeFile.c.o   -c /Volumes/EXPORT/local/works/doublegsoft.net/gim/03.Development/gim/cmake-build-debug/CMakeFiles/CMakeTmp/CheckIncludeFile.c
/Volumes/EXPORT/local/works/doublegsoft.net/gim/03.Development/gim/cmake-build-debug/CMakeFiles/CMakeTmp/CheckIncludeFile.c:1:10: fatal error: sys/resource.h: No such file or directory
    1 | #include <sys/resource.h>
      |          ^~~~~~~~~~~~~~~~
compilation terminated.
make[1]: *** [CMakeFiles/cmTC_61e89.dir/CheckIncludeFile.c.o] Error 1
make: *** [cmTC_61e89/fast] Error 2



Determining if the function cap_set_flag exists in the cap failed with the following output:
Change Dir: /Volumes/EXPORT/local/works/doublegsoft.net/gim/03.Development/gim/cmake-build-debug/CMakeFiles/CMakeTmp

Run Build Command(s):/usr/bin/make cmTC_0cf5b/fast && /Applications/Xcode.app/Contents/Developer/usr/bin/make -f CMakeFiles/cmTC_0cf5b.dir/build.make CMakeFiles/cmTC_0cf5b.dir/build
Building C object CMakeFiles/cmTC_0cf5b.dir/CheckFunctionExists.c.o
/opt/local/bin/x86_64-w64-mingw32-gcc -DKEYWORD=__inline  -DCHECK_FUNCTION_EXISTS=cap_set_flag   -o CMakeFiles/cmTC_0cf5b.dir/CheckFunctionExists.c.o   -c /Applications/CLion.app/Contents/bin/cmake/mac/share/cmake-3.16/Modules/CheckFunctionExists.c
Linking C executable cmTC_0cf5b
/Applications/CLion.app/Contents/bin/cmake/mac/bin/cmake -E cmake_link_script CMakeFiles/cmTC_0cf5b.dir/link.txt --verbose=1
/opt/local/bin/x86_64-w64-mingw32-gcc  -DCHECK_FUNCTION_EXISTS=cap_set_flag -Wl,-search_paths_first -Wl,-headerpad_max_install_names   CMakeFiles/cmTC_0cf5b.dir/CheckFunctionExists.c.o  -o cmTC_0cf5b  -lcap 
/opt/local/lib/gcc/x86_64-w64-mingw32/9.3.0/../../../../x86_64-w64-mingw32/bin/ld: cannot find -lcap
collect2: error: ld returned 1 exit status
make[1]: *** [cmTC_0cf5b] Error 1
make: *** [cmTC_0cf5b/fast] Error 2



Performing C SOURCE FILE Test LWS_HAVE_RTA_PREF failed with the following output:
Change Dir: /Volumes/EXPORT/local/works/doublegsoft.net/gim/03.Development/gim/cmake-build-debug/CMakeFiles/CMakeTmp

Run Build Command(s):/usr/bin/make cmTC_1633f/fast && /Applications/Xcode.app/Contents/Developer/usr/bin/make -f CMakeFiles/cmTC_1633f.dir/build.make CMakeFiles/cmTC_1633f.dir/build
Building C object CMakeFiles/cmTC_1633f.dir/src.c.o
/opt/local/bin/x86_64-w64-mingw32-gcc -DKEYWORD=__inline  -DLWS_HAVE_RTA_PREF   -o CMakeFiles/cmTC_1633f.dir/src.c.o   -c /Volumes/EXPORT/local/works/doublegsoft.net/gim/03.Development/gim/cmake-build-debug/CMakeFiles/CMakeTmp/src.c
/Volumes/EXPORT/local/works/doublegsoft.net/gim/03.Development/gim/cmake-build-debug/CMakeFiles/CMakeTmp/src.c:1:10: fatal error: linux/rtnetlink.h: No such file or directory
    1 | #include <linux/rtnetlink.h>
      |          ^~~~~~~~~~~~~~~~~~~
compilation terminated.
make[1]: *** [CMakeFiles/cmTC_1633f.dir/src.c.o] Error 1
make: *** [cmTC_1633f/fast] Error 2


Source file was:
#include <linux/rtnetlink.h>
	int main(void) {
		int test = RTA_PREF;
		return 0;
	}
Performing C SOURCE FILE Test LWS_HAVE_SUSECONDS_T failed with the following output:
Change Dir: /Volumes/EXPORT/local/works/doublegsoft.net/gim/03.Development/gim/cmake-build-debug/CMakeFiles/CMakeTmp

Run Build Command(s):/usr/bin/make cmTC_5c21c/fast && /Applications/Xcode.app/Contents/Developer/usr/bin/make -f CMakeFiles/cmTC_5c21c.dir/build.make CMakeFiles/cmTC_5c21c.dir/build
Building C object CMakeFiles/cmTC_5c21c.dir/src.c.o
/opt/local/bin/x86_64-w64-mingw32-gcc -DKEYWORD=__inline  -DLWS_HAVE_SUSECONDS_T   -o CMakeFiles/cmTC_5c21c.dir/src.c.o   -c /Volumes/EXPORT/local/works/doublegsoft.net/gim/03.Development/gim/cmake-build-debug/CMakeFiles/CMakeTmp/src.c
/Volumes/EXPORT/local/works/doublegsoft.net/gim/03.Development/gim/cmake-build-debug/CMakeFiles/CMakeTmp/src.c: In function ‘main’:
/Volumes/EXPORT/local/works/doublegsoft.net/gim/03.Development/gim/cmake-build-debug/CMakeFiles/CMakeTmp/src.c:3:3: error: unknown type name ‘suseconds_t’; did you mean ‘useconds_t’?
    3 |   suseconds_t x = 0;
      |   ^~~~~~~~~~~
      |   useconds_t
make[1]: *** [CMakeFiles/cmTC_5c21c.dir/src.c.o] Error 1
make: *** [cmTC_5c21c/fast] Error 2


Source file was:
#include <sys/types.h>
	int main(void) {
		suseconds_t x = 0;
		return (int)x;
	}
Performing C SOURCE FILE Test LWS_HAVE_PIPE2 failed with the following output:
Change Dir: /Volumes/EXPORT/local/works/doublegsoft.net/gim/03.Development/gim/cmake-build-debug/CMakeFiles/CMakeTmp

Run Build Command(s):/usr/bin/make cmTC_797ee/fast && /Applications/Xcode.app/Contents/Developer/usr/bin/make -f CMakeFiles/cmTC_797ee.dir/build.make CMakeFiles/cmTC_797ee.dir/build
Building C object CMakeFiles/cmTC_797ee.dir/src.c.o
/opt/local/bin/x86_64-w64-mingw32-gcc -DKEYWORD=__inline  -D__USE_MINGW_ANSI_STDIO -Wno-deprecated-declarations -Wno-deprecated -Wall -Wextra -Wno-unused-parameter -Wconversion -Wsign-compare -Wstrict-aliasing -fvisibility=hidden -Wundef  -Wuninitialized -Wtype-limits -Wignored-qualifiers   -Werror -pthread -DLWS_HAVE_PIPE2   -o CMakeFiles/cmTC_797ee.dir/src.c.o   -c /Volumes/EXPORT/local/works/doublegsoft.net/gim/03.Development/gim/cmake-build-debug/CMakeFiles/CMakeTmp/src.c
/Volumes/EXPORT/local/works/doublegsoft.net/gim/03.Development/gim/cmake-build-debug/CMakeFiles/CMakeTmp/src.c: In function ‘main’:
/Volumes/EXPORT/local/works/doublegsoft.net/gim/03.Development/gim/cmake-build-debug/CMakeFiles/CMakeTmp/src.c:8:10: error: implicit declaration of function ‘pipe2’ [-Werror=implicit-function-declaration]
    8 |   return pipe2(fd, 0);
      |          ^~~~~
cc1: all warnings being treated as errors
make[1]: *** [CMakeFiles/cmTC_797ee.dir/src.c.o] Error 1
make: *** [cmTC_797ee/fast] Error 2


Source file was:

	#ifndef _GNU_SOURCE
	#define _GNU_SOURCE
	#endif
	#include <unistd.h>
	int main(void) {
		int fd[2];
		return pipe2(fd, 0);
	}
Performing C SOURCE FILE Test LWS_HAVE_TCP_USER_TIMEOUT failed with the following output:
Change Dir: /Volumes/EXPORT/local/works/doublegsoft.net/gim/03.Development/gim/cmake-build-debug/CMakeFiles/CMakeTmp

Run Build Command(s):/usr/bin/make cmTC_258a1/fast && /Applications/Xcode.app/Contents/Developer/usr/bin/make -f CMakeFiles/cmTC_258a1.dir/build.make CMakeFiles/cmTC_258a1.dir/build
Building C object CMakeFiles/cmTC_258a1.dir/src.c.o
/opt/local/bin/x86_64-w64-mingw32-gcc -DKEYWORD=__inline  -D__USE_MINGW_ANSI_STDIO -Wno-deprecated-declarations -Wno-deprecated -Wall -Wextra -Wno-unused-parameter -Wconversion -Wsign-compare -Wstrict-aliasing -fvisibility=hidden -Wundef  -Wuninitialized -Wtype-limits -Wignored-qualifiers   -Werror -pthread -DLWS_HAVE_TCP_USER_TIMEOUT   -o CMakeFiles/cmTC_258a1.dir/src.c.o   -c /Volumes/EXPORT/local/works/doublegsoft.net/gim/03.Development/gim/cmake-build-debug/CMakeFiles/CMakeTmp/src.c
/Volumes/EXPORT/local/works/doublegsoft.net/gim/03.Development/gim/cmake-build-debug/CMakeFiles/CMakeTmp/src.c:1:10: fatal error: netinet/tcp.h: No such file or directory
    1 | #include <netinet/tcp.h>
      |          ^~~~~~~~~~~~~~~
compilation terminated.
make[1]: *** [CMakeFiles/cmTC_258a1.dir/src.c.o] Error 1
make: *** [cmTC_258a1/fast] Error 2


Source file was:
#include <netinet/tcp.h>
int main(void) { return TCP_USER_TIMEOUT; }

Determining if the function SSL_CTX_set1_param exists failed with the following output:
Change Dir: /Volumes/EXPORT/local/works/doublegsoft.net/gim/03.Development/gim/cmake-build-debug/CMakeFiles/CMakeTmp

Run Build Command(s):/usr/bin/make cmTC_cb555/fast && /Applications/Xcode.app/Contents/Developer/usr/bin/make -f CMakeFiles/cmTC_cb555.dir/build.make CMakeFiles/cmTC_cb555.dir/build
Building C object CMakeFiles/cmTC_cb555.dir/CheckFunctionExists.c.o
/opt/local/bin/x86_64-w64-mingw32-gcc -DKEYWORD=__inline -I/usr/local/Cellar/openssl@3/3.1.3/include  -D__USE_MINGW_ANSI_STDIO -Wno-deprecated-declarations -Wno-deprecated -Wall -Wextra -Wno-unused-parameter -Wconversion -Wsign-compare -Wstrict-aliasing -fvisibility=hidden -Wundef  -Wuninitialized -Wtype-limits -Wignored-qualifiers   -Werror -pthread -DCHECK_FUNCTION_EXISTS=SSL_CTX_set1_param   -o CMakeFiles/cmTC_cb555.dir/CheckFunctionExists.c.o   -c /Applications/CLion.app/Contents/bin/cmake/mac/share/cmake-3.16/Modules/CheckFunctionExists.c
Linking C executable cmTC_cb555
/Applications/CLion.app/Contents/bin/cmake/mac/bin/cmake -E cmake_link_script CMakeFiles/cmTC_cb555.dir/link.txt --verbose=1
/opt/local/bin/x86_64-w64-mingw32-gcc -D__USE_MINGW_ANSI_STDIO -Wno-deprecated-declarations -Wno-deprecated -Wall -Wextra -Wno-unused-parameter -Wconversion -Wsign-compare -Wstrict-aliasing -fvisibility=hidden -Wundef  -Wuninitialized -Wtype-limits -Wignored-qualifiers   -Werror -pthread -DCHECK_FUNCTION_EXISTS=SSL_CTX_set1_param -Wl,-search_paths_first -Wl,-headerpad_max_install_names   CMakeFiles/cmTC_cb555.dir/CheckFunctionExists.c.o  -o cmTC_cb555  /usr/local/Cellar/openssl@3/3.1.3/lib/libssl.dylib /usr/local/Cellar/openssl@3/3.1.3/lib/libcrypto.dylib /usr/local/Cellar/openssl@3/3.1.3/lib/libssl.dylib /usr/local/Cellar/openssl@3/3.1.3/lib/libcrypto.dylib -lpthread 
/usr/local/Cellar/openssl@3/3.1.3/lib/libssl.dylib: file not recognized: file format not recognized
collect2: error: ld returned 1 exit status
make[1]: *** [cmTC_cb555] Error 1
make: *** [cmTC_cb555/fast] Error 2



Determining if the function SSL_set_info_callback exists failed with the following output:
Change Dir: /Volumes/EXPORT/local/works/doublegsoft.net/gim/03.Development/gim/cmake-build-debug/CMakeFiles/CMakeTmp

Run Build Command(s):/usr/bin/make cmTC_98128/fast && /Applications/Xcode.app/Contents/Developer/usr/bin/make -f CMakeFiles/cmTC_98128.dir/build.make CMakeFiles/cmTC_98128.dir/build
Building C object CMakeFiles/cmTC_98128.dir/CheckFunctionExists.c.o
/opt/local/bin/x86_64-w64-mingw32-gcc -DKEYWORD=__inline -I/usr/local/Cellar/openssl@3/3.1.3/include  -D__USE_MINGW_ANSI_STDIO -Wno-deprecated-declarations -Wno-deprecated -Wall -Wextra -Wno-unused-parameter -Wconversion -Wsign-compare -Wstrict-aliasing -fvisibility=hidden -Wundef  -Wuninitialized -Wtype-limits -Wignored-qualifiers   -Werror -pthread -DCHECK_FUNCTION_EXISTS=SSL_set_info_callback   -o CMakeFiles/cmTC_98128.dir/CheckFunctionExists.c.o   -c /Applications/CLion.app/Contents/bin/cmake/mac/share/cmake-3.16/Modules/CheckFunctionExists.c
Linking C executable cmTC_98128
/Applications/CLion.app/Contents/bin/cmake/mac/bin/cmake -E cmake_link_script CMakeFiles/cmTC_98128.dir/link.txt --verbose=1
/opt/local/bin/x86_64-w64-mingw32-gcc -D__USE_MINGW_ANSI_STDIO -Wno-deprecated-declarations -Wno-deprecated -Wall -Wextra -Wno-unused-parameter -Wconversion -Wsign-compare -Wstrict-aliasing -fvisibility=hidden -Wundef  -Wuninitialized -Wtype-limits -Wignored-qualifiers   -Werror -pthread -DCHECK_FUNCTION_EXISTS=SSL_set_info_callback -Wl,-search_paths_first -Wl,-headerpad_max_install_names   CMakeFiles/cmTC_98128.dir/CheckFunctionExists.c.o  -o cmTC_98128  /usr/local/Cellar/openssl@3/3.1.3/lib/libssl.dylib /usr/local/Cellar/openssl@3/3.1.3/lib/libcrypto.dylib /usr/local/Cellar/openssl@3/3.1.3/lib/libssl.dylib /usr/local/Cellar/openssl@3/3.1.3/lib/libcrypto.dylib -lpthread 
/usr/local/Cellar/openssl@3/3.1.3/lib/libssl.dylib: file not recognized: file format not recognized
collect2: error: ld returned 1 exit status
make[1]: *** [cmTC_98128] Error 1
make: *** [cmTC_98128/fast] Error 2



Determining if the function X509_VERIFY_PARAM_set1_host exists failed with the following output:
Change Dir: /Volumes/EXPORT/local/works/doublegsoft.net/gim/03.Development/gim/cmake-build-debug/CMakeFiles/CMakeTmp

Run Build Command(s):/usr/bin/make cmTC_9a681/fast && /Applications/Xcode.app/Contents/Developer/usr/bin/make -f CMakeFiles/cmTC_9a681.dir/build.make CMakeFiles/cmTC_9a681.dir/build
Building C object CMakeFiles/cmTC_9a681.dir/CheckFunctionExists.c.o
/opt/local/bin/x86_64-w64-mingw32-gcc -DKEYWORD=__inline -I/usr/local/Cellar/openssl@3/3.1.3/include  -D__USE_MINGW_ANSI_STDIO -Wno-deprecated-declarations -Wno-deprecated -Wall -Wextra -Wno-unused-parameter -Wconversion -Wsign-compare -Wstrict-aliasing -fvisibility=hidden -Wundef  -Wuninitialized -Wtype-limits -Wignored-qualifiers   -Werror -pthread -DCHECK_FUNCTION_EXISTS=X509_VERIFY_PARAM_set1_host   -o CMakeFiles/cmTC_9a681.dir/CheckFunctionExists.c.o   -c /Applications/CLion.app/Contents/bin/cmake/mac/share/cmake-3.16/Modules/CheckFunctionExists.c
Linking C executable cmTC_9a681
/Applications/CLion.app/Contents/bin/cmake/mac/bin/cmake -E cmake_link_script CMakeFiles/cmTC_9a681.dir/link.txt --verbose=1
/opt/local/bin/x86_64-w64-mingw32-gcc -D__USE_MINGW_ANSI_STDIO -Wno-deprecated-declarations -Wno-deprecated -Wall -Wextra -Wno-unused-parameter -Wconversion -Wsign-compare -Wstrict-aliasing -fvisibility=hidden -Wundef  -Wuninitialized -Wtype-limits -Wignored-qualifiers   -Werror -pthread -DCHECK_FUNCTION_EXISTS=X509_VERIFY_PARAM_set1_host -Wl,-search_paths_first -Wl,-headerpad_max_install_names   CMakeFiles/cmTC_9a681.dir/CheckFunctionExists.c.o  -o cmTC_9a681  /usr/local/Cellar/openssl@3/3.1.3/lib/libssl.dylib /usr/local/Cellar/openssl@3/3.1.3/lib/libcrypto.dylib /usr/local/Cellar/openssl@3/3.1.3/lib/libssl.dylib /usr/local/Cellar/openssl@3/3.1.3/lib/libcrypto.dylib -lpthread 
/usr/local/Cellar/openssl@3/3.1.3/lib/libssl.dylib: file not recognized: file format not recognized
collect2: error: ld returned 1 exit status
make[1]: *** [cmTC_9a681] Error 1
make: *** [cmTC_9a681/fast] Error 2



Determining if the X509_VERIFY_PARAM_set1_host exist failed with the following output:
Change Dir: /Volumes/EXPORT/local/works/doublegsoft.net/gim/03.Development/gim/cmake-build-debug/CMakeFiles/CMakeTmp

Run Build Command(s):/usr/bin/make cmTC_ddbdb/fast && /Applications/Xcode.app/Contents/Developer/usr/bin/make -f CMakeFiles/cmTC_ddbdb.dir/build.make CMakeFiles/cmTC_ddbdb.dir/build
Building C object CMakeFiles/cmTC_ddbdb.dir/CheckSymbolExists.c.o
/opt/local/bin/x86_64-w64-mingw32-gcc -DKEYWORD=__inline -I/usr/local/Cellar/openssl@3/3.1.3/include  -D__USE_MINGW_ANSI_STDIO -Wno-deprecated-declarations -Wno-deprecated -Wall -Wextra -Wno-unused-parameter -Wconversion -Wsign-compare -Wstrict-aliasing -fvisibility=hidden -Wundef  -Wuninitialized -Wtype-limits -Wignored-qualifiers   -Werror -pthread    -o CMakeFiles/cmTC_ddbdb.dir/CheckSymbolExists.c.o   -c /Volumes/EXPORT/local/works/doublegsoft.net/gim/03.Development/gim/cmake-build-debug/CMakeFiles/CMakeTmp/CheckSymbolExists.c
/Volumes/EXPORT/local/works/doublegsoft.net/gim/03.Development/gim/cmake-build-debug/CMakeFiles/CMakeTmp/CheckSymbolExists.c:2:10: fatal error: LWS_HAVE_X509_VERIFY_PARAM_set1_host_sym: No such file or directory
    2 | #include <LWS_HAVE_X509_VERIFY_PARAM_set1_host_sym>
      |          ^~~~~~~~~~~~~~~~~~~~~~~~~~~~~~~~~~~~~~~~~~
compilation terminated.
make[1]: *** [CMakeFiles/cmTC_ddbdb.dir/CheckSymbolExists.c.o] Error 1
make: *** [cmTC_ddbdb/fast] Error 2


File /Volumes/EXPORT/local/works/doublegsoft.net/gim/03.Development/gim/cmake-build-debug/CMakeFiles/CMakeTmp/CheckSymbolExists.c:
/* */
#include <LWS_HAVE_X509_VERIFY_PARAM_set1_host_sym>

int main(int argc, char** argv)
{
  (void)argv;
#ifndef X509_VERIFY_PARAM_set1_host
  return ((int*)(&X509_VERIFY_PARAM_set1_host))[argc];
#else
  (void)argc;
  return 0;
#endif
}
Determining if the function RSA_set0_key exists failed with the following output:
Change Dir: /Volumes/EXPORT/local/works/doublegsoft.net/gim/03.Development/gim/cmake-build-debug/CMakeFiles/CMakeTmp

Run Build Command(s):/usr/bin/make cmTC_26784/fast && /Applications/Xcode.app/Contents/Developer/usr/bin/make -f CMakeFiles/cmTC_26784.dir/build.make CMakeFiles/cmTC_26784.dir/build
Building C object CMakeFiles/cmTC_26784.dir/CheckFunctionExists.c.o
/opt/local/bin/x86_64-w64-mingw32-gcc -DKEYWORD=__inline -I/usr/local/Cellar/openssl@3/3.1.3/include  -D__USE_MINGW_ANSI_STDIO -Wno-deprecated-declarations -Wno-deprecated -Wall -Wextra -Wno-unused-parameter -Wconversion -Wsign-compare -Wstrict-aliasing -fvisibility=hidden -Wundef  -Wuninitialized -Wtype-limits -Wignored-qualifiers   -Werror -pthread -DCHECK_FUNCTION_EXISTS=RSA_set0_key   -o CMakeFiles/cmTC_26784.dir/CheckFunctionExists.c.o   -c /Applications/CLion.app/Contents/bin/cmake/mac/share/cmake-3.16/Modules/CheckFunctionExists.c
Linking C executable cmTC_26784
/Applications/CLion.app/Contents/bin/cmake/mac/bin/cmake -E cmake_link_script CMakeFiles/cmTC_26784.dir/link.txt --verbose=1
/opt/local/bin/x86_64-w64-mingw32-gcc -D__USE_MINGW_ANSI_STDIO -Wno-deprecated-declarations -Wno-deprecated -Wall -Wextra -Wno-unused-parameter -Wconversion -Wsign-compare -Wstrict-aliasing -fvisibility=hidden -Wundef  -Wuninitialized -Wtype-limits -Wignored-qualifiers   -Werror -pthread -DCHECK_FUNCTION_EXISTS=RSA_set0_key -Wl,-search_paths_first -Wl,-headerpad_max_install_names   CMakeFiles/cmTC_26784.dir/CheckFunctionExists.c.o  -o cmTC_26784  /usr/local/Cellar/openssl@3/3.1.3/lib/libssl.dylib /usr/local/Cellar/openssl@3/3.1.3/lib/libcrypto.dylib /usr/local/Cellar/openssl@3/3.1.3/lib/libssl.dylib /usr/local/Cellar/openssl@3/3.1.3/lib/libcrypto.dylib -lpthread 
/usr/local/Cellar/openssl@3/3.1.3/lib/libssl.dylib: file not recognized: file format not recognized
collect2: error: ld returned 1 exit status
make[1]: *** [cmTC_26784] Error 1
make: *** [cmTC_26784/fast] Error 2



Determining if the function X509_get_key_usage exists failed with the following output:
Change Dir: /Volumes/EXPORT/local/works/doublegsoft.net/gim/03.Development/gim/cmake-build-debug/CMakeFiles/CMakeTmp

Run Build Command(s):/usr/bin/make cmTC_5e263/fast && /Applications/Xcode.app/Contents/Developer/usr/bin/make -f CMakeFiles/cmTC_5e263.dir/build.make CMakeFiles/cmTC_5e263.dir/build
Building C object CMakeFiles/cmTC_5e263.dir/CheckFunctionExists.c.o
/opt/local/bin/x86_64-w64-mingw32-gcc -DKEYWORD=__inline -I/usr/local/Cellar/openssl@3/3.1.3/include  -D__USE_MINGW_ANSI_STDIO -Wno-deprecated-declarations -Wno-deprecated -Wall -Wextra -Wno-unused-parameter -Wconversion -Wsign-compare -Wstrict-aliasing -fvisibility=hidden -Wundef  -Wuninitialized -Wtype-limits -Wignored-qualifiers   -Werror -pthread -DCHECK_FUNCTION_EXISTS=X509_get_key_usage   -o CMakeFiles/cmTC_5e263.dir/CheckFunctionExists.c.o   -c /Applications/CLion.app/Contents/bin/cmake/mac/share/cmake-3.16/Modules/CheckFunctionExists.c
Linking C executable cmTC_5e263
/Applications/CLion.app/Contents/bin/cmake/mac/bin/cmake -E cmake_link_script CMakeFiles/cmTC_5e263.dir/link.txt --verbose=1
/opt/local/bin/x86_64-w64-mingw32-gcc -D__USE_MINGW_ANSI_STDIO -Wno-deprecated-declarations -Wno-deprecated -Wall -Wextra -Wno-unused-parameter -Wconversion -Wsign-compare -Wstrict-aliasing -fvisibility=hidden -Wundef  -Wuninitialized -Wtype-limits -Wignored-qualifiers   -Werror -pthread -DCHECK_FUNCTION_EXISTS=X509_get_key_usage -Wl,-search_paths_first -Wl,-headerpad_max_install_names   CMakeFiles/cmTC_5e263.dir/CheckFunctionExists.c.o  -o cmTC_5e263  /usr/local/Cellar/openssl@3/3.1.3/lib/libssl.dylib /usr/local/Cellar/openssl@3/3.1.3/lib/libcrypto.dylib /usr/local/Cellar/openssl@3/3.1.3/lib/libssl.dylib /usr/local/Cellar/openssl@3/3.1.3/lib/libcrypto.dylib -lpthread 
/usr/local/Cellar/openssl@3/3.1.3/lib/libssl.dylib: file not recognized: file format not recognized
collect2: error: ld returned 1 exit status
make[1]: *** [cmTC_5e263] Error 1
make: *** [cmTC_5e263/fast] Error 2



Determining if the function SSL_CTX_EVP_PKEY_new_raw_private_key exists failed with the following output:
Change Dir: /Volumes/EXPORT/local/works/doublegsoft.net/gim/03.Development/gim/cmake-build-debug/CMakeFiles/CMakeTmp

Run Build Command(s):/usr/bin/make cmTC_9ffa9/fast && /Applications/Xcode.app/Contents/Developer/usr/bin/make -f CMakeFiles/cmTC_9ffa9.dir/build.make CMakeFiles/cmTC_9ffa9.dir/build
Building C object CMakeFiles/cmTC_9ffa9.dir/CheckFunctionExists.c.o
/opt/local/bin/x86_64-w64-mingw32-gcc -DKEYWORD=__inline -I/usr/local/Cellar/openssl@3/3.1.3/include  -D__USE_MINGW_ANSI_STDIO -Wno-deprecated-declarations -Wno-deprecated -Wall -Wextra -Wno-unused-parameter -Wconversion -Wsign-compare -Wstrict-aliasing -fvisibility=hidden -Wundef  -Wuninitialized -Wtype-limits -Wignored-qualifiers   -Werror -pthread -DCHECK_FUNCTION_EXISTS=SSL_CTX_EVP_PKEY_new_raw_private_key   -o CMakeFiles/cmTC_9ffa9.dir/CheckFunctionExists.c.o   -c /Applications/CLion.app/Contents/bin/cmake/mac/share/cmake-3.16/Modules/CheckFunctionExists.c
Linking C executable cmTC_9ffa9
/Applications/CLion.app/Contents/bin/cmake/mac/bin/cmake -E cmake_link_script CMakeFiles/cmTC_9ffa9.dir/link.txt --verbose=1
/opt/local/bin/x86_64-w64-mingw32-gcc -D__USE_MINGW_ANSI_STDIO -Wno-deprecated-declarations -Wno-deprecated -Wall -Wextra -Wno-unused-parameter -Wconversion -Wsign-compare -Wstrict-aliasing -fvisibility=hidden -Wundef  -Wuninitialized -Wtype-limits -Wignored-qualifiers   -Werror -pthread -DCHECK_FUNCTION_EXISTS=SSL_CTX_EVP_PKEY_new_raw_private_key -Wl,-search_paths_first -Wl,-headerpad_max_install_names   CMakeFiles/cmTC_9ffa9.dir/CheckFunctionExists.c.o  -o cmTC_9ffa9  /usr/local/Cellar/openssl@3/3.1.3/lib/libssl.dylib /usr/local/Cellar/openssl@3/3.1.3/lib/libcrypto.dylib /usr/local/Cellar/openssl@3/3.1.3/lib/libssl.dylib /usr/local/Cellar/openssl@3/3.1.3/lib/libcrypto.dylib -lpthread 
/usr/local/Cellar/openssl@3/3.1.3/lib/libssl.dylib: file not recognized: file format not recognized
collect2: error: ld returned 1 exit status
make[1]: *** [cmTC_9ffa9] Error 1
make: *** [cmTC_9ffa9/fast] Error 2



Determining if the function SSL_CTX_get0_certificate exists failed with the following output:
Change Dir: /Volumes/EXPORT/local/works/doublegsoft.net/gim/03.Development/gim/cmake-build-debug/CMakeFiles/CMakeTmp

Run Build Command(s):/usr/bin/make cmTC_67dac/fast && /Applications/Xcode.app/Contents/Developer/usr/bin/make -f CMakeFiles/cmTC_67dac.dir/build.make CMakeFiles/cmTC_67dac.dir/build
Building C object CMakeFiles/cmTC_67dac.dir/CheckFunctionExists.c.o
/opt/local/bin/x86_64-w64-mingw32-gcc -DKEYWORD=__inline -I/usr/local/Cellar/openssl@3/3.1.3/include  -D__USE_MINGW_ANSI_STDIO -Wno-deprecated-declarations -Wno-deprecated -Wall -Wextra -Wno-unused-parameter -Wconversion -Wsign-compare -Wstrict-aliasing -fvisibility=hidden -Wundef  -Wuninitialized -Wtype-limits -Wignored-qualifiers   -Werror -pthread -DCHECK_FUNCTION_EXISTS=SSL_CTX_get0_certificate   -o CMakeFiles/cmTC_67dac.dir/CheckFunctionExists.c.o   -c /Applications/CLion.app/Contents/bin/cmake/mac/share/cmake-3.16/Modules/CheckFunctionExists.c
Linking C executable cmTC_67dac
/Applications/CLion.app/Contents/bin/cmake/mac/bin/cmake -E cmake_link_script CMakeFiles/cmTC_67dac.dir/link.txt --verbose=1
/opt/local/bin/x86_64-w64-mingw32-gcc -D__USE_MINGW_ANSI_STDIO -Wno-deprecated-declarations -Wno-deprecated -Wall -Wextra -Wno-unused-parameter -Wconversion -Wsign-compare -Wstrict-aliasing -fvisibility=hidden -Wundef  -Wuninitialized -Wtype-limits -Wignored-qualifiers   -Werror -pthread -DCHECK_FUNCTION_EXISTS=SSL_CTX_get0_certificate -Wl,-search_paths_first -Wl,-headerpad_max_install_names   CMakeFiles/cmTC_67dac.dir/CheckFunctionExists.c.o  -o cmTC_67dac  /usr/local/Cellar/openssl@3/3.1.3/lib/libssl.dylib /usr/local/Cellar/openssl@3/3.1.3/lib/libcrypto.dylib /usr/local/Cellar/openssl@3/3.1.3/lib/libssl.dylib /usr/local/Cellar/openssl@3/3.1.3/lib/libcrypto.dylib -lpthread 
/usr/local/Cellar/openssl@3/3.1.3/lib/libssl.dylib: file not recognized: file format not recognized
collect2: error: ld returned 1 exit status
make[1]: *** [cmTC_67dac] Error 1
make: *** [cmTC_67dac/fast] Error 2



Determining if the function SSL_get0_alpn_selected exists failed with the following output:
Change Dir: /Volumes/EXPORT/local/works/doublegsoft.net/gim/03.Development/gim/cmake-build-debug/CMakeFiles/CMakeTmp

Run Build Command(s):/usr/bin/make cmTC_430d9/fast && /Applications/Xcode.app/Contents/Developer/usr/bin/make -f CMakeFiles/cmTC_430d9.dir/build.make CMakeFiles/cmTC_430d9.dir/build
Building C object CMakeFiles/cmTC_430d9.dir/CheckFunctionExists.c.o
/opt/local/bin/x86_64-w64-mingw32-gcc -DKEYWORD=__inline -I/usr/local/Cellar/openssl@3/3.1.3/include  -D__USE_MINGW_ANSI_STDIO -Wno-deprecated-declarations -Wno-deprecated -Wall -Wextra -Wno-unused-parameter -Wconversion -Wsign-compare -Wstrict-aliasing -fvisibility=hidden -Wundef  -Wuninitialized -Wtype-limits -Wignored-qualifiers   -Werror -pthread -DCHECK_FUNCTION_EXISTS=SSL_get0_alpn_selected   -o CMakeFiles/cmTC_430d9.dir/CheckFunctionExists.c.o   -c /Applications/CLion.app/Contents/bin/cmake/mac/share/cmake-3.16/Modules/CheckFunctionExists.c
Linking C executable cmTC_430d9
/Applications/CLion.app/Contents/bin/cmake/mac/bin/cmake -E cmake_link_script CMakeFiles/cmTC_430d9.dir/link.txt --verbose=1
/opt/local/bin/x86_64-w64-mingw32-gcc -D__USE_MINGW_ANSI_STDIO -Wno-deprecated-declarations -Wno-deprecated -Wall -Wextra -Wno-unused-parameter -Wconversion -Wsign-compare -Wstrict-aliasing -fvisibility=hidden -Wundef  -Wuninitialized -Wtype-limits -Wignored-qualifiers   -Werror -pthread -DCHECK_FUNCTION_EXISTS=SSL_get0_alpn_selected -Wl,-search_paths_first -Wl,-headerpad_max_install_names   CMakeFiles/cmTC_430d9.dir/CheckFunctionExists.c.o  -o cmTC_430d9  /usr/local/Cellar/openssl@3/3.1.3/lib/libssl.dylib /usr/local/Cellar/openssl@3/3.1.3/lib/libcrypto.dylib /usr/local/Cellar/openssl@3/3.1.3/lib/libssl.dylib /usr/local/Cellar/openssl@3/3.1.3/lib/libcrypto.dylib -lpthread 
/usr/local/Cellar/openssl@3/3.1.3/lib/libssl.dylib: file not recognized: file format not recognized
collect2: error: ld returned 1 exit status
make[1]: *** [cmTC_430d9] Error 1
make: *** [cmTC_430d9/fast] Error 2



Determining if the function SSL_set_alpn_protos exists failed with the following output:
Change Dir: /Volumes/EXPORT/local/works/doublegsoft.net/gim/03.Development/gim/cmake-build-debug/CMakeFiles/CMakeTmp

Run Build Command(s):/usr/bin/make cmTC_fa0ce/fast && /Applications/Xcode.app/Contents/Developer/usr/bin/make -f CMakeFiles/cmTC_fa0ce.dir/build.make CMakeFiles/cmTC_fa0ce.dir/build
Building C object CMakeFiles/cmTC_fa0ce.dir/CheckFunctionExists.c.o
/opt/local/bin/x86_64-w64-mingw32-gcc -DKEYWORD=__inline -I/usr/local/Cellar/openssl@3/3.1.3/include  -D__USE_MINGW_ANSI_STDIO -Wno-deprecated-declarations -Wno-deprecated -Wall -Wextra -Wno-unused-parameter -Wconversion -Wsign-compare -Wstrict-aliasing -fvisibility=hidden -Wundef  -Wuninitialized -Wtype-limits -Wignored-qualifiers   -Werror -pthread -DCHECK_FUNCTION_EXISTS=SSL_set_alpn_protos   -o CMakeFiles/cmTC_fa0ce.dir/CheckFunctionExists.c.o   -c /Applications/CLion.app/Contents/bin/cmake/mac/share/cmake-3.16/Modules/CheckFunctionExists.c
Linking C executable cmTC_fa0ce
/Applications/CLion.app/Contents/bin/cmake/mac/bin/cmake -E cmake_link_script CMakeFiles/cmTC_fa0ce.dir/link.txt --verbose=1
/opt/local/bin/x86_64-w64-mingw32-gcc -D__USE_MINGW_ANSI_STDIO -Wno-deprecated-declarations -Wno-deprecated -Wall -Wextra -Wno-unused-parameter -Wconversion -Wsign-compare -Wstrict-aliasing -fvisibility=hidden -Wundef  -Wuninitialized -Wtype-limits -Wignored-qualifiers   -Werror -pthread -DCHECK_FUNCTION_EXISTS=SSL_set_alpn_protos -Wl,-search_paths_first -Wl,-headerpad_max_install_names   CMakeFiles/cmTC_fa0ce.dir/CheckFunctionExists.c.o  -o cmTC_fa0ce  /usr/local/Cellar/openssl@3/3.1.3/lib/libssl.dylib /usr/local/Cellar/openssl@3/3.1.3/lib/libcrypto.dylib /usr/local/Cellar/openssl@3/3.1.3/lib/libssl.dylib /usr/local/Cellar/openssl@3/3.1.3/lib/libcrypto.dylib -lpthread 
/usr/local/Cellar/openssl@3/3.1.3/lib/libssl.dylib: file not recognized: file format not recognized
collect2: error: ld returned 1 exit status
make[1]: *** [cmTC_fa0ce] Error 1
make: *** [cmTC_fa0ce/fast] Error 2



Determining if the function EVP_aes_128_cfb8 exists failed with the following output:
Change Dir: /Volumes/EXPORT/local/works/doublegsoft.net/gim/03.Development/gim/cmake-build-debug/CMakeFiles/CMakeTmp

Run Build Command(s):/usr/bin/make cmTC_0fd3a/fast && /Applications/Xcode.app/Contents/Developer/usr/bin/make -f CMakeFiles/cmTC_0fd3a.dir/build.make CMakeFiles/cmTC_0fd3a.dir/build
Building C object CMakeFiles/cmTC_0fd3a.dir/CheckFunctionExists.c.o
/opt/local/bin/x86_64-w64-mingw32-gcc -DKEYWORD=__inline -I/usr/local/Cellar/openssl@3/3.1.3/include  -D__USE_MINGW_ANSI_STDIO -Wno-deprecated-declarations -Wno-deprecated -Wall -Wextra -Wno-unused-parameter -Wconversion -Wsign-compare -Wstrict-aliasing -fvisibility=hidden -Wundef  -Wuninitialized -Wtype-limits -Wignored-qualifiers   -Werror -pthread -DCHECK_FUNCTION_EXISTS=EVP_aes_128_cfb8   -o CMakeFiles/cmTC_0fd3a.dir/CheckFunctionExists.c.o   -c /Applications/CLion.app/Contents/bin/cmake/mac/share/cmake-3.16/Modules/CheckFunctionExists.c
Linking C executable cmTC_0fd3a
/Applications/CLion.app/Contents/bin/cmake/mac/bin/cmake -E cmake_link_script CMakeFiles/cmTC_0fd3a.dir/link.txt --verbose=1
/opt/local/bin/x86_64-w64-mingw32-gcc -D__USE_MINGW_ANSI_STDIO -Wno-deprecated-declarations -Wno-deprecated -Wall -Wextra -Wno-unused-parameter -Wconversion -Wsign-compare -Wstrict-aliasing -fvisibility=hidden -Wundef  -Wuninitialized -Wtype-limits -Wignored-qualifiers   -Werror -pthread -DCHECK_FUNCTION_EXISTS=EVP_aes_128_cfb8 -Wl,-search_paths_first -Wl,-headerpad_max_install_names   CMakeFiles/cmTC_0fd3a.dir/CheckFunctionExists.c.o  -o cmTC_0fd3a  /usr/local/Cellar/openssl@3/3.1.3/lib/libssl.dylib /usr/local/Cellar/openssl@3/3.1.3/lib/libcrypto.dylib /usr/local/Cellar/openssl@3/3.1.3/lib/libssl.dylib /usr/local/Cellar/openssl@3/3.1.3/lib/libcrypto.dylib -lpthread 
/usr/local/Cellar/openssl@3/3.1.3/lib/libssl.dylib: file not recognized: file format not recognized
collect2: error: ld returned 1 exit status
make[1]: *** [cmTC_0fd3a] Error 1
make: *** [cmTC_0fd3a/fast] Error 2



Determining if the function EVP_aes_128_cfb128 exists failed with the following output:
Change Dir: /Volumes/EXPORT/local/works/doublegsoft.net/gim/03.Development/gim/cmake-build-debug/CMakeFiles/CMakeTmp

Run Build Command(s):/usr/bin/make cmTC_abc8e/fast && /Applications/Xcode.app/Contents/Developer/usr/bin/make -f CMakeFiles/cmTC_abc8e.dir/build.make CMakeFiles/cmTC_abc8e.dir/build
Building C object CMakeFiles/cmTC_abc8e.dir/CheckFunctionExists.c.o
/opt/local/bin/x86_64-w64-mingw32-gcc -DKEYWORD=__inline -I/usr/local/Cellar/openssl@3/3.1.3/include  -D__USE_MINGW_ANSI_STDIO -Wno-deprecated-declarations -Wno-deprecated -Wall -Wextra -Wno-unused-parameter -Wconversion -Wsign-compare -Wstrict-aliasing -fvisibility=hidden -Wundef  -Wuninitialized -Wtype-limits -Wignored-qualifiers   -Werror -pthread -DCHECK_FUNCTION_EXISTS=EVP_aes_128_cfb128   -o CMakeFiles/cmTC_abc8e.dir/CheckFunctionExists.c.o   -c /Applications/CLion.app/Contents/bin/cmake/mac/share/cmake-3.16/Modules/CheckFunctionExists.c
Linking C executable cmTC_abc8e
/Applications/CLion.app/Contents/bin/cmake/mac/bin/cmake -E cmake_link_script CMakeFiles/cmTC_abc8e.dir/link.txt --verbose=1
/opt/local/bin/x86_64-w64-mingw32-gcc -D__USE_MINGW_ANSI_STDIO -Wno-deprecated-declarations -Wno-deprecated -Wall -Wextra -Wno-unused-parameter -Wconversion -Wsign-compare -Wstrict-aliasing -fvisibility=hidden -Wundef  -Wuninitialized -Wtype-limits -Wignored-qualifiers   -Werror -pthread -DCHECK_FUNCTION_EXISTS=EVP_aes_128_cfb128 -Wl,-search_paths_first -Wl,-headerpad_max_install_names   CMakeFiles/cmTC_abc8e.dir/CheckFunctionExists.c.o  -o cmTC_abc8e  /usr/local/Cellar/openssl@3/3.1.3/lib/libssl.dylib /usr/local/Cellar/openssl@3/3.1.3/lib/libcrypto.dylib /usr/local/Cellar/openssl@3/3.1.3/lib/libssl.dylib /usr/local/Cellar/openssl@3/3.1.3/lib/libcrypto.dylib -lpthread 
/usr/local/Cellar/openssl@3/3.1.3/lib/libssl.dylib: file not recognized: file format not recognized
collect2: error: ld returned 1 exit status
make[1]: *** [cmTC_abc8e] Error 1
make: *** [cmTC_abc8e/fast] Error 2



Determining if the function EVP_aes_192_cfb8 exists failed with the following output:
Change Dir: /Volumes/EXPORT/local/works/doublegsoft.net/gim/03.Development/gim/cmake-build-debug/CMakeFiles/CMakeTmp

Run Build Command(s):/usr/bin/make cmTC_27479/fast && /Applications/Xcode.app/Contents/Developer/usr/bin/make -f CMakeFiles/cmTC_27479.dir/build.make CMakeFiles/cmTC_27479.dir/build
Building C object CMakeFiles/cmTC_27479.dir/CheckFunctionExists.c.o
/opt/local/bin/x86_64-w64-mingw32-gcc -DKEYWORD=__inline -I/usr/local/Cellar/openssl@3/3.1.3/include  -D__USE_MINGW_ANSI_STDIO -Wno-deprecated-declarations -Wno-deprecated -Wall -Wextra -Wno-unused-parameter -Wconversion -Wsign-compare -Wstrict-aliasing -fvisibility=hidden -Wundef  -Wuninitialized -Wtype-limits -Wignored-qualifiers   -Werror -pthread -DCHECK_FUNCTION_EXISTS=EVP_aes_192_cfb8   -o CMakeFiles/cmTC_27479.dir/CheckFunctionExists.c.o   -c /Applications/CLion.app/Contents/bin/cmake/mac/share/cmake-3.16/Modules/CheckFunctionExists.c
Linking C executable cmTC_27479
/Applications/CLion.app/Contents/bin/cmake/mac/bin/cmake -E cmake_link_script CMakeFiles/cmTC_27479.dir/link.txt --verbose=1
/opt/local/bin/x86_64-w64-mingw32-gcc -D__USE_MINGW_ANSI_STDIO -Wno-deprecated-declarations -Wno-deprecated -Wall -Wextra -Wno-unused-parameter -Wconversion -Wsign-compare -Wstrict-aliasing -fvisibility=hidden -Wundef  -Wuninitialized -Wtype-limits -Wignored-qualifiers   -Werror -pthread -DCHECK_FUNCTION_EXISTS=EVP_aes_192_cfb8 -Wl,-search_paths_first -Wl,-headerpad_max_install_names   CMakeFiles/cmTC_27479.dir/CheckFunctionExists.c.o  -o cmTC_27479  /usr/local/Cellar/openssl@3/3.1.3/lib/libssl.dylib /usr/local/Cellar/openssl@3/3.1.3/lib/libcrypto.dylib /usr/local/Cellar/openssl@3/3.1.3/lib/libssl.dylib /usr/local/Cellar/openssl@3/3.1.3/lib/libcrypto.dylib -lpthread 
/usr/local/Cellar/openssl@3/3.1.3/lib/libssl.dylib: file not recognized: file format not recognized
collect2: error: ld returned 1 exit status
make[1]: *** [cmTC_27479] Error 1
make: *** [cmTC_27479/fast] Error 2



Determining if the function EVP_aes_192_cfb128 exists failed with the following output:
Change Dir: /Volumes/EXPORT/local/works/doublegsoft.net/gim/03.Development/gim/cmake-build-debug/CMakeFiles/CMakeTmp

Run Build Command(s):/usr/bin/make cmTC_ebe5d/fast && /Applications/Xcode.app/Contents/Developer/usr/bin/make -f CMakeFiles/cmTC_ebe5d.dir/build.make CMakeFiles/cmTC_ebe5d.dir/build
Building C object CMakeFiles/cmTC_ebe5d.dir/CheckFunctionExists.c.o
/opt/local/bin/x86_64-w64-mingw32-gcc -DKEYWORD=__inline -I/usr/local/Cellar/openssl@3/3.1.3/include  -D__USE_MINGW_ANSI_STDIO -Wno-deprecated-declarations -Wno-deprecated -Wall -Wextra -Wno-unused-parameter -Wconversion -Wsign-compare -Wstrict-aliasing -fvisibility=hidden -Wundef  -Wuninitialized -Wtype-limits -Wignored-qualifiers   -Werror -pthread -DCHECK_FUNCTION_EXISTS=EVP_aes_192_cfb128   -o CMakeFiles/cmTC_ebe5d.dir/CheckFunctionExists.c.o   -c /Applications/CLion.app/Contents/bin/cmake/mac/share/cmake-3.16/Modules/CheckFunctionExists.c
Linking C executable cmTC_ebe5d
/Applications/CLion.app/Contents/bin/cmake/mac/bin/cmake -E cmake_link_script CMakeFiles/cmTC_ebe5d.dir/link.txt --verbose=1
/opt/local/bin/x86_64-w64-mingw32-gcc -D__USE_MINGW_ANSI_STDIO -Wno-deprecated-declarations -Wno-deprecated -Wall -Wextra -Wno-unused-parameter -Wconversion -Wsign-compare -Wstrict-aliasing -fvisibility=hidden -Wundef  -Wuninitialized -Wtype-limits -Wignored-qualifiers   -Werror -pthread -DCHECK_FUNCTION_EXISTS=EVP_aes_192_cfb128 -Wl,-search_paths_first -Wl,-headerpad_max_install_names   CMakeFiles/cmTC_ebe5d.dir/CheckFunctionExists.c.o  -o cmTC_ebe5d  /usr/local/Cellar/openssl@3/3.1.3/lib/libssl.dylib /usr/local/Cellar/openssl@3/3.1.3/lib/libcrypto.dylib /usr/local/Cellar/openssl@3/3.1.3/lib/libssl.dylib /usr/local/Cellar/openssl@3/3.1.3/lib/libcrypto.dylib -lpthread 
/usr/local/Cellar/openssl@3/3.1.3/lib/libssl.dylib: file not recognized: file format not recognized
collect2: error: ld returned 1 exit status
make[1]: *** [cmTC_ebe5d] Error 1
make: *** [cmTC_ebe5d/fast] Error 2



Determining if the function EVP_aes_256_cfb8 exists failed with the following output:
Change Dir: /Volumes/EXPORT/local/works/doublegsoft.net/gim/03.Development/gim/cmake-build-debug/CMakeFiles/CMakeTmp

Run Build Command(s):/usr/bin/make cmTC_00784/fast && /Applications/Xcode.app/Contents/Developer/usr/bin/make -f CMakeFiles/cmTC_00784.dir/build.make CMakeFiles/cmTC_00784.dir/build
Building C object CMakeFiles/cmTC_00784.dir/CheckFunctionExists.c.o
/opt/local/bin/x86_64-w64-mingw32-gcc -DKEYWORD=__inline -I/usr/local/Cellar/openssl@3/3.1.3/include  -D__USE_MINGW_ANSI_STDIO -Wno-deprecated-declarations -Wno-deprecated -Wall -Wextra -Wno-unused-parameter -Wconversion -Wsign-compare -Wstrict-aliasing -fvisibility=hidden -Wundef  -Wuninitialized -Wtype-limits -Wignored-qualifiers   -Werror -pthread -DCHECK_FUNCTION_EXISTS=EVP_aes_256_cfb8   -o CMakeFiles/cmTC_00784.dir/CheckFunctionExists.c.o   -c /Applications/CLion.app/Contents/bin/cmake/mac/share/cmake-3.16/Modules/CheckFunctionExists.c
Linking C executable cmTC_00784
/Applications/CLion.app/Contents/bin/cmake/mac/bin/cmake -E cmake_link_script CMakeFiles/cmTC_00784.dir/link.txt --verbose=1
/opt/local/bin/x86_64-w64-mingw32-gcc -D__USE_MINGW_ANSI_STDIO -Wno-deprecated-declarations -Wno-deprecated -Wall -Wextra -Wno-unused-parameter -Wconversion -Wsign-compare -Wstrict-aliasing -fvisibility=hidden -Wundef  -Wuninitialized -Wtype-limits -Wignored-qualifiers   -Werror -pthread -DCHECK_FUNCTION_EXISTS=EVP_aes_256_cfb8 -Wl,-search_paths_first -Wl,-headerpad_max_install_names   CMakeFiles/cmTC_00784.dir/CheckFunctionExists.c.o  -o cmTC_00784  /usr/local/Cellar/openssl@3/3.1.3/lib/libssl.dylib /usr/local/Cellar/openssl@3/3.1.3/lib/libcrypto.dylib /usr/local/Cellar/openssl@3/3.1.3/lib/libssl.dylib /usr/local/Cellar/openssl@3/3.1.3/lib/libcrypto.dylib -lpthread 
/usr/local/Cellar/openssl@3/3.1.3/lib/libssl.dylib: file not recognized: file format not recognized
collect2: error: ld returned 1 exit status
make[1]: *** [cmTC_00784] Error 1
make: *** [cmTC_00784/fast] Error 2



Determining if the function EVP_aes_256_cfb128 exists failed with the following output:
Change Dir: /Volumes/EXPORT/local/works/doublegsoft.net/gim/03.Development/gim/cmake-build-debug/CMakeFiles/CMakeTmp

Run Build Command(s):/usr/bin/make cmTC_8da78/fast && /Applications/Xcode.app/Contents/Developer/usr/bin/make -f CMakeFiles/cmTC_8da78.dir/build.make CMakeFiles/cmTC_8da78.dir/build
Building C object CMakeFiles/cmTC_8da78.dir/CheckFunctionExists.c.o
/opt/local/bin/x86_64-w64-mingw32-gcc -DKEYWORD=__inline -I/usr/local/Cellar/openssl@3/3.1.3/include  -D__USE_MINGW_ANSI_STDIO -Wno-deprecated-declarations -Wno-deprecated -Wall -Wextra -Wno-unused-parameter -Wconversion -Wsign-compare -Wstrict-aliasing -fvisibility=hidden -Wundef  -Wuninitialized -Wtype-limits -Wignored-qualifiers   -Werror -pthread -DCHECK_FUNCTION_EXISTS=EVP_aes_256_cfb128   -o CMakeFiles/cmTC_8da78.dir/CheckFunctionExists.c.o   -c /Applications/CLion.app/Contents/bin/cmake/mac/share/cmake-3.16/Modules/CheckFunctionExists.c
Linking C executable cmTC_8da78
/Applications/CLion.app/Contents/bin/cmake/mac/bin/cmake -E cmake_link_script CMakeFiles/cmTC_8da78.dir/link.txt --verbose=1
/opt/local/bin/x86_64-w64-mingw32-gcc -D__USE_MINGW_ANSI_STDIO -Wno-deprecated-declarations -Wno-deprecated -Wall -Wextra -Wno-unused-parameter -Wconversion -Wsign-compare -Wstrict-aliasing -fvisibility=hidden -Wundef  -Wuninitialized -Wtype-limits -Wignored-qualifiers   -Werror -pthread -DCHECK_FUNCTION_EXISTS=EVP_aes_256_cfb128 -Wl,-search_paths_first -Wl,-headerpad_max_install_names   CMakeFiles/cmTC_8da78.dir/CheckFunctionExists.c.o  -o cmTC_8da78  /usr/local/Cellar/openssl@3/3.1.3/lib/libssl.dylib /usr/local/Cellar/openssl@3/3.1.3/lib/libcrypto.dylib /usr/local/Cellar/openssl@3/3.1.3/lib/libssl.dylib /usr/local/Cellar/openssl@3/3.1.3/lib/libcrypto.dylib -lpthread 
/usr/local/Cellar/openssl@3/3.1.3/lib/libssl.dylib: file not recognized: file format not recognized
collect2: error: ld returned 1 exit status
make[1]: *** [cmTC_8da78] Error 1
make: *** [cmTC_8da78/fast] Error 2



Determining if the function EVP_aes_128_xts exists failed with the following output:
Change Dir: /Volumes/EXPORT/local/works/doublegsoft.net/gim/03.Development/gim/cmake-build-debug/CMakeFiles/CMakeTmp

Run Build Command(s):/usr/bin/make cmTC_bcfa7/fast && /Applications/Xcode.app/Contents/Developer/usr/bin/make -f CMakeFiles/cmTC_bcfa7.dir/build.make CMakeFiles/cmTC_bcfa7.dir/build
Building C object CMakeFiles/cmTC_bcfa7.dir/CheckFunctionExists.c.o
/opt/local/bin/x86_64-w64-mingw32-gcc -DKEYWORD=__inline -I/usr/local/Cellar/openssl@3/3.1.3/include  -D__USE_MINGW_ANSI_STDIO -Wno-deprecated-declarations -Wno-deprecated -Wall -Wextra -Wno-unused-parameter -Wconversion -Wsign-compare -Wstrict-aliasing -fvisibility=hidden -Wundef  -Wuninitialized -Wtype-limits -Wignored-qualifiers   -Werror -pthread -DCHECK_FUNCTION_EXISTS=EVP_aes_128_xts   -o CMakeFiles/cmTC_bcfa7.dir/CheckFunctionExists.c.o   -c /Applications/CLion.app/Contents/bin/cmake/mac/share/cmake-3.16/Modules/CheckFunctionExists.c
Linking C executable cmTC_bcfa7
/Applications/CLion.app/Contents/bin/cmake/mac/bin/cmake -E cmake_link_script CMakeFiles/cmTC_bcfa7.dir/link.txt --verbose=1
/opt/local/bin/x86_64-w64-mingw32-gcc -D__USE_MINGW_ANSI_STDIO -Wno-deprecated-declarations -Wno-deprecated -Wall -Wextra -Wno-unused-parameter -Wconversion -Wsign-compare -Wstrict-aliasing -fvisibility=hidden -Wundef  -Wuninitialized -Wtype-limits -Wignored-qualifiers   -Werror -pthread -DCHECK_FUNCTION_EXISTS=EVP_aes_128_xts -Wl,-search_paths_first -Wl,-headerpad_max_install_names   CMakeFiles/cmTC_bcfa7.dir/CheckFunctionExists.c.o  -o cmTC_bcfa7  /usr/local/Cellar/openssl@3/3.1.3/lib/libssl.dylib /usr/local/Cellar/openssl@3/3.1.3/lib/libcrypto.dylib /usr/local/Cellar/openssl@3/3.1.3/lib/libssl.dylib /usr/local/Cellar/openssl@3/3.1.3/lib/libcrypto.dylib -lpthread 
/usr/local/Cellar/openssl@3/3.1.3/lib/libssl.dylib: file not recognized: file format not recognized
collect2: error: ld returned 1 exit status
make[1]: *** [cmTC_bcfa7] Error 1
make: *** [cmTC_bcfa7/fast] Error 2



Determining if the function EVP_aes_128_ofb exists failed with the following output:
Change Dir: /Volumes/EXPORT/local/works/doublegsoft.net/gim/03.Development/gim/cmake-build-debug/CMakeFiles/CMakeTmp

Run Build Command(s):/usr/bin/make cmTC_7e260/fast && /Applications/Xcode.app/Contents/Developer/usr/bin/make -f CMakeFiles/cmTC_7e260.dir/build.make CMakeFiles/cmTC_7e260.dir/build
Building C object CMakeFiles/cmTC_7e260.dir/CheckFunctionExists.c.o
/opt/local/bin/x86_64-w64-mingw32-gcc -DKEYWORD=__inline -I/usr/local/Cellar/openssl@3/3.1.3/include  -D__USE_MINGW_ANSI_STDIO -Wno-deprecated-declarations -Wno-deprecated -Wall -Wextra -Wno-unused-parameter -Wconversion -Wsign-compare -Wstrict-aliasing -fvisibility=hidden -Wundef  -Wuninitialized -Wtype-limits -Wignored-qualifiers   -Werror -pthread -DCHECK_FUNCTION_EXISTS=EVP_aes_128_ofb   -o CMakeFiles/cmTC_7e260.dir/CheckFunctionExists.c.o   -c /Applications/CLion.app/Contents/bin/cmake/mac/share/cmake-3.16/Modules/CheckFunctionExists.c
Linking C executable cmTC_7e260
/Applications/CLion.app/Contents/bin/cmake/mac/bin/cmake -E cmake_link_script CMakeFiles/cmTC_7e260.dir/link.txt --verbose=1
/opt/local/bin/x86_64-w64-mingw32-gcc -D__USE_MINGW_ANSI_STDIO -Wno-deprecated-declarations -Wno-deprecated -Wall -Wextra -Wno-unused-parameter -Wconversion -Wsign-compare -Wstrict-aliasing -fvisibility=hidden -Wundef  -Wuninitialized -Wtype-limits -Wignored-qualifiers   -Werror -pthread -DCHECK_FUNCTION_EXISTS=EVP_aes_128_ofb -Wl,-search_paths_first -Wl,-headerpad_max_install_names   CMakeFiles/cmTC_7e260.dir/CheckFunctionExists.c.o  -o cmTC_7e260  /usr/local/Cellar/openssl@3/3.1.3/lib/libssl.dylib /usr/local/Cellar/openssl@3/3.1.3/lib/libcrypto.dylib /usr/local/Cellar/openssl@3/3.1.3/lib/libssl.dylib /usr/local/Cellar/openssl@3/3.1.3/lib/libcrypto.dylib -lpthread 
/usr/local/Cellar/openssl@3/3.1.3/lib/libssl.dylib: file not recognized: file format not recognized
collect2: error: ld returned 1 exit status
make[1]: *** [cmTC_7e260] Error 1
make: *** [cmTC_7e260/fast] Error 2



Determining if the function EVP_aes_128_ecb exists failed with the following output:
Change Dir: /Volumes/EXPORT/local/works/doublegsoft.net/gim/03.Development/gim/cmake-build-debug/CMakeFiles/CMakeTmp

Run Build Command(s):/usr/bin/make cmTC_e9e87/fast && /Applications/Xcode.app/Contents/Developer/usr/bin/make -f CMakeFiles/cmTC_e9e87.dir/build.make CMakeFiles/cmTC_e9e87.dir/build
Building C object CMakeFiles/cmTC_e9e87.dir/CheckFunctionExists.c.o
/opt/local/bin/x86_64-w64-mingw32-gcc -DKEYWORD=__inline -I/usr/local/Cellar/openssl@3/3.1.3/include  -D__USE_MINGW_ANSI_STDIO -Wno-deprecated-declarations -Wno-deprecated -Wall -Wextra -Wno-unused-parameter -Wconversion -Wsign-compare -Wstrict-aliasing -fvisibility=hidden -Wundef  -Wuninitialized -Wtype-limits -Wignored-qualifiers   -Werror -pthread -DCHECK_FUNCTION_EXISTS=EVP_aes_128_ecb   -o CMakeFiles/cmTC_e9e87.dir/CheckFunctionExists.c.o   -c /Applications/CLion.app/Contents/bin/cmake/mac/share/cmake-3.16/Modules/CheckFunctionExists.c
Linking C executable cmTC_e9e87
/Applications/CLion.app/Contents/bin/cmake/mac/bin/cmake -E cmake_link_script CMakeFiles/cmTC_e9e87.dir/link.txt --verbose=1
/opt/local/bin/x86_64-w64-mingw32-gcc -D__USE_MINGW_ANSI_STDIO -Wno-deprecated-declarations -Wno-deprecated -Wall -Wextra -Wno-unused-parameter -Wconversion -Wsign-compare -Wstrict-aliasing -fvisibility=hidden -Wundef  -Wuninitialized -Wtype-limits -Wignored-qualifiers   -Werror -pthread -DCHECK_FUNCTION_EXISTS=EVP_aes_128_ecb -Wl,-search_paths_first -Wl,-headerpad_max_install_names   CMakeFiles/cmTC_e9e87.dir/CheckFunctionExists.c.o  -o cmTC_e9e87  /usr/local/Cellar/openssl@3/3.1.3/lib/libssl.dylib /usr/local/Cellar/openssl@3/3.1.3/lib/libcrypto.dylib /usr/local/Cellar/openssl@3/3.1.3/lib/libssl.dylib /usr/local/Cellar/openssl@3/3.1.3/lib/libcrypto.dylib -lpthread 
/usr/local/Cellar/openssl@3/3.1.3/lib/libssl.dylib: file not recognized: file format not recognized
collect2: error: ld returned 1 exit status
make[1]: *** [cmTC_e9e87] Error 1
make: *** [cmTC_e9e87/fast] Error 2



Determining if the function EVP_aes_128_ctr exists failed with the following output:
Change Dir: /Volumes/EXPORT/local/works/doublegsoft.net/gim/03.Development/gim/cmake-build-debug/CMakeFiles/CMakeTmp

Run Build Command(s):/usr/bin/make cmTC_53e1c/fast && /Applications/Xcode.app/Contents/Developer/usr/bin/make -f CMakeFiles/cmTC_53e1c.dir/build.make CMakeFiles/cmTC_53e1c.dir/build
Building C object CMakeFiles/cmTC_53e1c.dir/CheckFunctionExists.c.o
/opt/local/bin/x86_64-w64-mingw32-gcc -DKEYWORD=__inline -I/usr/local/Cellar/openssl@3/3.1.3/include  -D__USE_MINGW_ANSI_STDIO -Wno-deprecated-declarations -Wno-deprecated -Wall -Wextra -Wno-unused-parameter -Wconversion -Wsign-compare -Wstrict-aliasing -fvisibility=hidden -Wundef  -Wuninitialized -Wtype-limits -Wignored-qualifiers   -Werror -pthread -DCHECK_FUNCTION_EXISTS=EVP_aes_128_ctr   -o CMakeFiles/cmTC_53e1c.dir/CheckFunctionExists.c.o   -c /Applications/CLion.app/Contents/bin/cmake/mac/share/cmake-3.16/Modules/CheckFunctionExists.c
Linking C executable cmTC_53e1c
/Applications/CLion.app/Contents/bin/cmake/mac/bin/cmake -E cmake_link_script CMakeFiles/cmTC_53e1c.dir/link.txt --verbose=1
/opt/local/bin/x86_64-w64-mingw32-gcc -D__USE_MINGW_ANSI_STDIO -Wno-deprecated-declarations -Wno-deprecated -Wall -Wextra -Wno-unused-parameter -Wconversion -Wsign-compare -Wstrict-aliasing -fvisibility=hidden -Wundef  -Wuninitialized -Wtype-limits -Wignored-qualifiers   -Werror -pthread -DCHECK_FUNCTION_EXISTS=EVP_aes_128_ctr -Wl,-search_paths_first -Wl,-headerpad_max_install_names   CMakeFiles/cmTC_53e1c.dir/CheckFunctionExists.c.o  -o cmTC_53e1c  /usr/local/Cellar/openssl@3/3.1.3/lib/libssl.dylib /usr/local/Cellar/openssl@3/3.1.3/lib/libcrypto.dylib /usr/local/Cellar/openssl@3/3.1.3/lib/libssl.dylib /usr/local/Cellar/openssl@3/3.1.3/lib/libcrypto.dylib -lpthread 
/usr/local/Cellar/openssl@3/3.1.3/lib/libssl.dylib: file not recognized: file format not recognized
collect2: error: ld returned 1 exit status
make[1]: *** [cmTC_53e1c] Error 1
make: *** [cmTC_53e1c/fast] Error 2



Determining if the function RSA_verify_pss_mgf1 exists failed with the following output:
Change Dir: /Volumes/EXPORT/local/works/doublegsoft.net/gim/03.Development/gim/cmake-build-debug/CMakeFiles/CMakeTmp

Run Build Command(s):/usr/bin/make cmTC_0c3fe/fast && /Applications/Xcode.app/Contents/Developer/usr/bin/make -f CMakeFiles/cmTC_0c3fe.dir/build.make CMakeFiles/cmTC_0c3fe.dir/build
Building C object CMakeFiles/cmTC_0c3fe.dir/CheckFunctionExists.c.o
/opt/local/bin/x86_64-w64-mingw32-gcc -DKEYWORD=__inline -I/usr/local/Cellar/openssl@3/3.1.3/include  -D__USE_MINGW_ANSI_STDIO -Wno-deprecated-declarations -Wno-deprecated -Wall -Wextra -Wno-unused-parameter -Wconversion -Wsign-compare -Wstrict-aliasing -fvisibility=hidden -Wundef  -Wuninitialized -Wtype-limits -Wignored-qualifiers   -Werror -pthread -DCHECK_FUNCTION_EXISTS=RSA_verify_pss_mgf1   -o CMakeFiles/cmTC_0c3fe.dir/CheckFunctionExists.c.o   -c /Applications/CLion.app/Contents/bin/cmake/mac/share/cmake-3.16/Modules/CheckFunctionExists.c
Linking C executable cmTC_0c3fe
/Applications/CLion.app/Contents/bin/cmake/mac/bin/cmake -E cmake_link_script CMakeFiles/cmTC_0c3fe.dir/link.txt --verbose=1
/opt/local/bin/x86_64-w64-mingw32-gcc -D__USE_MINGW_ANSI_STDIO -Wno-deprecated-declarations -Wno-deprecated -Wall -Wextra -Wno-unused-parameter -Wconversion -Wsign-compare -Wstrict-aliasing -fvisibility=hidden -Wundef  -Wuninitialized -Wtype-limits -Wignored-qualifiers   -Werror -pthread -DCHECK_FUNCTION_EXISTS=RSA_verify_pss_mgf1 -Wl,-search_paths_first -Wl,-headerpad_max_install_names   CMakeFiles/cmTC_0c3fe.dir/CheckFunctionExists.c.o  -o cmTC_0c3fe  /usr/local/Cellar/openssl@3/3.1.3/lib/libssl.dylib /usr/local/Cellar/openssl@3/3.1.3/lib/libcrypto.dylib /usr/local/Cellar/openssl@3/3.1.3/lib/libssl.dylib /usr/local/Cellar/openssl@3/3.1.3/lib/libcrypto.dylib -lpthread 
/usr/local/Cellar/openssl@3/3.1.3/lib/libssl.dylib: file not recognized: file format not recognized
collect2: error: ld returned 1 exit status
make[1]: *** [cmTC_0c3fe] Error 1
make: *** [cmTC_0c3fe/fast] Error 2



Determining if the function HMAC_CTX_new exists failed with the following output:
Change Dir: /Volumes/EXPORT/local/works/doublegsoft.net/gim/03.Development/gim/cmake-build-debug/CMakeFiles/CMakeTmp

Run Build Command(s):/usr/bin/make cmTC_2ae7d/fast && /Applications/Xcode.app/Contents/Developer/usr/bin/make -f CMakeFiles/cmTC_2ae7d.dir/build.make CMakeFiles/cmTC_2ae7d.dir/build
Building C object CMakeFiles/cmTC_2ae7d.dir/CheckFunctionExists.c.o
/opt/local/bin/x86_64-w64-mingw32-gcc -DKEYWORD=__inline -I/usr/local/Cellar/openssl@3/3.1.3/include  -D__USE_MINGW_ANSI_STDIO -Wno-deprecated-declarations -Wno-deprecated -Wall -Wextra -Wno-unused-parameter -Wconversion -Wsign-compare -Wstrict-aliasing -fvisibility=hidden -Wundef  -Wuninitialized -Wtype-limits -Wignored-qualifiers   -Werror -pthread -DCHECK_FUNCTION_EXISTS=HMAC_CTX_new   -o CMakeFiles/cmTC_2ae7d.dir/CheckFunctionExists.c.o   -c /Applications/CLion.app/Contents/bin/cmake/mac/share/cmake-3.16/Modules/CheckFunctionExists.c
Linking C executable cmTC_2ae7d
/Applications/CLion.app/Contents/bin/cmake/mac/bin/cmake -E cmake_link_script CMakeFiles/cmTC_2ae7d.dir/link.txt --verbose=1
/opt/local/bin/x86_64-w64-mingw32-gcc -D__USE_MINGW_ANSI_STDIO -Wno-deprecated-declarations -Wno-deprecated -Wall -Wextra -Wno-unused-parameter -Wconversion -Wsign-compare -Wstrict-aliasing -fvisibility=hidden -Wundef  -Wuninitialized -Wtype-limits -Wignored-qualifiers   -Werror -pthread -DCHECK_FUNCTION_EXISTS=HMAC_CTX_new -Wl,-search_paths_first -Wl,-headerpad_max_install_names   CMakeFiles/cmTC_2ae7d.dir/CheckFunctionExists.c.o  -o cmTC_2ae7d  /usr/local/Cellar/openssl@3/3.1.3/lib/libssl.dylib /usr/local/Cellar/openssl@3/3.1.3/lib/libcrypto.dylib /usr/local/Cellar/openssl@3/3.1.3/lib/libssl.dylib /usr/local/Cellar/openssl@3/3.1.3/lib/libcrypto.dylib -lpthread 
/usr/local/Cellar/openssl@3/3.1.3/lib/libssl.dylib: file not recognized: file format not recognized
collect2: error: ld returned 1 exit status
make[1]: *** [cmTC_2ae7d] Error 1
make: *** [cmTC_2ae7d/fast] Error 2



Determining if the function EVP_PKEY_new_raw_private_key exists failed with the following output:
Change Dir: /Volumes/EXPORT/local/works/doublegsoft.net/gim/03.Development/gim/cmake-build-debug/CMakeFiles/CMakeTmp

Run Build Command(s):/usr/bin/make cmTC_c5d0e/fast && /Applications/Xcode.app/Contents/Developer/usr/bin/make -f CMakeFiles/cmTC_c5d0e.dir/build.make CMakeFiles/cmTC_c5d0e.dir/build
Building C object CMakeFiles/cmTC_c5d0e.dir/CheckFunctionExists.c.o
/opt/local/bin/x86_64-w64-mingw32-gcc -DKEYWORD=__inline -I/usr/local/Cellar/openssl@3/3.1.3/include  -D__USE_MINGW_ANSI_STDIO -Wno-deprecated-declarations -Wno-deprecated -Wall -Wextra -Wno-unused-parameter -Wconversion -Wsign-compare -Wstrict-aliasing -fvisibility=hidden -Wundef  -Wuninitialized -Wtype-limits -Wignored-qualifiers   -Werror -pthread -DCHECK_FUNCTION_EXISTS=EVP_PKEY_new_raw_private_key   -o CMakeFiles/cmTC_c5d0e.dir/CheckFunctionExists.c.o   -c /Applications/CLion.app/Contents/bin/cmake/mac/share/cmake-3.16/Modules/CheckFunctionExists.c
Linking C executable cmTC_c5d0e
/Applications/CLion.app/Contents/bin/cmake/mac/bin/cmake -E cmake_link_script CMakeFiles/cmTC_c5d0e.dir/link.txt --verbose=1
/opt/local/bin/x86_64-w64-mingw32-gcc -D__USE_MINGW_ANSI_STDIO -Wno-deprecated-declarations -Wno-deprecated -Wall -Wextra -Wno-unused-parameter -Wconversion -Wsign-compare -Wstrict-aliasing -fvisibility=hidden -Wundef  -Wuninitialized -Wtype-limits -Wignored-qualifiers   -Werror -pthread -DCHECK_FUNCTION_EXISTS=EVP_PKEY_new_raw_private_key -Wl,-search_paths_first -Wl,-headerpad_max_install_names   CMakeFiles/cmTC_c5d0e.dir/CheckFunctionExists.c.o  -o cmTC_c5d0e  /usr/local/Cellar/openssl@3/3.1.3/lib/libssl.dylib /usr/local/Cellar/openssl@3/3.1.3/lib/libcrypto.dylib /usr/local/Cellar/openssl@3/3.1.3/lib/libssl.dylib /usr/local/Cellar/openssl@3/3.1.3/lib/libcrypto.dylib -lpthread 
/usr/local/Cellar/openssl@3/3.1.3/lib/libssl.dylib: file not recognized: file format not recognized
collect2: error: ld returned 1 exit status
make[1]: *** [cmTC_c5d0e] Error 1
make: *** [cmTC_c5d0e/fast] Error 2



Determining if the function SSL_SESSION_set_time exists failed with the following output:
Change Dir: /Volumes/EXPORT/local/works/doublegsoft.net/gim/03.Development/gim/cmake-build-debug/CMakeFiles/CMakeTmp

Run Build Command(s):/usr/bin/make cmTC_8de65/fast && /Applications/Xcode.app/Contents/Developer/usr/bin/make -f CMakeFiles/cmTC_8de65.dir/build.make CMakeFiles/cmTC_8de65.dir/build
Building C object CMakeFiles/cmTC_8de65.dir/CheckFunctionExists.c.o
/opt/local/bin/x86_64-w64-mingw32-gcc -DKEYWORD=__inline -I/usr/local/Cellar/openssl@3/3.1.3/include  -D__USE_MINGW_ANSI_STDIO -Wno-deprecated-declarations -Wno-deprecated -Wall -Wextra -Wno-unused-parameter -Wconversion -Wsign-compare -Wstrict-aliasing -fvisibility=hidden -Wundef  -Wuninitialized -Wtype-limits -Wignored-qualifiers   -Werror -pthread -DCHECK_FUNCTION_EXISTS=SSL_SESSION_set_time   -o CMakeFiles/cmTC_8de65.dir/CheckFunctionExists.c.o   -c /Applications/CLion.app/Contents/bin/cmake/mac/share/cmake-3.16/Modules/CheckFunctionExists.c
Linking C executable cmTC_8de65
/Applications/CLion.app/Contents/bin/cmake/mac/bin/cmake -E cmake_link_script CMakeFiles/cmTC_8de65.dir/link.txt --verbose=1
/opt/local/bin/x86_64-w64-mingw32-gcc -D__USE_MINGW_ANSI_STDIO -Wno-deprecated-declarations -Wno-deprecated -Wall -Wextra -Wno-unused-parameter -Wconversion -Wsign-compare -Wstrict-aliasing -fvisibility=hidden -Wundef  -Wuninitialized -Wtype-limits -Wignored-qualifiers   -Werror -pthread -DCHECK_FUNCTION_EXISTS=SSL_SESSION_set_time -Wl,-search_paths_first -Wl,-headerpad_max_install_names   CMakeFiles/cmTC_8de65.dir/CheckFunctionExists.c.o  -o cmTC_8de65  /usr/local/Cellar/openssl@3/3.1.3/lib/libssl.dylib /usr/local/Cellar/openssl@3/3.1.3/lib/libcrypto.dylib /usr/local/Cellar/openssl@3/3.1.3/lib/libssl.dylib /usr/local/Cellar/openssl@3/3.1.3/lib/libcrypto.dylib -lpthread 
/usr/local/Cellar/openssl@3/3.1.3/lib/libssl.dylib: file not recognized: file format not recognized
collect2: error: ld returned 1 exit status
make[1]: *** [cmTC_8de65] Error 1
make: *** [cmTC_8de65/fast] Error 2



Determining if the function EC_KEY_new_by_curve_name exists failed with the following output:
Change Dir: /Volumes/EXPORT/local/works/doublegsoft.net/gim/03.Development/gim/cmake-build-debug/CMakeFiles/CMakeTmp

Run Build Command(s):/usr/bin/make cmTC_e14e4/fast && /Applications/Xcode.app/Contents/Developer/usr/bin/make -f CMakeFiles/cmTC_e14e4.dir/build.make CMakeFiles/cmTC_e14e4.dir/build
Building C object CMakeFiles/cmTC_e14e4.dir/CheckFunctionExists.c.o
/opt/local/bin/x86_64-w64-mingw32-gcc -DKEYWORD=__inline -I/usr/local/Cellar/openssl@3/3.1.3/include  -D__USE_MINGW_ANSI_STDIO -Wno-deprecated-declarations -Wno-deprecated -Wall -Wextra -Wno-unused-parameter -Wconversion -Wsign-compare -Wstrict-aliasing -fvisibility=hidden -Wundef  -Wuninitialized -Wtype-limits -Wignored-qualifiers   -Werror -pthread -DCHECK_FUNCTION_EXISTS=EC_KEY_new_by_curve_name   -o CMakeFiles/cmTC_e14e4.dir/CheckFunctionExists.c.o   -c /Applications/CLion.app/Contents/bin/cmake/mac/share/cmake-3.16/Modules/CheckFunctionExists.c
Linking C executable cmTC_e14e4
/Applications/CLion.app/Contents/bin/cmake/mac/bin/cmake -E cmake_link_script CMakeFiles/cmTC_e14e4.dir/link.txt --verbose=1
/opt/local/bin/x86_64-w64-mingw32-gcc -D__USE_MINGW_ANSI_STDIO -Wno-deprecated-declarations -Wno-deprecated -Wall -Wextra -Wno-unused-parameter -Wconversion -Wsign-compare -Wstrict-aliasing -fvisibility=hidden -Wundef  -Wuninitialized -Wtype-limits -Wignored-qualifiers   -Werror -pthread -DCHECK_FUNCTION_EXISTS=EC_KEY_new_by_curve_name -Wl,-search_paths_first -Wl,-headerpad_max_install_names   CMakeFiles/cmTC_e14e4.dir/CheckFunctionExists.c.o  -o cmTC_e14e4  /usr/local/Cellar/openssl@3/3.1.3/lib/libssl.dylib /usr/local/Cellar/openssl@3/3.1.3/lib/libcrypto.dylib /usr/local/Cellar/openssl@3/3.1.3/lib/libssl.dylib /usr/local/Cellar/openssl@3/3.1.3/lib/libcrypto.dylib -lpthread 
/usr/local/Cellar/openssl@3/3.1.3/lib/libssl.dylib: file not recognized: file format not recognized
collect2: error: ld returned 1 exit status
make[1]: *** [cmTC_e14e4] Error 1
make: *** [cmTC_e14e4/fast] Error 2



Performing C SOURCE FILE Test LWS_HAVE_SSL_EXTRA_CHAIN_CERTS failed with the following output:
Change Dir: /Volumes/EXPORT/local/works/doublegsoft.net/gim/03.Development/gim/cmake-build-debug/CMakeFiles/CMakeTmp

Run Build Command(s):/usr/bin/make cmTC_486d1/fast && /Applications/Xcode.app/Contents/Developer/usr/bin/make -f CMakeFiles/cmTC_486d1.dir/build.make CMakeFiles/cmTC_486d1.dir/build
Building C object CMakeFiles/cmTC_486d1.dir/src.c.o
/opt/local/bin/x86_64-w64-mingw32-gcc -DKEYWORD=__inline -I/usr/local/Cellar/openssl@3/3.1.3/include  -D__USE_MINGW_ANSI_STDIO -Wno-deprecated-declarations -Wno-deprecated -Wall -Wextra -Wno-unused-parameter -Wconversion -Wsign-compare -Wstrict-aliasing -fvisibility=hidden -Wundef  -Wuninitialized -Wtype-limits -Wignored-qualifiers   -Werror -pthread -DLWS_HAVE_SSL_EXTRA_CHAIN_CERTS   -o CMakeFiles/cmTC_486d1.dir/src.c.o   -c /Volumes/EXPORT/local/works/doublegsoft.net/gim/03.Development/gim/cmake-build-debug/CMakeFiles/CMakeTmp/src.c
Linking C executable cmTC_486d1
/Applications/CLion.app/Contents/bin/cmake/mac/bin/cmake -E cmake_link_script CMakeFiles/cmTC_486d1.dir/link.txt --verbose=1
/opt/local/bin/x86_64-w64-mingw32-gcc -D__USE_MINGW_ANSI_STDIO -Wno-deprecated-declarations -Wno-deprecated -Wall -Wextra -Wno-unused-parameter -Wconversion -Wsign-compare -Wstrict-aliasing -fvisibility=hidden -Wundef  -Wuninitialized -Wtype-limits -Wignored-qualifiers   -Werror -pthread -DLWS_HAVE_SSL_EXTRA_CHAIN_CERTS -Wl,-search_paths_first -Wl,-headerpad_max_install_names   CMakeFiles/cmTC_486d1.dir/src.c.o  -o cmTC_486d1  /usr/local/Cellar/openssl@3/3.1.3/lib/libssl.dylib /usr/local/Cellar/openssl@3/3.1.3/lib/libcrypto.dylib /usr/local/Cellar/openssl@3/3.1.3/lib/libssl.dylib /usr/local/Cellar/openssl@3/3.1.3/lib/libcrypto.dylib -lpthread 
/usr/local/Cellar/openssl@3/3.1.3/lib/libssl.dylib: file not recognized: file format not recognized
collect2: error: ld returned 1 exit status
make[1]: *** [cmTC_486d1] Error 1
make: *** [cmTC_486d1/fast] Error 2


Source file was:
#include <openssl/ssl.h>
int main(void) { STACK_OF(X509) *c = NULL; SSL_CTX *ctx = NULL; return (int)SSL_CTX_get_extra_chain_certs_only(ctx, &c); }

Performing C SOURCE FILE Test LWS_HAVE_EVP_MD_CTX_free failed with the following output:
Change Dir: /Volumes/EXPORT/local/works/doublegsoft.net/gim/03.Development/gim/cmake-build-debug/CMakeFiles/CMakeTmp

Run Build Command(s):/usr/bin/make cmTC_7714d/fast && /Applications/Xcode.app/Contents/Developer/usr/bin/make -f CMakeFiles/cmTC_7714d.dir/build.make CMakeFiles/cmTC_7714d.dir/build
Building C object CMakeFiles/cmTC_7714d.dir/src.c.o
/opt/local/bin/x86_64-w64-mingw32-gcc -DKEYWORD=__inline -I/usr/local/Cellar/openssl@3/3.1.3/include  -D__USE_MINGW_ANSI_STDIO -Wno-deprecated-declarations -Wno-deprecated -Wall -Wextra -Wno-unused-parameter -Wconversion -Wsign-compare -Wstrict-aliasing -fvisibility=hidden -Wundef  -Wuninitialized -Wtype-limits -Wignored-qualifiers   -Werror -pthread -DLWS_HAVE_EVP_MD_CTX_free   -o CMakeFiles/cmTC_7714d.dir/src.c.o   -c /Volumes/EXPORT/local/works/doublegsoft.net/gim/03.Development/gim/cmake-build-debug/CMakeFiles/CMakeTmp/src.c
Linking C executable cmTC_7714d
/Applications/CLion.app/Contents/bin/cmake/mac/bin/cmake -E cmake_link_script CMakeFiles/cmTC_7714d.dir/link.txt --verbose=1
/opt/local/bin/x86_64-w64-mingw32-gcc -D__USE_MINGW_ANSI_STDIO -Wno-deprecated-declarations -Wno-deprecated -Wall -Wextra -Wno-unused-parameter -Wconversion -Wsign-compare -Wstrict-aliasing -fvisibility=hidden -Wundef  -Wuninitialized -Wtype-limits -Wignored-qualifiers   -Werror -pthread -DLWS_HAVE_EVP_MD_CTX_free -Wl,-search_paths_first -Wl,-headerpad_max_install_names   CMakeFiles/cmTC_7714d.dir/src.c.o  -o cmTC_7714d  /usr/local/Cellar/openssl@3/3.1.3/lib/libssl.dylib /usr/local/Cellar/openssl@3/3.1.3/lib/libcrypto.dylib /usr/local/Cellar/openssl@3/3.1.3/lib/libssl.dylib /usr/local/Cellar/openssl@3/3.1.3/lib/libcrypto.dylib -lpthread 
/usr/local/Cellar/openssl@3/3.1.3/lib/libssl.dylib: file not recognized: file format not recognized
collect2: error: ld returned 1 exit status
make[1]: *** [cmTC_7714d] Error 1
make: *** [cmTC_7714d/fast] Error 2


Source file was:
#include <openssl/ssl.h>
int main(void) { EVP_MD_CTX *md_ctx = NULL; EVP_MD_CTX_free(md_ctx); return 0; }

Performing C SOURCE FILE Test LWS_HAVE_OPENSSL_STACK failed with the following output:
Change Dir: /Volumes/EXPORT/local/works/doublegsoft.net/gim/03.Development/gim/cmake-build-debug/CMakeFiles/CMakeTmp

Run Build Command(s):/usr/bin/make cmTC_ed12a/fast && /Applications/Xcode.app/Contents/Developer/usr/bin/make -f CMakeFiles/cmTC_ed12a.dir/build.make CMakeFiles/cmTC_ed12a.dir/build
Building C object CMakeFiles/cmTC_ed12a.dir/src.c.o
/opt/local/bin/x86_64-w64-mingw32-gcc -DKEYWORD=__inline -I/usr/local/Cellar/openssl@3/3.1.3/include  -D__USE_MINGW_ANSI_STDIO -Wno-deprecated-declarations -Wno-deprecated -Wall -Wextra -Wno-unused-parameter -Wconversion -Wsign-compare -Wstrict-aliasing -fvisibility=hidden -Wundef  -Wuninitialized -Wtype-limits -Wignored-qualifiers   -Werror -pthread -DLWS_HAVE_OPENSSL_STACK   -o CMakeFiles/cmTC_ed12a.dir/src.c.o   -c /Volumes/EXPORT/local/works/doublegsoft.net/gim/03.Development/gim/cmake-build-debug/CMakeFiles/CMakeTmp/src.c
Linking C executable cmTC_ed12a
/Applications/CLion.app/Contents/bin/cmake/mac/bin/cmake -E cmake_link_script CMakeFiles/cmTC_ed12a.dir/link.txt --verbose=1
/opt/local/bin/x86_64-w64-mingw32-gcc -D__USE_MINGW_ANSI_STDIO -Wno-deprecated-declarations -Wno-deprecated -Wall -Wextra -Wno-unused-parameter -Wconversion -Wsign-compare -Wstrict-aliasing -fvisibility=hidden -Wundef  -Wuninitialized -Wtype-limits -Wignored-qualifiers   -Werror -pthread -DLWS_HAVE_OPENSSL_STACK -Wl,-search_paths_first -Wl,-headerpad_max_install_names   CMakeFiles/cmTC_ed12a.dir/src.c.o  -o cmTC_ed12a  /usr/local/Cellar/openssl@3/3.1.3/lib/libssl.dylib /usr/local/Cellar/openssl@3/3.1.3/lib/libcrypto.dylib /usr/local/Cellar/openssl@3/3.1.3/lib/libssl.dylib /usr/local/Cellar/openssl@3/3.1.3/lib/libcrypto.dylib -lpthread 
/usr/local/Cellar/openssl@3/3.1.3/lib/libssl.dylib: file not recognized: file format not recognized
collect2: error: ld returned 1 exit status
make[1]: *** [cmTC_ed12a] Error 1
make: *** [cmTC_ed12a/fast] Error 2


Source file was:
#include <openssl/ssl.h>
int main(void) { OPENSSL_STACK *x = NULL; return !x; } 

Determining if the function ECDSA_SIG_set0 exists failed with the following output:
Change Dir: /Volumes/EXPORT/local/works/doublegsoft.net/gim/03.Development/gim/cmake-build-debug/CMakeFiles/CMakeTmp

Run Build Command(s):/usr/bin/make cmTC_817ac/fast && /Applications/Xcode.app/Contents/Developer/usr/bin/make -f CMakeFiles/cmTC_817ac.dir/build.make CMakeFiles/cmTC_817ac.dir/build
Building C object CMakeFiles/cmTC_817ac.dir/CheckFunctionExists.c.o
/opt/local/bin/x86_64-w64-mingw32-gcc -DKEYWORD=__inline -I/usr/local/Cellar/openssl@3/3.1.3/include  -D__USE_MINGW_ANSI_STDIO -Wno-deprecated-declarations -Wno-deprecated -Wall -Wextra -Wno-unused-parameter -Wconversion -Wsign-compare -Wstrict-aliasing -fvisibility=hidden -Wundef  -Wuninitialized -Wtype-limits -Wignored-qualifiers   -Werror -pthread -DCHECK_FUNCTION_EXISTS=ECDSA_SIG_set0   -o CMakeFiles/cmTC_817ac.dir/CheckFunctionExists.c.o   -c /Applications/CLion.app/Contents/bin/cmake/mac/share/cmake-3.16/Modules/CheckFunctionExists.c
Linking C executable cmTC_817ac
/Applications/CLion.app/Contents/bin/cmake/mac/bin/cmake -E cmake_link_script CMakeFiles/cmTC_817ac.dir/link.txt --verbose=1
/opt/local/bin/x86_64-w64-mingw32-gcc -D__USE_MINGW_ANSI_STDIO -Wno-deprecated-declarations -Wno-deprecated -Wall -Wextra -Wno-unused-parameter -Wconversion -Wsign-compare -Wstrict-aliasing -fvisibility=hidden -Wundef  -Wuninitialized -Wtype-limits -Wignored-qualifiers   -Werror -pthread -DCHECK_FUNCTION_EXISTS=ECDSA_SIG_set0 -Wl,-search_paths_first -Wl,-headerpad_max_install_names   CMakeFiles/cmTC_817ac.dir/CheckFunctionExists.c.o  -o cmTC_817ac  /usr/local/Cellar/openssl@3/3.1.3/lib/libssl.dylib /usr/local/Cellar/openssl@3/3.1.3/lib/libcrypto.dylib /usr/local/Cellar/openssl@3/3.1.3/lib/libssl.dylib /usr/local/Cellar/openssl@3/3.1.3/lib/libcrypto.dylib -lpthread 
/usr/local/Cellar/openssl@3/3.1.3/lib/libssl.dylib: file not recognized: file format not recognized
collect2: error: ld returned 1 exit status
make[1]: *** [cmTC_817ac] Error 1
make: *** [cmTC_817ac/fast] Error 2



Determining if the function BN_bn2binpad exists failed with the following output:
Change Dir: /Volumes/EXPORT/local/works/doublegsoft.net/gim/03.Development/gim/cmake-build-debug/CMakeFiles/CMakeTmp

Run Build Command(s):/usr/bin/make cmTC_8695a/fast && /Applications/Xcode.app/Contents/Developer/usr/bin/make -f CMakeFiles/cmTC_8695a.dir/build.make CMakeFiles/cmTC_8695a.dir/build
Building C object CMakeFiles/cmTC_8695a.dir/CheckFunctionExists.c.o
/opt/local/bin/x86_64-w64-mingw32-gcc -DKEYWORD=__inline -I/usr/local/Cellar/openssl@3/3.1.3/include  -D__USE_MINGW_ANSI_STDIO -Wno-deprecated-declarations -Wno-deprecated -Wall -Wextra -Wno-unused-parameter -Wconversion -Wsign-compare -Wstrict-aliasing -fvisibility=hidden -Wundef  -Wuninitialized -Wtype-limits -Wignored-qualifiers   -Werror -pthread -DCHECK_FUNCTION_EXISTS=BN_bn2binpad   -o CMakeFiles/cmTC_8695a.dir/CheckFunctionExists.c.o   -c /Applications/CLion.app/Contents/bin/cmake/mac/share/cmake-3.16/Modules/CheckFunctionExists.c
Linking C executable cmTC_8695a
/Applications/CLion.app/Contents/bin/cmake/mac/bin/cmake -E cmake_link_script CMakeFiles/cmTC_8695a.dir/link.txt --verbose=1
/opt/local/bin/x86_64-w64-mingw32-gcc -D__USE_MINGW_ANSI_STDIO -Wno-deprecated-declarations -Wno-deprecated -Wall -Wextra -Wno-unused-parameter -Wconversion -Wsign-compare -Wstrict-aliasing -fvisibility=hidden -Wundef  -Wuninitialized -Wtype-limits -Wignored-qualifiers   -Werror -pthread -DCHECK_FUNCTION_EXISTS=BN_bn2binpad -Wl,-search_paths_first -Wl,-headerpad_max_install_names   CMakeFiles/cmTC_8695a.dir/CheckFunctionExists.c.o  -o cmTC_8695a  /usr/local/Cellar/openssl@3/3.1.3/lib/libssl.dylib /usr/local/Cellar/openssl@3/3.1.3/lib/libcrypto.dylib /usr/local/Cellar/openssl@3/3.1.3/lib/libssl.dylib /usr/local/Cellar/openssl@3/3.1.3/lib/libcrypto.dylib -lpthread 
/usr/local/Cellar/openssl@3/3.1.3/lib/libssl.dylib: file not recognized: file format not recognized
collect2: error: ld returned 1 exit status
make[1]: *** [cmTC_8695a] Error 1
make: *** [cmTC_8695a/fast] Error 2



Determining if the function EVP_aes_128_wrap exists failed with the following output:
Change Dir: /Volumes/EXPORT/local/works/doublegsoft.net/gim/03.Development/gim/cmake-build-debug/CMakeFiles/CMakeTmp

Run Build Command(s):/usr/bin/make cmTC_8f44b/fast && /Applications/Xcode.app/Contents/Developer/usr/bin/make -f CMakeFiles/cmTC_8f44b.dir/build.make CMakeFiles/cmTC_8f44b.dir/build
Building C object CMakeFiles/cmTC_8f44b.dir/CheckFunctionExists.c.o
/opt/local/bin/x86_64-w64-mingw32-gcc -DKEYWORD=__inline -I/usr/local/Cellar/openssl@3/3.1.3/include  -D__USE_MINGW_ANSI_STDIO -Wno-deprecated-declarations -Wno-deprecated -Wall -Wextra -Wno-unused-parameter -Wconversion -Wsign-compare -Wstrict-aliasing -fvisibility=hidden -Wundef  -Wuninitialized -Wtype-limits -Wignored-qualifiers   -Werror -pthread -DCHECK_FUNCTION_EXISTS=EVP_aes_128_wrap   -o CMakeFiles/cmTC_8f44b.dir/CheckFunctionExists.c.o   -c /Applications/CLion.app/Contents/bin/cmake/mac/share/cmake-3.16/Modules/CheckFunctionExists.c
Linking C executable cmTC_8f44b
/Applications/CLion.app/Contents/bin/cmake/mac/bin/cmake -E cmake_link_script CMakeFiles/cmTC_8f44b.dir/link.txt --verbose=1
/opt/local/bin/x86_64-w64-mingw32-gcc -D__USE_MINGW_ANSI_STDIO -Wno-deprecated-declarations -Wno-deprecated -Wall -Wextra -Wno-unused-parameter -Wconversion -Wsign-compare -Wstrict-aliasing -fvisibility=hidden -Wundef  -Wuninitialized -Wtype-limits -Wignored-qualifiers   -Werror -pthread -DCHECK_FUNCTION_EXISTS=EVP_aes_128_wrap -Wl,-search_paths_first -Wl,-headerpad_max_install_names   CMakeFiles/cmTC_8f44b.dir/CheckFunctionExists.c.o  -o cmTC_8f44b  /usr/local/Cellar/openssl@3/3.1.3/lib/libssl.dylib /usr/local/Cellar/openssl@3/3.1.3/lib/libcrypto.dylib /usr/local/Cellar/openssl@3/3.1.3/lib/libssl.dylib /usr/local/Cellar/openssl@3/3.1.3/lib/libcrypto.dylib -lpthread 
/usr/local/Cellar/openssl@3/3.1.3/lib/libssl.dylib: file not recognized: file format not recognized
collect2: error: ld returned 1 exit status
make[1]: *** [cmTC_8f44b] Error 1
make: *** [cmTC_8f44b/fast] Error 2



Determining if the function EC_POINT_get_affine_coordinates exists failed with the following output:
Change Dir: /Volumes/EXPORT/local/works/doublegsoft.net/gim/03.Development/gim/cmake-build-debug/CMakeFiles/CMakeTmp

Run Build Command(s):/usr/bin/make cmTC_c71d4/fast && /Applications/Xcode.app/Contents/Developer/usr/bin/make -f CMakeFiles/cmTC_c71d4.dir/build.make CMakeFiles/cmTC_c71d4.dir/build
Building C object CMakeFiles/cmTC_c71d4.dir/CheckFunctionExists.c.o
/opt/local/bin/x86_64-w64-mingw32-gcc -DKEYWORD=__inline -I/usr/local/Cellar/openssl@3/3.1.3/include  -D__USE_MINGW_ANSI_STDIO -Wno-deprecated-declarations -Wno-deprecated -Wall -Wextra -Wno-unused-parameter -Wconversion -Wsign-compare -Wstrict-aliasing -fvisibility=hidden -Wundef  -Wuninitialized -Wtype-limits -Wignored-qualifiers   -Werror -pthread -DCHECK_FUNCTION_EXISTS=EC_POINT_get_affine_coordinates   -o CMakeFiles/cmTC_c71d4.dir/CheckFunctionExists.c.o   -c /Applications/CLion.app/Contents/bin/cmake/mac/share/cmake-3.16/Modules/CheckFunctionExists.c
Linking C executable cmTC_c71d4
/Applications/CLion.app/Contents/bin/cmake/mac/bin/cmake -E cmake_link_script CMakeFiles/cmTC_c71d4.dir/link.txt --verbose=1
/opt/local/bin/x86_64-w64-mingw32-gcc -D__USE_MINGW_ANSI_STDIO -Wno-deprecated-declarations -Wno-deprecated -Wall -Wextra -Wno-unused-parameter -Wconversion -Wsign-compare -Wstrict-aliasing -fvisibility=hidden -Wundef  -Wuninitialized -Wtype-limits -Wignored-qualifiers   -Werror -pthread -DCHECK_FUNCTION_EXISTS=EC_POINT_get_affine_coordinates -Wl,-search_paths_first -Wl,-headerpad_max_install_names   CMakeFiles/cmTC_c71d4.dir/CheckFunctionExists.c.o  -o cmTC_c71d4  /usr/local/Cellar/openssl@3/3.1.3/lib/libssl.dylib /usr/local/Cellar/openssl@3/3.1.3/lib/libcrypto.dylib /usr/local/Cellar/openssl@3/3.1.3/lib/libssl.dylib /usr/local/Cellar/openssl@3/3.1.3/lib/libcrypto.dylib -lpthread 
/usr/local/Cellar/openssl@3/3.1.3/lib/libssl.dylib: file not recognized: file format not recognized
collect2: error: ld returned 1 exit status
make[1]: *** [cmTC_c71d4] Error 1
make: *** [cmTC_c71d4/fast] Error 2



Determining if the function TLS_client_method exists failed with the following output:
Change Dir: /Volumes/EXPORT/local/works/doublegsoft.net/gim/03.Development/gim/cmake-build-debug/CMakeFiles/CMakeTmp

Run Build Command(s):/usr/bin/make cmTC_184fc/fast && /Applications/Xcode.app/Contents/Developer/usr/bin/make -f CMakeFiles/cmTC_184fc.dir/build.make CMakeFiles/cmTC_184fc.dir/build
Building C object CMakeFiles/cmTC_184fc.dir/CheckFunctionExists.c.o
/opt/local/bin/x86_64-w64-mingw32-gcc -DKEYWORD=__inline -I/usr/local/Cellar/openssl@3/3.1.3/include  -D__USE_MINGW_ANSI_STDIO -Wno-deprecated-declarations -Wno-deprecated -Wall -Wextra -Wno-unused-parameter -Wconversion -Wsign-compare -Wstrict-aliasing -fvisibility=hidden -Wundef  -Wuninitialized -Wtype-limits -Wignored-qualifiers   -Werror -pthread -DCHECK_FUNCTION_EXISTS=TLS_client_method   -o CMakeFiles/cmTC_184fc.dir/CheckFunctionExists.c.o   -c /Applications/CLion.app/Contents/bin/cmake/mac/share/cmake-3.16/Modules/CheckFunctionExists.c
Linking C executable cmTC_184fc
/Applications/CLion.app/Contents/bin/cmake/mac/bin/cmake -E cmake_link_script CMakeFiles/cmTC_184fc.dir/link.txt --verbose=1
/opt/local/bin/x86_64-w64-mingw32-gcc -D__USE_MINGW_ANSI_STDIO -Wno-deprecated-declarations -Wno-deprecated -Wall -Wextra -Wno-unused-parameter -Wconversion -Wsign-compare -Wstrict-aliasing -fvisibility=hidden -Wundef  -Wuninitialized -Wtype-limits -Wignored-qualifiers   -Werror -pthread -DCHECK_FUNCTION_EXISTS=TLS_client_method -Wl,-search_paths_first -Wl,-headerpad_max_install_names   CMakeFiles/cmTC_184fc.dir/CheckFunctionExists.c.o  -o cmTC_184fc  /usr/local/Cellar/openssl@3/3.1.3/lib/libssl.dylib /usr/local/Cellar/openssl@3/3.1.3/lib/libcrypto.dylib /usr/local/Cellar/openssl@3/3.1.3/lib/libssl.dylib /usr/local/Cellar/openssl@3/3.1.3/lib/libcrypto.dylib -lpthread 
/usr/local/Cellar/openssl@3/3.1.3/lib/libssl.dylib: file not recognized: file format not recognized
collect2: error: ld returned 1 exit status
make[1]: *** [cmTC_184fc] Error 1
make: *** [cmTC_184fc/fast] Error 2



Determining if the function TLSv1_2_client_method exists failed with the following output:
Change Dir: /Volumes/EXPORT/local/works/doublegsoft.net/gim/03.Development/gim/cmake-build-debug/CMakeFiles/CMakeTmp

Run Build Command(s):/usr/bin/make cmTC_66dc8/fast && /Applications/Xcode.app/Contents/Developer/usr/bin/make -f CMakeFiles/cmTC_66dc8.dir/build.make CMakeFiles/cmTC_66dc8.dir/build
Building C object CMakeFiles/cmTC_66dc8.dir/CheckFunctionExists.c.o
/opt/local/bin/x86_64-w64-mingw32-gcc -DKEYWORD=__inline -I/usr/local/Cellar/openssl@3/3.1.3/include  -D__USE_MINGW_ANSI_STDIO -Wno-deprecated-declarations -Wno-deprecated -Wall -Wextra -Wno-unused-parameter -Wconversion -Wsign-compare -Wstrict-aliasing -fvisibility=hidden -Wundef  -Wuninitialized -Wtype-limits -Wignored-qualifiers   -Werror -pthread -DCHECK_FUNCTION_EXISTS=TLSv1_2_client_method   -o CMakeFiles/cmTC_66dc8.dir/CheckFunctionExists.c.o   -c /Applications/CLion.app/Contents/bin/cmake/mac/share/cmake-3.16/Modules/CheckFunctionExists.c
Linking C executable cmTC_66dc8
/Applications/CLion.app/Contents/bin/cmake/mac/bin/cmake -E cmake_link_script CMakeFiles/cmTC_66dc8.dir/link.txt --verbose=1
/opt/local/bin/x86_64-w64-mingw32-gcc -D__USE_MINGW_ANSI_STDIO -Wno-deprecated-declarations -Wno-deprecated -Wall -Wextra -Wno-unused-parameter -Wconversion -Wsign-compare -Wstrict-aliasing -fvisibility=hidden -Wundef  -Wuninitialized -Wtype-limits -Wignored-qualifiers   -Werror -pthread -DCHECK_FUNCTION_EXISTS=TLSv1_2_client_method -Wl,-search_paths_first -Wl,-headerpad_max_install_names   CMakeFiles/cmTC_66dc8.dir/CheckFunctionExists.c.o  -o cmTC_66dc8  /usr/local/Cellar/openssl@3/3.1.3/lib/libssl.dylib /usr/local/Cellar/openssl@3/3.1.3/lib/libcrypto.dylib /usr/local/Cellar/openssl@3/3.1.3/lib/libssl.dylib /usr/local/Cellar/openssl@3/3.1.3/lib/libcrypto.dylib -lpthread 
/usr/local/Cellar/openssl@3/3.1.3/lib/libssl.dylib: file not recognized: file format not recognized
collect2: error: ld returned 1 exit status
make[1]: *** [cmTC_66dc8] Error 1
make: *** [cmTC_66dc8/fast] Error 2



Detecting CXX compiler ABI info failed to compile with the following output:
Change Dir: /Volumes/EXPORT/local/works/doublegsoft.net/gim/03.Development/gim/cmake-build-debug/CMakeFiles/CMakeTmp

Run Build Command(s):/usr/bin/make cmTC_113cd/fast && /Applications/Xcode.app/Contents/Developer/usr/bin/make -f CMakeFiles/cmTC_113cd.dir/build.make CMakeFiles/cmTC_113cd.dir/build
Building CXX object CMakeFiles/cmTC_113cd.dir/CMakeCXXCompilerABI.cpp.o
/opt/local/bin/x86_64-w64-mingw32-g++    -v -Wl,-v -o CMakeFiles/cmTC_113cd.dir/CMakeCXXCompilerABI.cpp.o -c /Applications/CLion.app/Contents/bin/cmake/mac/share/cmake-3.16/Modules/CMakeCXXCompilerABI.cpp
Using built-in specs.
COLLECT_GCC=/opt/local/bin/x86_64-w64-mingw32-g++
Target: x86_64-w64-mingw32
Configured with: /opt/local/var/macports/build/_opt_bblocal_var_buildworker_ports_build_ports_cross_x86_64-w64-mingw32-gcc/x86_64-w64-mingw32-gcc/work/gcc-9.3.0/configure --prefix=/opt/local --target=x86_64-w64-mingw32 --infodir=/opt/local/share/info --mandir=/opt/local/share/man --datarootdir=/opt/local/share/x86_64-w64-mingw32-gcc --with-system-zlib --with-gmp=/opt/local --with-mpfr=/opt/local --with-mpc=/opt/local --enable-stage1-checking --disable-multilib --disable-libcc1 --enable-shared --with-dwarf --enable-fully-dynamic-string --enable-libssp --enable-lto --enable-threads=posix --enable-libgomp --enable-languages='c c++ fortran objc obj-c++'
Thread model: posix
gcc version 9.3.0 (GCC) 
COLLECT_GCC_OPTIONS='-v' '-o' 'CMakeFiles/cmTC_113cd.dir/CMakeCXXCompilerABI.cpp.o' '-c' '-shared-libgcc' '-mtune=generic' '-march=x86-64'
 /opt/local/libexec/gcc/x86_64-w64-mingw32/9.3.0/cc1plus -quiet -v -D_REENTRANT /Applications/CLion.app/Contents/bin/cmake/mac/share/cmake-3.16/Modules/CMakeCXXCompilerABI.cpp -quiet -dumpbase CMakeCXXCompilerABI.cpp -mtune=generic -march=x86-64 -auxbase-strip CMakeFiles/cmTC_113cd.dir/CMakeCXXCompilerABI.cpp.o -version -o /var/folders/ct/_z37zh5d5tndh_njq8rq2bpm0000gn/T//cccMyBWG.s
GNU C++14 (GCC) version 9.3.0 (x86_64-w64-mingw32)
	compiled by GNU C version 4.2.1 Compatible Apple LLVM 11.0.3 (clang-1103.0.32.59), GMP version 6.2.0, MPFR version 4.0.2, MPC version 1.1.0, isl version isl-0.24-GMP

warning: GMP header version 6.2.0 differs from library version 6.2.1.
warning: MPFR header version 4.0.2 differs from library version 4.2.0.
warning: MPC header version 1.1.0 differs from library version 1.3.1.
GGC heuristics: --param ggc-min-expand=100 --param ggc-min-heapsize=131072
ignoring nonexistent directory "/opt/local/lib/gcc/x86_64-w64-mingw32/9.3.0/../../../../x86_64-w64-mingw32/sys-include"
#include "..." search starts here:
#include <...> search starts here:
 /opt/local/lib/gcc/x86_64-w64-mingw32/9.3.0/../../../../x86_64-w64-mingw32/include/c++/9.3.0
 /opt/local/lib/gcc/x86_64-w64-mingw32/9.3.0/../../../../x86_64-w64-mingw32/include/c++/9.3.0/x86_64-w64-mingw32
 /opt/local/lib/gcc/x86_64-w64-mingw32/9.3.0/../../../../x86_64-w64-mingw32/include/c++/9.3.0/backward
 /opt/local/lib/gcc/x86_64-w64-mingw32/9.3.0/include
 /opt/local/lib/gcc/x86_64-w64-mingw32/9.3.0/include-fixed
 /opt/local/lib/gcc/x86_64-w64-mingw32/9.3.0/../../../../x86_64-w64-mingw32/include
End of search list.
GNU C++14 (GCC) version 9.3.0 (x86_64-w64-mingw32)
	compiled by GNU C version 4.2.1 Compatible Apple LLVM 11.0.3 (clang-1103.0.32.59), GMP version 6.2.0, MPFR version 4.0.2, MPC version 1.1.0, isl version isl-0.24-GMP

warning: GMP header version 6.2.0 differs from library version 6.2.1.
warning: MPFR header version 4.0.2 differs from library version 4.2.0.
warning: MPC header version 1.1.0 differs from library version 1.3.1.
GGC heuristics: --param ggc-min-expand=100 --param ggc-min-heapsize=131072
Compiler executable checksum: 5695c36c49a2347c31295a4d3c9d5d71
COLLECT_GCC_OPTIONS='-v' '-o' 'CMakeFiles/cmTC_113cd.dir/CMakeCXXCompilerABI.cpp.o' '-c' '-shared-libgcc' '-mtune=generic' '-march=x86-64'
 /opt/local/lib/gcc/x86_64-w64-mingw32/9.3.0/../../../../x86_64-w64-mingw32/bin/as -v -o CMakeFiles/cmTC_113cd.dir/CMakeCXXCompilerABI.cpp.o /var/folders/ct/_z37zh5d5tndh_njq8rq2bpm0000gn/T//cccMyBWG.s
GNU assembler version 2.34 (x86_64-w64-mingw32) using BFD version (GNU Binutils) 2.34
COMPILER_PATH=/opt/local/libexec/gcc/x86_64-w64-mingw32/9.3.0/:/opt/local/libexec/gcc/x86_64-w64-mingw32/9.3.0/:/opt/local/libexec/gcc/x86_64-w64-mingw32/:/opt/local/lib/gcc/x86_64-w64-mingw32/9.3.0/:/opt/local/lib/gcc/x86_64-w64-mingw32/:/opt/local/lib/gcc/x86_64-w64-mingw32/9.3.0/../../../../x86_64-w64-mingw32/bin/
LIBRARY_PATH=/opt/local/lib/gcc/x86_64-w64-mingw32/9.3.0/:/opt/local/lib/gcc/x86_64-w64-mingw32/9.3.0/../../../../x86_64-w64-mingw32/lib/../lib/:/opt/local/lib/gcc/x86_64-w64-mingw32/9.3.0/../../../../x86_64-w64-mingw32/lib/
COLLECT_GCC_OPTIONS='-v' '-o' 'CMakeFiles/cmTC_113cd.dir/CMakeCXXCompilerABI.cpp.o' '-c' '-shared-libgcc' '-mtune=generic' '-march=x86-64'
Linking CXX executable cmTC_113cd
/Applications/CLion.app/Contents/bin/cmake/mac/bin/cmake -E cmake_link_script CMakeFiles/cmTC_113cd.dir/link.txt --verbose=1
/opt/local/bin/x86_64-w64-mingw32-g++    -Wl,-search_paths_first -Wl,-headerpad_max_install_names  -v -Wl,-v CMakeFiles/cmTC_113cd.dir/CMakeCXXCompilerABI.cpp.o  -o cmTC_113cd 
Using built-in specs.
COLLECT_GCC=/opt/local/bin/x86_64-w64-mingw32-g++
COLLECT_LTO_WRAPPER=/opt/local/libexec/gcc/x86_64-w64-mingw32/9.3.0/lto-wrapper
Target: x86_64-w64-mingw32
Configured with: /opt/local/var/macports/build/_opt_bblocal_var_buildworker_ports_build_ports_cross_x86_64-w64-mingw32-gcc/x86_64-w64-mingw32-gcc/work/gcc-9.3.0/configure --prefix=/opt/local --target=x86_64-w64-mingw32 --infodir=/opt/local/share/info --mandir=/opt/local/share/man --datarootdir=/opt/local/share/x86_64-w64-mingw32-gcc --with-system-zlib --with-gmp=/opt/local --with-mpfr=/opt/local --with-mpc=/opt/local --enable-stage1-checking --disable-multilib --disable-libcc1 --enable-shared --with-dwarf --enable-fully-dynamic-string --enable-libssp --enable-lto --enable-threads=posix --enable-libgomp --enable-languages='c c++ fortran objc obj-c++'
Thread model: posix
gcc version 9.3.0 (GCC) 
COMPILER_PATH=/opt/local/libexec/gcc/x86_64-w64-mingw32/9.3.0/:/opt/local/libexec/gcc/x86_64-w64-mingw32/9.3.0/:/opt/local/libexec/gcc/x86_64-w64-mingw32/:/opt/local/lib/gcc/x86_64-w64-mingw32/9.3.0/:/opt/local/lib/gcc/x86_64-w64-mingw32/:/opt/local/lib/gcc/x86_64-w64-mingw32/9.3.0/../../../../x86_64-w64-mingw32/bin/
LIBRARY_PATH=/opt/local/lib/gcc/x86_64-w64-mingw32/9.3.0/:/opt/local/lib/gcc/x86_64-w64-mingw32/9.3.0/../../../../x86_64-w64-mingw32/lib/../lib/:/opt/local/lib/gcc/x86_64-w64-mingw32/9.3.0/../../../../x86_64-w64-mingw32/lib/
COLLECT_GCC_OPTIONS='-v' '-o' 'cmTC_113cd.exe' '-shared-libgcc' '-mtune=generic' '-march=x86-64'
 /opt/local/libexec/gcc/x86_64-w64-mingw32/9.3.0/collect2 -plugin /opt/local/libexec/gcc/x86_64-w64-mingw32/9.3.0/liblto_plugin.so -plugin-opt=/opt/local/libexec/gcc/x86_64-w64-mingw32/9.3.0/lto-wrapper -plugin-opt=-fresolution=/var/folders/ct/_z37zh5d5tndh_njq8rq2bpm0000gn/T//ccTVsol3.res -plugin-opt=-pass-through=-lmingw32 -plugin-opt=-pass-through=-lgcc_s -plugin-opt=-pass-through=-lgcc -plugin-opt=-pass-through=-lmoldname -plugin-opt=-pass-through=-lmingwex -plugin-opt=-pass-through=-lmsvcrt -plugin-opt=-pass-through=-lpthread -plugin-opt=-pass-through=-ladvapi32 -plugin-opt=-pass-through=-lshell32 -plugin-opt=-pass-through=-luser32 -plugin-opt=-pass-through=-lkernel32 -plugin-opt=-pass-through=-lmingw32 -plugin-opt=-pass-through=-lgcc_s -plugin-opt=-pass-through=-lgcc -plugin-opt=-pass-through=-lmoldname -plugin-opt=-pass-through=-lmingwex -plugin-opt=-pass-through=-lmsvcrt -m i386pep -Bdynamic -o cmTC_113cd.exe /opt/local/lib/gcc/x86_64-w64-mingw32/9.3.0/../../../../x86_64-w64-mingw32/lib/../lib/crt2.o /opt/local/lib/gcc/x86_64-w64-mingw32/9.3.0/crtbegin.o -L/opt/local/lib/gcc/x86_64-w64-mingw32/9.3.0 -L/opt/local/lib/gcc/x86_64-w64-mingw32/9.3.0/../../../../x86_64-w64-mingw32/lib/../lib -L/opt/local/lib/gcc/x86_64-w64-mingw32/9.3.0/../../../../x86_64-w64-mingw32/lib -search_paths_first -headerpad_max_install_names -v CMakeFiles/cmTC_113cd.dir/CMakeCXXCompilerABI.cpp.o -lstdc++ -lmingw32 -lgcc_s -lgcc -lmoldname -lmingwex -lmsvcrt -lpthread -ladvapi32 -lshell32 -luser32 -lkernel32 -lmingw32 -lgcc_s -lgcc -lmoldname -lmingwex -lmsvcrt /opt/local/lib/gcc/x86_64-w64-mingw32/9.3.0/crtend.o
collect2 version 9.3.0
/opt/local/lib/gcc/x86_64-w64-mingw32/9.3.0/../../../../x86_64-w64-mingw32/bin/ld -plugin /opt/local/libexec/gcc/x86_64-w64-mingw32/9.3.0/liblto_plugin.so -plugin-opt=/opt/local/libexec/gcc/x86_64-w64-mingw32/9.3.0/lto-wrapper -plugin-opt=-fresolution=/var/folders/ct/_z37zh5d5tndh_njq8rq2bpm0000gn/T//ccTVsol3.res -plugin-opt=-pass-through=-lmingw32 -plugin-opt=-pass-through=-lgcc_s -plugin-opt=-pass-through=-lgcc -plugin-opt=-pass-through=-lmoldname -plugin-opt=-pass-through=-lmingwex -plugin-opt=-pass-through=-lmsvcrt -plugin-opt=-pass-through=-lpthread -plugin-opt=-pass-through=-ladvapi32 -plugin-opt=-pass-through=-lshell32 -plugin-opt=-pass-through=-luser32 -plugin-opt=-pass-through=-lkernel32 -plugin-opt=-pass-through=-lmingw32 -plugin-opt=-pass-through=-lgcc_s -plugin-opt=-pass-through=-lgcc -plugin-opt=-pass-through=-lmoldname -plugin-opt=-pass-through=-lmingwex -plugin-opt=-pass-through=-lmsvcrt -m i386pep -Bdynamic -o cmTC_113cd.exe /opt/local/lib/gcc/x86_64-w64-mingw32/9.3.0/../../../../x86_64-w64-mingw32/lib/../lib/crt2.o /opt/local/lib/gcc/x86_64-w64-mingw32/9.3.0/crtbegin.o -L/opt/local/lib/gcc/x86_64-w64-mingw32/9.3.0 -L/opt/local/lib/gcc/x86_64-w64-mingw32/9.3.0/../../../../x86_64-w64-mingw32/lib/../lib -L/opt/local/lib/gcc/x86_64-w64-mingw32/9.3.0/../../../../x86_64-w64-mingw32/lib -search_paths_first -headerpad_max_install_names -v CMakeFiles/cmTC_113cd.dir/CMakeCXXCompilerABI.cpp.o -lstdc++ -lmingw32 -lgcc_s -lgcc -lmoldname -lmingwex -lmsvcrt -lpthread -ladvapi32 -lshell32 -luser32 -lkernel32 -lmingw32 -lgcc_s -lgcc -lmoldname -lmingwex -lmsvcrt /opt/local/lib/gcc/x86_64-w64-mingw32/9.3.0/crtend.o
GNU ld (GNU Binutils) 2.34/opt/local/lib/gcc/x86_64-w64-mingw32/9.3.0/../../../../x86_64-w64-mingw32/bin/ld: warning: cannot find entry symbol arch_paths_first; defaulting to 0000000000401000

COLLECT_GCC_OPTIONS='-v' '-o' 'cmTC_113cd.exe' '-shared-libgcc' '-mtune=generic' '-march=x86-64'


Cannot copy output executable
  ''
to destination specified by COPY_FILE:
  '/Volumes/EXPORT/local/works/doublegsoft.net/gim/03.Development/gim/cmake-build-debug/CMakeFiles/3.16.5/CMakeDetermineCompilerABI_CXX.bin'
Unable to find the executable at any of:
  /Volumes/EXPORT/local/works/doublegsoft.net/gim/03.Development/gim/cmake-build-debug/CMakeFiles/CMakeTmp/cmTC_113cd
  /Volumes/EXPORT/local/works/doublegsoft.net/gim/03.Development/gim/cmake-build-debug/CMakeFiles/CMakeTmp/Debug/cmTC_113cd
  /Volumes/EXPORT/local/works/doublegsoft.net/gim/03.Development/gim/cmake-build-debug/CMakeFiles/CMakeTmp/Debug/cmTC_113cd.app/cmTC_113cd
  /Volumes/EXPORT/local/works/doublegsoft.net/gim/03.Development/gim/cmake-build-debug/CMakeFiles/CMakeTmp/cmTC_113cd.app/cmTC_113cd
  /Volumes/EXPORT/local/works/doublegsoft.net/gim/03.Development/gim/cmake-build-debug/CMakeFiles/CMakeTmp/Development/cmTC_113cd


